2024-12-23 15:52:22,631 - INFO - ====== WebDriver manager ======
2024-12-23 15:52:23,601 - INFO - Get LATEST chromedriver version for google-chrome
2024-12-23 15:52:23,995 - INFO - Get LATEST chromedriver version for google-chrome
2024-12-23 15:52:24,349 - INFO - Driver [C:\Users\ASUS\.wdm\drivers\chromedriver\win64\131.0.6778.204\chromedriver-win32/chromedriver.exe] found in cache
2024-12-23 16:00:22,800 - INFO - ====== WebDriver manager ======
2024-12-23 16:00:23,738 - INFO - Get LATEST chromedriver version for google-chrome
2024-12-23 16:00:24,201 - INFO - Get LATEST chromedriver version for google-chrome
2024-12-23 16:00:24,557 - INFO - Driver [C:\Users\ASUS\.wdm\drivers\chromedriver\win64\131.0.6778.204\chromedriver-win32/chromedriver.exe] found in cache
2024-12-23 16:06:12,896 - INFO - ====== WebDriver manager ======
2024-12-23 16:06:13,817 - INFO - Get LATEST chromedriver version for google-chrome
2024-12-23 16:06:14,220 - INFO - Get LATEST chromedriver version for google-chrome
2024-12-23 16:06:14,572 - INFO - Driver [C:\Users\ASUS\.wdm\drivers\chromedriver\win64\131.0.6778.204\chromedriver-win32/chromedriver.exe] found in cache
2024-12-23 16:34:51,009 - INFO - ====== WebDriver manager ======
2024-12-23 16:34:51,896 - INFO - Get LATEST chromedriver version for google-chrome
2024-12-23 16:34:52,250 - INFO - Get LATEST chromedriver version for google-chrome
2024-12-23 16:34:52,602 - INFO - Driver [C:\Users\ASUS\.wdm\drivers\chromedriver\win64\131.0.6778.204\chromedriver-win32/chromedriver.exe] found in cache
2024-12-23 16:36:24,139 - INFO - Son sayfaya ulaþýldý
2024-12-23 16:54:47,299 - INFO - ====== WebDriver manager ======
2024-12-23 16:54:48,254 - INFO - Get LATEST chromedriver version for google-chrome
2024-12-23 16:54:48,609 - INFO - Get LATEST chromedriver version for google-chrome
2024-12-23 16:54:48,964 - INFO - Driver [C:\Users\ASUS\.wdm\drivers\chromedriver\win64\131.0.6778.204\chromedriver-win32/chromedriver.exe] found in cache
2024-12-23 16:54:55,258 - INFO - Son sayfaya ulaþýldý
2024-12-23 16:55:05,866 - INFO - ====== WebDriver manager ======
2024-12-23 16:55:06,713 - INFO - Get LATEST chromedriver version for google-chrome
2024-12-23 16:55:07,110 - INFO - Get LATEST chromedriver version for google-chrome
2024-12-23 16:55:07,457 - INFO - Driver [C:\Users\ASUS\.wdm\drivers\chromedriver\win64\131.0.6778.204\chromedriver-win32/chromedriver.exe] found in cache
2024-12-23 16:55:13,653 - INFO - Son sayfaya ulaþýldý
2024-12-23 17:00:18,373 - INFO - ====== WebDriver manager ======
2024-12-23 17:00:19,328 - INFO - Get LATEST chromedriver version for google-chrome
2024-12-23 17:00:19,688 - INFO - Get LATEST chromedriver version for google-chrome
2024-12-23 17:00:20,069 - INFO - Driver [C:\Users\ASUS\.wdm\drivers\chromedriver\win64\131.0.6778.204\chromedriver-win32/chromedriver.exe] found in cache
2024-12-23 17:00:24,965 - WARNING - Ürün listesi bulunamadý
2024-12-23 17:00:38,466 - INFO - ====== WebDriver manager ======
2024-12-23 17:00:39,310 - INFO - Get LATEST chromedriver version for google-chrome
2024-12-23 17:00:39,701 - INFO - Get LATEST chromedriver version for google-chrome
2024-12-23 17:00:40,043 - INFO - Driver [C:\Users\ASUS\.wdm\drivers\chromedriver\win64\131.0.6778.204\chromedriver-win32/chromedriver.exe] found in cache
2024-12-23 17:00:46,228 - INFO - Son sayfaya ulaþýldý
2025-02-25 23:21:00,076 - INFO - ====== WebDriver manager ======
2025-02-25 23:21:03,093 - INFO - Get LATEST chromedriver version for google-chrome
2025-02-25 23:21:03,369 - INFO - Get LATEST chromedriver version for google-chrome
2025-02-25 23:21:03,564 - INFO - There is no [win64] chromedriver "133.0.6943.141" for browser google-chrome "133.0.6943" in cache
2025-02-25 23:21:03,564 - INFO - Get LATEST chromedriver version for google-chrome
2025-02-25 23:21:04,093 - INFO - WebDriver version 133.0.6943.141 selected
2025-02-25 23:21:04,110 - INFO - Modern chrome version https://storage.googleapis.com/chrome-for-testing-public/133.0.6943.141/win32/chromedriver-win32.zip
2025-02-25 23:21:04,110 - INFO - About to download new driver from https://storage.googleapis.com/chrome-for-testing-public/133.0.6943.141/win32/chromedriver-win32.zip
2025-02-25 23:21:04,315 - INFO - Driver downloading response is 200
2025-02-25 23:21:12,968 - INFO - Get LATEST chromedriver version for google-chrome
2025-02-25 23:21:13,955 - INFO - Driver has been saved in cache [C:\Users\ASUS\.wdm\drivers\chromedriver\win64\133.0.6943.141]
