2025-03-05 00:14:15 - __main__ - INFO - Teknosa outlet taramasi baslatiliyor...
2025-03-05 00:14:15 - WDM - INFO - ====== WebDriver manager ======
2025-03-05 00:14:16 - WDM - INFO - Get LATEST chromedriver version for google-chrome
2025-03-05 00:14:16 - WDM - INFO - Get LATEST chromedriver version for google-chrome
2025-03-05 00:14:16 - WDM - INFO - Get LATEST chromedriver version for google-chrome
2025-03-05 00:14:17 - WDM - INFO - WebDriver version 133.0.6943.141 selected
2025-03-05 00:14:17 - WDM - INFO - Modern chrome version https://storage.googleapis.com/chrome-for-testing-public/133.0.6943.141/win32/chromedriver-win32.zip
2025-03-05 00:14:17 - WDM - INFO - About to download new driver from https://storage.googleapis.com/chrome-for-testing-public/133.0.6943.141/win32/chromedriver-win32.zip
2025-03-05 00:14:17 - WDM - INFO - Driver downloading response is 200
2025-03-05 00:14:20 - WDM - INFO - Get LATEST chromedriver version for google-chrome
2025-03-05 00:14:21 - WDM - INFO - Driver has been saved in cache [C:\Users\ASUS\.wdm\drivers\chromedriver\win64\133.0.6943.141]
2025-03-05 00:14:31 - __main__ - INFO - 20 adet urun bulundu.
2025-03-05 00:14:31 - __main__ - INFO - Islenen urun ID: 800203057
2025-03-05 00:14:31 - __main__ - INFO - Ürün: HAVIT PJ205 PRO PRIME QUARTZ SMART PROJEKSIYON CIHAZI - HOPARLÖR - 1080P ANDROID TV 9.0 ( OUTLET ), Ýndirim: %25.0, Sifir Fiyati: 7999.0, Outlet Fiyati: 5999.25
2025-03-05 00:14:31 - root - INFO - Yeni ürün kaydedildi: HAVIT PJ205 PRO PRIME QUARTZ SMART PROJEKSIYON CIHAZI - HOPARLÖR - 1080P ANDROID TV 9.0 ( OUTLET )
2025-03-05 00:14:31 - root - WARNING - Gecerli Telegram bot token ve chat ID ayarlanmamis. Bildirim gonderilemiyor.
2025-03-05 00:14:31 - __main__ - INFO - Islenen urun ID: 800203059
2025-03-05 00:14:31 - __main__ - INFO - Ürün: PHILIPS TAB6405 Gümüþ Dolby Audio 2.1 Kanal 140W ( OUTLET ), Ýndirim: %30.0, Sifir Fiyati: 13999.0, Outlet Fiyati: 9799.3
2025-03-05 00:14:31 - root - INFO - Yeni ürün kaydedildi: PHILIPS TAB6405 Gümüþ Dolby Audio 2.1 Kanal 140W ( OUTLET )
2025-03-05 00:14:31 - root - WARNING - Gecerli Telegram bot token ve chat ID ayarlanmamis. Bildirim gonderilemiyor.
2025-03-05 00:14:31 - __main__ - INFO - Islenen urun ID: 800203145
2025-03-05 00:14:31 - __main__ - INFO - Ürün: APPLE MX0E2ZM/A iPhone 11 Pro Max Deri kýlýf - Siyah ( OUTLET ), Ýndirim: %40.0, Sifir Fiyati: 419.0, Outlet Fiyati: 251.4
2025-03-05 00:14:31 - root - INFO - Yeni ürün kaydedildi: APPLE MX0E2ZM/A iPhone 11 Pro Max Deri kýlýf - Siyah ( OUTLET )
2025-03-05 00:14:31 - root - WARNING - Gecerli Telegram bot token ve chat ID ayarlanmamis. Bildirim gonderilemiyor.
2025-03-05 00:14:31 - __main__ - INFO - Islenen urun ID: 800203147
2025-03-05 00:14:32 - __main__ - INFO - Ürün: APPLE MX0E2ZM/A iPhone 11 Pro Max Deri kýlýf - Siyah ( OUTLET ), Ýndirim: %40.0, Sifir Fiyati: 419.0, Outlet Fiyati: 251.4
2025-03-05 00:14:32 - root - INFO - Yeni ürün kaydedildi: APPLE MX0E2ZM/A iPhone 11 Pro Max Deri kýlýf - Siyah ( OUTLET )
2025-03-05 00:14:32 - root - WARNING - Gecerli Telegram bot token ve chat ID ayarlanmamis. Bildirim gonderilemiyor.
2025-03-05 00:14:32 - __main__ - INFO - Islenen urun ID: 800203149
2025-03-05 00:14:32 - __main__ - INFO - Ürün: APPLE MX0E2ZM/A iPhone 11 Pro Max Deri kýlýf - Siyah ( OUTLET ), Ýndirim: %40.0, Sifir Fiyati: 419.0, Outlet Fiyati: 251.4
2025-03-05 00:14:32 - root - INFO - Yeni ürün kaydedildi: APPLE MX0E2ZM/A iPhone 11 Pro Max Deri kýlýf - Siyah ( OUTLET )
2025-03-05 00:14:32 - root - WARNING - Gecerli Telegram bot token ve chat ID ayarlanmamis. Bildirim gonderilemiyor.
2025-03-05 00:14:32 - __main__ - INFO - Islenen urun ID: 800203151
2025-03-05 00:14:32 - __main__ - INFO - Ürün: APPLE MX0E2ZM/A iPhone 11 Pro Max Deri kýlýf - Siyah ( OUTLET ), Ýndirim: %40.0, Sifir Fiyati: 419.0, Outlet Fiyati: 251.4
2025-03-05 00:14:32 - root - INFO - Yeni ürün kaydedildi: APPLE MX0E2ZM/A iPhone 11 Pro Max Deri kýlýf - Siyah ( OUTLET )
2025-03-05 00:14:32 - root - WARNING - Gecerli Telegram bot token ve chat ID ayarlanmamis. Bildirim gonderilemiyor.
2025-03-05 00:14:32 - __main__ - INFO - Islenen urun ID: 800203159
2025-03-05 00:14:32 - __main__ - INFO - Ürün: Samsung Frame VG-SCFA55TKBRU Teak 55" Çerçeve ( OUTLET ), Ýndirim: %30.0, Sifir Fiyati: 799.0, Outlet Fiyati: 559.3
2025-03-05 00:14:32 - root - INFO - Yeni ürün kaydedildi: Samsung Frame VG-SCFA55TKBRU Teak 55" Çerçeve ( OUTLET )
2025-03-05 00:14:32 - root - WARNING - Gecerli Telegram bot token ve chat ID ayarlanmamis. Bildirim gonderilemiyor.
2025-03-05 00:14:32 - __main__ - INFO - Islenen urun ID: 800203163
2025-03-05 00:14:32 - __main__ - INFO - Ürün: JBL GO ESSENTIAL, BLUETOOTH HOPARLÖR, IPX7, SIYAH ( OUTLET ), Ýndirim: %30.0, Sifir Fiyati: 1789.0, Outlet Fiyati: 1252.3
2025-03-05 00:14:32 - root - INFO - Yeni ürün kaydedildi: JBL GO ESSENTIAL, BLUETOOTH HOPARLÖR, IPX7, SIYAH ( OUTLET )
2025-03-05 00:14:32 - root - WARNING - Gecerli Telegram bot token ve chat ID ayarlanmamis. Bildirim gonderilemiyor.
2025-03-05 00:14:32 - __main__ - INFO - Islenen urun ID: 800203171
2025-03-05 00:14:32 - __main__ - INFO - Ürün: JBL WAVE FLEX, KABLOSUZ KULAKIÇI KULAKLIK, MAVI ( OUTLET ), Ýndirim: %30.0, Sifir Fiyati: 3189.0, Outlet Fiyati: 2232.3
2025-03-05 00:14:32 - root - INFO - Yeni ürün kaydedildi: JBL WAVE FLEX, KABLOSUZ KULAKIÇI KULAKLIK, MAVI ( OUTLET )
2025-03-05 00:14:32 - root - WARNING - Gecerli Telegram bot token ve chat ID ayarlanmamis. Bildirim gonderilemiyor.
2025-03-05 00:14:32 - __main__ - INFO - Islenen urun ID: 800203303
2025-03-05 00:14:32 - __main__ - INFO - Ürün: APPLE MWYK2ZM/A iPhone 11 Pro Þeffaf kýlýf ( OUTLET ), Ýndirim: %40.0, Sifir Fiyati: 419.0, Outlet Fiyati: 251.4
2025-03-05 00:14:32 - root - INFO - Yeni ürün kaydedildi: APPLE MWYK2ZM/A iPhone 11 Pro Þeffaf kýlýf ( OUTLET )
2025-03-05 00:14:32 - root - WARNING - Gecerli Telegram bot token ve chat ID ayarlanmamis. Bildirim gonderilemiyor.
2025-03-05 00:14:32 - __main__ - INFO - Islenen urun ID: 800203305
2025-03-05 00:14:32 - __main__ - INFO - Ürün: APPLE MWYK2ZM/A iPhone 11 Pro Þeffaf kýlýf ( OUTLET ), Ýndirim: %40.0, Sifir Fiyati: 419.0, Outlet Fiyati: 251.4
2025-03-05 00:14:32 - root - INFO - Yeni ürün kaydedildi: APPLE MWYK2ZM/A iPhone 11 Pro Þeffaf kýlýf ( OUTLET )
2025-03-05 00:14:32 - root - WARNING - Gecerli Telegram bot token ve chat ID ayarlanmamis. Bildirim gonderilemiyor.
2025-03-05 00:14:32 - __main__ - INFO - Islenen urun ID: 800203307
2025-03-05 00:14:32 - __main__ - INFO - Ürün: APPLE MWYK2ZM/A iPhone 11 Pro Þeffaf kýlýf ( OUTLET ), Ýndirim: %40.0, Sifir Fiyati: 419.0, Outlet Fiyati: 251.4
2025-03-05 00:14:32 - root - INFO - Yeni ürün kaydedildi: APPLE MWYK2ZM/A iPhone 11 Pro Þeffaf kýlýf ( OUTLET )
2025-03-05 00:14:32 - root - WARNING - Gecerli Telegram bot token ve chat ID ayarlanmamis. Bildirim gonderilemiyor.
2025-03-05 00:14:32 - __main__ - INFO - Islenen urun ID: 800203309
2025-03-05 00:14:32 - __main__ - INFO - Ürün: APPLE MWYK2ZM/A iPhone 11 Pro Þeffaf kýlýf ( OUTLET ), Ýndirim: %40.0, Sifir Fiyati: 419.0, Outlet Fiyati: 251.4
2025-03-05 00:14:32 - root - INFO - Yeni ürün kaydedildi: APPLE MWYK2ZM/A iPhone 11 Pro Þeffaf kýlýf ( OUTLET )
2025-03-05 00:14:32 - root - WARNING - Gecerli Telegram bot token ve chat ID ayarlanmamis. Bildirim gonderilemiyor.
2025-03-05 00:14:32 - __main__ - INFO - Islenen urun ID: 800203311
2025-03-05 00:14:32 - __main__ - INFO - Ürün: APPLE MWYK2ZM/A iPhone 11 Pro Þeffaf kýlýf ( OUTLET ), Ýndirim: %40.0, Sifir Fiyati: 419.0, Outlet Fiyati: 251.4
2025-03-05 00:14:32 - root - INFO - Yeni ürün kaydedildi: APPLE MWYK2ZM/A iPhone 11 Pro Þeffaf kýlýf ( OUTLET )
2025-03-05 00:14:32 - root - WARNING - Gecerli Telegram bot token ve chat ID ayarlanmamis. Bildirim gonderilemiyor.
2025-03-05 00:14:32 - __main__ - INFO - Islenen urun ID: 800203313
2025-03-05 00:14:32 - __main__ - INFO - Ürün: APPLE MWYK2ZM/A iPhone 11 Pro Þeffaf kýlýf ( OUTLET ), Ýndirim: %40.0, Sifir Fiyati: 419.0, Outlet Fiyati: 251.4
2025-03-05 00:14:32 - root - INFO - Yeni ürün kaydedildi: APPLE MWYK2ZM/A iPhone 11 Pro Þeffaf kýlýf ( OUTLET )
2025-03-05 00:14:32 - root - WARNING - Gecerli Telegram bot token ve chat ID ayarlanmamis. Bildirim gonderilemiyor.
2025-03-05 00:14:32 - __main__ - INFO - Islenen urun ID: 800203315
2025-03-05 00:14:33 - __main__ - INFO - Ürün: APPLE MWYK2ZM/A iPhone 11 Pro Þeffaf kýlýf ( OUTLET ), Ýndirim: %40.0, Sifir Fiyati: 419.0, Outlet Fiyati: 251.4
2025-03-05 00:14:33 - root - INFO - Yeni ürün kaydedildi: APPLE MWYK2ZM/A iPhone 11 Pro Þeffaf kýlýf ( OUTLET )
2025-03-05 00:14:33 - root - WARNING - Gecerli Telegram bot token ve chat ID ayarlanmamis. Bildirim gonderilemiyor.
2025-03-05 00:14:33 - __main__ - INFO - Islenen urun ID: 800203317
2025-03-05 00:14:33 - __main__ - INFO - Ürün: APPLE MWYK2ZM/A iPhone 11 Pro Þeffaf kýlýf ( OUTLET ), Ýndirim: %40.0, Sifir Fiyati: 419.0, Outlet Fiyati: 251.4
2025-03-05 00:14:33 - root - INFO - Yeni ürün kaydedildi: APPLE MWYK2ZM/A iPhone 11 Pro Þeffaf kýlýf ( OUTLET )
2025-03-05 00:14:33 - root - WARNING - Gecerli Telegram bot token ve chat ID ayarlanmamis. Bildirim gonderilemiyor.
2025-03-05 00:14:33 - __main__ - INFO - Islenen urun ID: 800203319
2025-03-05 00:14:33 - __main__ - INFO - Ürün: APPLE MWYK2ZM/A iPhone 11 Pro Þeffaf kýlýf ( OUTLET ), Ýndirim: %40.0, Sifir Fiyati: 419.0, Outlet Fiyati: 251.4
2025-03-05 00:14:33 - root - INFO - Yeni ürün kaydedildi: APPLE MWYK2ZM/A iPhone 11 Pro Þeffaf kýlýf ( OUTLET )
2025-03-05 00:14:33 - root - WARNING - Gecerli Telegram bot token ve chat ID ayarlanmamis. Bildirim gonderilemiyor.
2025-03-05 00:14:33 - __main__ - INFO - Islenen urun ID: 800203321
2025-03-05 00:14:33 - __main__ - INFO - Ürün: APPLE MWYK2ZM/A iPhone 11 Pro Þeffaf kýlýf ( OUTLET ), Ýndirim: %40.0, Sifir Fiyati: 419.0, Outlet Fiyati: 251.4
2025-03-05 00:14:33 - root - INFO - Yeni ürün kaydedildi: APPLE MWYK2ZM/A iPhone 11 Pro Þeffaf kýlýf ( OUTLET )
2025-03-05 00:14:33 - root - WARNING - Gecerli Telegram bot token ve chat ID ayarlanmamis. Bildirim gonderilemiyor.
2025-03-05 00:14:33 - __main__ - INFO - Islenen urun ID: 800203323
2025-03-05 00:14:33 - __main__ - INFO - Ürün: APPLE MWYK2ZM/A iPhone 11 Pro Þeffaf kýlýf ( OUTLET ), Ýndirim: %40.0, Sifir Fiyati: 419.0, Outlet Fiyati: 251.4
2025-03-05 00:14:33 - root - INFO - Yeni ürün kaydedildi: APPLE MWYK2ZM/A iPhone 11 Pro Þeffaf kýlýf ( OUTLET )
2025-03-05 00:14:33 - root - WARNING - Gecerli Telegram bot token ve chat ID ayarlanmamis. Bildirim gonderilemiyor.
2025-03-05 00:14:33 - __main__ - INFO - Toplam 20 urun islendi. 0 urun %25+ indirimli olarak bildirildi.
2025-03-05 00:18:11 - __main__ - INFO - Teknosa outlet taramasi baslatiliyor...
2025-03-05 00:18:11 - WDM - INFO - ====== WebDriver manager ======
2025-03-05 00:18:11 - WDM - INFO - Get LATEST chromedriver version for google-chrome
2025-03-05 00:18:12 - WDM - INFO - Get LATEST chromedriver version for google-chrome
2025-03-05 00:18:12 - WDM - INFO - Driver [C:\Users\ASUS\.wdm\drivers\chromedriver\win64\133.0.6943.141\chromedriver-win32/chromedriver.exe] found in cache
2025-03-05 00:18:22 - __main__ - INFO - 20 adet urun bulundu.
2025-03-05 00:18:22 - __main__ - INFO - Islenen urun ID: 800203057
2025-03-05 00:18:22 - __main__ - INFO - Urun: HAVIT PJ205 PRO PRIME QUARTZ SMART PROJEKSIYON CIHAZI - HOPARLÖR - 1080P ANDROID TV 9.0 ( OUTLET ), Ýndirim: %25.0, Sifir Fiyati: 7999.0, Outlet Fiyati: 5999.25
2025-03-05 00:18:22 - root - INFO - Telegram API URL: https://api.telegram.org/bot7695646239:AAGX5Tb3rabk6W0ZHahBrI1qO__k_g0S-vA/sendMessage
2025-03-05 00:18:22 - root - INFO - Chat ID: -1002277496773
2025-03-05 00:18:22 - root - INFO - Telegram bildirimi gonderildi: HAVIT PJ205 PRO PRIME QUARTZ SMART PROJEKSIYON CIHAZI - HOPARLÖR - 1080P ANDROID TV 9.0 ( OUTLET )
2025-03-05 00:18:22 - __main__ - INFO - Islenen urun ID: 800203059
2025-03-05 00:18:22 - __main__ - INFO - Urun: PHILIPS TAB6405 Gümüþ Dolby Audio 2.1 Kanal 140W ( OUTLET ), Ýndirim: %30.0, Sifir Fiyati: 13999.0, Outlet Fiyati: 9799.3
2025-03-05 00:18:22 - root - INFO - Telegram API URL: https://api.telegram.org/bot7695646239:AAGX5Tb3rabk6W0ZHahBrI1qO__k_g0S-vA/sendMessage
2025-03-05 00:18:22 - root - INFO - Chat ID: -1002277496773
2025-03-05 00:18:22 - root - INFO - Telegram bildirimi gonderildi: PHILIPS TAB6405 Gümüþ Dolby Audio 2.1 Kanal 140W ( OUTLET )
2025-03-05 00:18:22 - __main__ - INFO - Islenen urun ID: 800203145
2025-03-05 00:18:23 - __main__ - INFO - Urun: APPLE MX0E2ZM/A iPhone 11 Pro Max Deri kýlýf - Siyah ( OUTLET ), Ýndirim: %40.0, Sifir Fiyati: 419.0, Outlet Fiyati: 251.4
2025-03-05 00:18:23 - root - INFO - Telegram API URL: https://api.telegram.org/bot7695646239:AAGX5Tb3rabk6W0ZHahBrI1qO__k_g0S-vA/sendMessage
2025-03-05 00:18:23 - root - INFO - Chat ID: -1002277496773
2025-03-05 00:18:23 - root - INFO - Telegram bildirimi gonderildi: APPLE MX0E2ZM/A iPhone 11 Pro Max Deri kýlýf - Siyah ( OUTLET )
2025-03-05 00:18:23 - __main__ - INFO - Islenen urun ID: 800203147
2025-03-05 00:18:23 - __main__ - INFO - Urun: APPLE MX0E2ZM/A iPhone 11 Pro Max Deri kýlýf - Siyah ( OUTLET ), Ýndirim: %40.0, Sifir Fiyati: 419.0, Outlet Fiyati: 251.4
2025-03-05 00:18:23 - root - INFO - Telegram API URL: https://api.telegram.org/bot7695646239:AAGX5Tb3rabk6W0ZHahBrI1qO__k_g0S-vA/sendMessage
2025-03-05 00:18:23 - root - INFO - Chat ID: -1002277496773
2025-03-05 00:18:23 - root - INFO - Telegram bildirimi gonderildi: APPLE MX0E2ZM/A iPhone 11 Pro Max Deri kýlýf - Siyah ( OUTLET )
2025-03-05 00:18:23 - __main__ - INFO - Islenen urun ID: 800203149
2025-03-05 00:18:23 - __main__ - INFO - Urun: APPLE MX0E2ZM/A iPhone 11 Pro Max Deri kýlýf - Siyah ( OUTLET ), Ýndirim: %40.0, Sifir Fiyati: 419.0, Outlet Fiyati: 251.4
2025-03-05 00:18:23 - root - INFO - Telegram API URL: https://api.telegram.org/bot7695646239:AAGX5Tb3rabk6W0ZHahBrI1qO__k_g0S-vA/sendMessage
2025-03-05 00:18:23 - root - INFO - Chat ID: -1002277496773
2025-03-05 00:18:24 - root - INFO - Telegram bildirimi gonderildi: APPLE MX0E2ZM/A iPhone 11 Pro Max Deri kýlýf - Siyah ( OUTLET )
2025-03-05 00:18:24 - __main__ - INFO - Islenen urun ID: 800203151
2025-03-05 00:18:24 - __main__ - INFO - Urun: APPLE MX0E2ZM/A iPhone 11 Pro Max Deri kýlýf - Siyah ( OUTLET ), Ýndirim: %40.0, Sifir Fiyati: 419.0, Outlet Fiyati: 251.4
2025-03-05 00:18:24 - root - INFO - Telegram API URL: https://api.telegram.org/bot7695646239:AAGX5Tb3rabk6W0ZHahBrI1qO__k_g0S-vA/sendMessage
2025-03-05 00:18:24 - root - INFO - Chat ID: -1002277496773
2025-03-05 00:18:27 - root - INFO - Telegram bildirimi gonderildi: APPLE MX0E2ZM/A iPhone 11 Pro Max Deri kýlýf - Siyah ( OUTLET )
2025-03-05 00:18:27 - __main__ - INFO - Islenen urun ID: 800203159
2025-03-05 00:18:27 - __main__ - INFO - Urun: Samsung Frame VG-SCFA55TKBRU Teak 55" Çerçeve ( OUTLET ), Ýndirim: %30.0, Sifir Fiyati: 799.0, Outlet Fiyati: 559.3
2025-03-05 00:18:27 - root - INFO - Telegram API URL: https://api.telegram.org/bot7695646239:AAGX5Tb3rabk6W0ZHahBrI1qO__k_g0S-vA/sendMessage
2025-03-05 00:18:27 - root - INFO - Chat ID: -1002277496773
2025-03-05 00:18:28 - root - INFO - Telegram bildirimi gonderildi: Samsung Frame VG-SCFA55TKBRU Teak 55" Çerçeve ( OUTLET )
2025-03-05 00:18:28 - __main__ - INFO - Islenen urun ID: 800203163
2025-03-05 00:18:28 - __main__ - INFO - Urun: JBL GO ESSENTIAL, BLUETOOTH HOPARLÖR, IPX7, SIYAH ( OUTLET ), Ýndirim: %30.0, Sifir Fiyati: 1789.0, Outlet Fiyati: 1252.3
2025-03-05 00:18:28 - root - INFO - Telegram API URL: https://api.telegram.org/bot7695646239:AAGX5Tb3rabk6W0ZHahBrI1qO__k_g0S-vA/sendMessage
2025-03-05 00:18:28 - root - INFO - Chat ID: -1002277496773
2025-03-05 00:18:28 - root - INFO - Telegram bildirimi gonderildi: JBL GO ESSENTIAL, BLUETOOTH HOPARLÖR, IPX7, SIYAH ( OUTLET )
2025-03-05 00:18:28 - __main__ - INFO - Islenen urun ID: 800203171
2025-03-05 00:18:28 - __main__ - INFO - Urun: JBL WAVE FLEX, KABLOSUZ KULAKIÇI KULAKLIK, MAVI ( OUTLET ), Ýndirim: %30.0, Sifir Fiyati: 3189.0, Outlet Fiyati: 2232.3
2025-03-05 00:18:28 - root - INFO - Telegram API URL: https://api.telegram.org/bot7695646239:AAGX5Tb3rabk6W0ZHahBrI1qO__k_g0S-vA/sendMessage
2025-03-05 00:18:28 - root - INFO - Chat ID: -1002277496773
2025-03-05 00:18:28 - root - INFO - Telegram bildirimi gonderildi: JBL WAVE FLEX, KABLOSUZ KULAKIÇI KULAKLIK, MAVI ( OUTLET )
2025-03-05 00:18:28 - __main__ - INFO - Islenen urun ID: 800203303
2025-03-05 00:18:28 - __main__ - INFO - Urun: APPLE MWYK2ZM/A iPhone 11 Pro Þeffaf kýlýf ( OUTLET ), Ýndirim: %40.0, Sifir Fiyati: 419.0, Outlet Fiyati: 251.4
2025-03-05 00:18:28 - root - INFO - Telegram API URL: https://api.telegram.org/bot7695646239:AAGX5Tb3rabk6W0ZHahBrI1qO__k_g0S-vA/sendMessage
2025-03-05 00:18:28 - root - INFO - Chat ID: -1002277496773
2025-03-05 00:18:29 - root - INFO - Telegram bildirimi gonderildi: APPLE MWYK2ZM/A iPhone 11 Pro Þeffaf kýlýf ( OUTLET )
2025-03-05 00:18:29 - __main__ - INFO - Islenen urun ID: 800203305
2025-03-05 00:18:29 - __main__ - INFO - Urun: APPLE MWYK2ZM/A iPhone 11 Pro Þeffaf kýlýf ( OUTLET ), Ýndirim: %40.0, Sifir Fiyati: 419.0, Outlet Fiyati: 251.4
2025-03-05 00:18:29 - root - INFO - Telegram API URL: https://api.telegram.org/bot7695646239:AAGX5Tb3rabk6W0ZHahBrI1qO__k_g0S-vA/sendMessage
2025-03-05 00:18:29 - root - INFO - Chat ID: -1002277496773
2025-03-05 00:18:35 - root - INFO - Telegram bildirimi gonderildi: APPLE MWYK2ZM/A iPhone 11 Pro Þeffaf kýlýf ( OUTLET )
2025-03-05 00:18:35 - __main__ - INFO - Islenen urun ID: 800203307
2025-03-05 00:18:35 - __main__ - INFO - Urun: APPLE MWYK2ZM/A iPhone 11 Pro Þeffaf kýlýf ( OUTLET ), Ýndirim: %40.0, Sifir Fiyati: 419.0, Outlet Fiyati: 251.4
2025-03-05 00:18:35 - root - INFO - Telegram API URL: https://api.telegram.org/bot7695646239:AAGX5Tb3rabk6W0ZHahBrI1qO__k_g0S-vA/sendMessage
2025-03-05 00:18:35 - root - INFO - Chat ID: -1002277496773
2025-03-05 00:18:36 - root - INFO - Telegram bildirimi gonderildi: APPLE MWYK2ZM/A iPhone 11 Pro Þeffaf kýlýf ( OUTLET )
2025-03-05 00:18:36 - __main__ - INFO - Islenen urun ID: 800203309
2025-03-05 00:18:36 - __main__ - INFO - Urun: APPLE MWYK2ZM/A iPhone 11 Pro Þeffaf kýlýf ( OUTLET ), Ýndirim: %40.0, Sifir Fiyati: 419.0, Outlet Fiyati: 251.4
2025-03-05 00:18:36 - root - INFO - Telegram API URL: https://api.telegram.org/bot7695646239:AAGX5Tb3rabk6W0ZHahBrI1qO__k_g0S-vA/sendMessage
2025-03-05 00:18:36 - root - INFO - Chat ID: -1002277496773
2025-03-05 00:18:36 - root - INFO - Telegram bildirimi gonderildi: APPLE MWYK2ZM/A iPhone 11 Pro Þeffaf kýlýf ( OUTLET )
2025-03-05 00:18:36 - __main__ - INFO - Islenen urun ID: 800203311
2025-03-05 00:18:36 - __main__ - INFO - Urun: APPLE MWYK2ZM/A iPhone 11 Pro Þeffaf kýlýf ( OUTLET ), Ýndirim: %40.0, Sifir Fiyati: 419.0, Outlet Fiyati: 251.4
2025-03-05 00:18:36 - root - INFO - Telegram API URL: https://api.telegram.org/bot7695646239:AAGX5Tb3rabk6W0ZHahBrI1qO__k_g0S-vA/sendMessage
2025-03-05 00:18:36 - root - INFO - Chat ID: -1002277496773
2025-03-05 00:18:36 - root - INFO - Telegram bildirimi gonderildi: APPLE MWYK2ZM/A iPhone 11 Pro Þeffaf kýlýf ( OUTLET )
2025-03-05 00:18:36 - __main__ - INFO - Islenen urun ID: 800203313
2025-03-05 00:18:36 - __main__ - INFO - Urun: APPLE MWYK2ZM/A iPhone 11 Pro Þeffaf kýlýf ( OUTLET ), Ýndirim: %40.0, Sifir Fiyati: 419.0, Outlet Fiyati: 251.4
2025-03-05 00:18:36 - root - INFO - Telegram API URL: https://api.telegram.org/bot7695646239:AAGX5Tb3rabk6W0ZHahBrI1qO__k_g0S-vA/sendMessage
2025-03-05 00:18:36 - root - INFO - Chat ID: -1002277496773
2025-03-05 00:18:37 - root - INFO - Telegram bildirimi gonderildi: APPLE MWYK2ZM/A iPhone 11 Pro Þeffaf kýlýf ( OUTLET )
2025-03-05 00:18:37 - __main__ - INFO - Islenen urun ID: 800203315
2025-03-05 00:18:37 - __main__ - INFO - Urun: APPLE MWYK2ZM/A iPhone 11 Pro Þeffaf kýlýf ( OUTLET ), Ýndirim: %40.0, Sifir Fiyati: 419.0, Outlet Fiyati: 251.4
2025-03-05 00:18:37 - root - INFO - Telegram API URL: https://api.telegram.org/bot7695646239:AAGX5Tb3rabk6W0ZHahBrI1qO__k_g0S-vA/sendMessage
2025-03-05 00:18:37 - root - INFO - Chat ID: -1002277496773
2025-03-05 00:18:40 - root - INFO - Telegram bildirimi gonderildi: APPLE MWYK2ZM/A iPhone 11 Pro Þeffaf kýlýf ( OUTLET )
2025-03-05 00:18:40 - __main__ - INFO - Islenen urun ID: 800203317
2025-03-05 00:18:40 - __main__ - INFO - Urun: APPLE MWYK2ZM/A iPhone 11 Pro Þeffaf kýlýf ( OUTLET ), Ýndirim: %40.0, Sifir Fiyati: 419.0, Outlet Fiyati: 251.4
2025-03-05 00:18:40 - root - INFO - Telegram API URL: https://api.telegram.org/bot7695646239:AAGX5Tb3rabk6W0ZHahBrI1qO__k_g0S-vA/sendMessage
2025-03-05 00:18:40 - root - INFO - Chat ID: -1002277496773
2025-03-05 00:18:40 - root - INFO - Telegram bildirimi gonderildi: APPLE MWYK2ZM/A iPhone 11 Pro Þeffaf kýlýf ( OUTLET )
2025-03-05 00:18:40 - __main__ - INFO - Islenen urun ID: 800203319
2025-03-05 00:18:41 - __main__ - INFO - Urun: APPLE MWYK2ZM/A iPhone 11 Pro Þeffaf kýlýf ( OUTLET ), Ýndirim: %40.0, Sifir Fiyati: 419.0, Outlet Fiyati: 251.4
2025-03-05 00:18:41 - root - INFO - Telegram API URL: https://api.telegram.org/bot7695646239:AAGX5Tb3rabk6W0ZHahBrI1qO__k_g0S-vA/sendMessage
2025-03-05 00:18:41 - root - INFO - Chat ID: -1002277496773
2025-03-05 00:18:41 - root - INFO - Telegram bildirimi gonderildi: APPLE MWYK2ZM/A iPhone 11 Pro Þeffaf kýlýf ( OUTLET )
2025-03-05 00:18:41 - __main__ - INFO - Islenen urun ID: 800203321
2025-03-05 00:18:41 - __main__ - INFO - Urun: APPLE MWYK2ZM/A iPhone 11 Pro Þeffaf kýlýf ( OUTLET ), Ýndirim: %40.0, Sifir Fiyati: 419.0, Outlet Fiyati: 251.4
2025-03-05 00:18:41 - root - INFO - Telegram API URL: https://api.telegram.org/bot7695646239:AAGX5Tb3rabk6W0ZHahBrI1qO__k_g0S-vA/sendMessage
2025-03-05 00:18:41 - root - INFO - Chat ID: -1002277496773
2025-03-05 00:18:41 - root - INFO - Telegram bildirimi gonderildi: APPLE MWYK2ZM/A iPhone 11 Pro Þeffaf kýlýf ( OUTLET )
2025-03-05 00:18:41 - __main__ - INFO - Islenen urun ID: 800203323
2025-03-05 00:18:41 - __main__ - INFO - Urun: APPLE MWYK2ZM/A iPhone 11 Pro Þeffaf kýlýf ( OUTLET ), Ýndirim: %40.0, Sifir Fiyati: 419.0, Outlet Fiyati: 251.4
2025-03-05 00:18:41 - root - INFO - Telegram API URL: https://api.telegram.org/bot7695646239:AAGX5Tb3rabk6W0ZHahBrI1qO__k_g0S-vA/sendMessage
2025-03-05 00:18:41 - root - INFO - Chat ID: -1002277496773
2025-03-05 00:18:41 - root - INFO - Telegram bildirimi gonderildi: APPLE MWYK2ZM/A iPhone 11 Pro Þeffaf kýlýf ( OUTLET )
2025-03-05 00:18:41 - __main__ - INFO - Toplam 20 urun islendi. 20 urun %25+ indirimli olarak bildirildi.
2025-03-05 00:30:55 - __main__ - INFO - Teknosa outlet taramasi baslatiliyor...
2025-03-05 00:30:55 - WDM - INFO - ====== WebDriver manager ======
2025-03-05 00:30:56 - WDM - INFO - Get LATEST chromedriver version for google-chrome
2025-03-05 00:30:56 - WDM - INFO - Get LATEST chromedriver version for google-chrome
2025-03-05 00:30:56 - WDM - INFO - Driver [C:\Users\ASUS\.wdm\drivers\chromedriver\win64\133.0.6943.141\chromedriver-win32/chromedriver.exe] found in cache
2025-03-05 00:31:06 - __main__ - INFO - 20 adet urun bulundu.
2025-03-05 00:31:06 - __main__ - INFO - Islenen urun ID: 800203057
2025-03-05 00:31:06 - __main__ - INFO - Urun: HAVIT PJ205 PRO PRIME QUARTZ SMART PROJEKSIYON CIHAZI - HOPARLÖR - 1080P ANDROID TV 9.0 ( OUTLET ), Ýndirim: %25.0, Sifir Fiyati: 7999.0, Outlet Fiyati: 5999.25
2025-03-05 00:31:06 - __main__ - INFO - Islenen urun ID: 800203059
2025-03-05 00:31:06 - __main__ - INFO - Urun: PHILIPS TAB6405 Gümüþ Dolby Audio 2.1 Kanal 140W ( OUTLET ), Ýndirim: %30.0, Sifir Fiyati: 13999.0, Outlet Fiyati: 9799.3
2025-03-05 00:31:06 - __main__ - INFO - Islenen urun ID: 800203145
2025-03-05 00:31:06 - __main__ - INFO - Urun: APPLE MX0E2ZM/A iPhone 11 Pro Max Deri kýlýf - Siyah ( OUTLET ), Ýndirim: %40.0, Sifir Fiyati: 419.0, Outlet Fiyati: 251.4
2025-03-05 00:31:06 - __main__ - INFO - Islenen urun ID: 800203147
2025-03-05 00:31:06 - __main__ - INFO - Urun: APPLE MX0E2ZM/A iPhone 11 Pro Max Deri kýlýf - Siyah ( OUTLET ), Ýndirim: %40.0, Sifir Fiyati: 419.0, Outlet Fiyati: 251.4
2025-03-05 00:31:07 - __main__ - INFO - Islenen urun ID: 800203149
2025-03-05 00:31:07 - __main__ - INFO - Urun: APPLE MX0E2ZM/A iPhone 11 Pro Max Deri kýlýf - Siyah ( OUTLET ), Ýndirim: %40.0, Sifir Fiyati: 419.0, Outlet Fiyati: 251.4
2025-03-05 00:31:07 - __main__ - INFO - Islenen urun ID: 800203151
2025-03-05 00:31:07 - __main__ - INFO - Urun: APPLE MX0E2ZM/A iPhone 11 Pro Max Deri kýlýf - Siyah ( OUTLET ), Ýndirim: %40.0, Sifir Fiyati: 419.0, Outlet Fiyati: 251.4
2025-03-05 00:31:07 - __main__ - INFO - Islenen urun ID: 800203159
2025-03-05 00:31:07 - __main__ - INFO - Urun: Samsung Frame VG-SCFA55TKBRU Teak 55" Çerçeve ( OUTLET ), Ýndirim: %30.0, Sifir Fiyati: 799.0, Outlet Fiyati: 559.3
2025-03-05 00:31:07 - __main__ - INFO - Islenen urun ID: 800203163
2025-03-05 00:31:07 - __main__ - INFO - Urun: JBL GO ESSENTIAL, BLUETOOTH HOPARLÖR, IPX7, SIYAH ( OUTLET ), Ýndirim: %30.0, Sifir Fiyati: 1789.0, Outlet Fiyati: 1252.3
2025-03-05 00:31:07 - __main__ - INFO - Islenen urun ID: 800203171
2025-03-05 00:31:07 - __main__ - INFO - Urun: JBL WAVE FLEX, KABLOSUZ KULAKIÇI KULAKLIK, MAVI ( OUTLET ), Ýndirim: %30.0, Sifir Fiyati: 3189.0, Outlet Fiyati: 2232.3
2025-03-05 00:31:07 - __main__ - INFO - Islenen urun ID: 800203303
2025-03-05 00:31:07 - __main__ - INFO - Urun: APPLE MWYK2ZM/A iPhone 11 Pro Þeffaf kýlýf ( OUTLET ), Ýndirim: %40.0, Sifir Fiyati: 419.0, Outlet Fiyati: 251.4
2025-03-05 00:31:07 - __main__ - INFO - Islenen urun ID: 800203305
2025-03-05 00:31:07 - __main__ - INFO - Urun: APPLE MWYK2ZM/A iPhone 11 Pro Þeffaf kýlýf ( OUTLET ), Ýndirim: %40.0, Sifir Fiyati: 419.0, Outlet Fiyati: 251.4
2025-03-05 00:31:07 - __main__ - INFO - Islenen urun ID: 800203307
2025-03-05 00:31:07 - __main__ - INFO - Urun: APPLE MWYK2ZM/A iPhone 11 Pro Þeffaf kýlýf ( OUTLET ), Ýndirim: %40.0, Sifir Fiyati: 419.0, Outlet Fiyati: 251.4
2025-03-05 00:31:07 - __main__ - INFO - Islenen urun ID: 800203309
2025-03-05 00:31:07 - __main__ - INFO - Urun: APPLE MWYK2ZM/A iPhone 11 Pro Þeffaf kýlýf ( OUTLET ), Ýndirim: %40.0, Sifir Fiyati: 419.0, Outlet Fiyati: 251.4
2025-03-05 00:31:07 - __main__ - INFO - Islenen urun ID: 800203311
2025-03-05 00:31:07 - __main__ - INFO - Urun: APPLE MWYK2ZM/A iPhone 11 Pro Þeffaf kýlýf ( OUTLET ), Ýndirim: %40.0, Sifir Fiyati: 419.0, Outlet Fiyati: 251.4
2025-03-05 00:31:07 - __main__ - INFO - Islenen urun ID: 800203313
2025-03-05 00:31:07 - __main__ - INFO - Urun: APPLE MWYK2ZM/A iPhone 11 Pro Þeffaf kýlýf ( OUTLET ), Ýndirim: %40.0, Sifir Fiyati: 419.0, Outlet Fiyati: 251.4
2025-03-05 00:31:07 - __main__ - INFO - Islenen urun ID: 800203315
2025-03-05 00:31:07 - __main__ - INFO - Urun: APPLE MWYK2ZM/A iPhone 11 Pro Þeffaf kýlýf ( OUTLET ), Ýndirim: %40.0, Sifir Fiyati: 419.0, Outlet Fiyati: 251.4
2025-03-05 00:31:07 - __main__ - INFO - Islenen urun ID: 800203317
2025-03-05 00:31:07 - __main__ - INFO - Urun: APPLE MWYK2ZM/A iPhone 11 Pro Þeffaf kýlýf ( OUTLET ), Ýndirim: %40.0, Sifir Fiyati: 419.0, Outlet Fiyati: 251.4
2025-03-05 00:31:08 - __main__ - INFO - Islenen urun ID: 800203319
2025-03-05 00:31:08 - __main__ - INFO - Urun: APPLE MWYK2ZM/A iPhone 11 Pro Þeffaf kýlýf ( OUTLET ), Ýndirim: %40.0, Sifir Fiyati: 419.0, Outlet Fiyati: 251.4
2025-03-05 00:31:08 - __main__ - INFO - Islenen urun ID: 800203321
2025-03-05 00:31:08 - __main__ - INFO - Urun: APPLE MWYK2ZM/A iPhone 11 Pro Þeffaf kýlýf ( OUTLET ), Ýndirim: %40.0, Sifir Fiyati: 419.0, Outlet Fiyati: 251.4
2025-03-05 00:31:08 - __main__ - INFO - Islenen urun ID: 800203323
2025-03-05 00:31:08 - __main__ - INFO - Urun: APPLE MWYK2ZM/A iPhone 11 Pro Þeffaf kýlýf ( OUTLET ), Ýndirim: %40.0, Sifir Fiyati: 419.0, Outlet Fiyati: 251.4
2025-03-05 00:31:08 - __main__ - INFO - Toplam 20 urun islendi. 0 urun %25+ indirimli olarak bildirildi.
2025-03-05 00:33:39 - __main__ - INFO - Teknosa outlet taramasi baslatiliyor...
2025-03-05 00:33:39 - WDM - INFO - ====== WebDriver manager ======
2025-03-05 00:33:40 - WDM - INFO - Get LATEST chromedriver version for google-chrome
2025-03-05 00:33:40 - WDM - INFO - Get LATEST chromedriver version for google-chrome
2025-03-05 00:33:41 - WDM - INFO - Driver [C:\Users\ASUS\.wdm\drivers\chromedriver\win64\133.0.6943.141\chromedriver-win32/chromedriver.exe] found in cache
2025-03-05 00:33:50 - __main__ - INFO - 20 adet urun bulundu.
2025-03-05 00:33:50 - __main__ - INFO - Islenen urun ID: 800203057
2025-03-05 00:33:50 - __main__ - INFO - Urun: HAVIT PJ205 PRO PRIME QUARTZ SMART PROJEKSIYON CIHAZI - HOPARLÖR - 1080P ANDROID TV 9.0 ( OUTLET ), Indirim: %25.0, Sifir Fiyati: 7999.0, Outlet Fiyati: 5999.25
2025-03-05 00:33:50 - __main__ - INFO - Islenen urun ID: 800203059
2025-03-05 00:33:50 - __main__ - INFO - Urun: PHILIPS TAB6405 Gümüþ Dolby Audio 2.1 Kanal 140W ( OUTLET ), Indirim: %30.0, Sifir Fiyati: 13999.0, Outlet Fiyati: 9799.3
2025-03-05 00:33:50 - __main__ - INFO - Islenen urun ID: 800203145
2025-03-05 00:33:50 - __main__ - INFO - Urun: APPLE MX0E2ZM/A iPhone 11 Pro Max Deri kýlýf - Siyah ( OUTLET ), Indirim: %40.0, Sifir Fiyati: 419.0, Outlet Fiyati: 251.4
2025-03-05 00:33:50 - __main__ - INFO - Islenen urun ID: 800203147
2025-03-05 00:33:51 - __main__ - INFO - Urun: APPLE MX0E2ZM/A iPhone 11 Pro Max Deri kýlýf - Siyah ( OUTLET ), Indirim: %40.0, Sifir Fiyati: 419.0, Outlet Fiyati: 251.4
2025-03-05 00:33:51 - __main__ - INFO - Islenen urun ID: 800203149
2025-03-05 00:33:51 - __main__ - INFO - Urun: APPLE MX0E2ZM/A iPhone 11 Pro Max Deri kýlýf - Siyah ( OUTLET ), Indirim: %40.0, Sifir Fiyati: 419.0, Outlet Fiyati: 251.4
2025-03-05 00:33:51 - __main__ - INFO - Islenen urun ID: 800203151
2025-03-05 00:33:51 - __main__ - INFO - Urun: APPLE MX0E2ZM/A iPhone 11 Pro Max Deri kýlýf - Siyah ( OUTLET ), Indirim: %40.0, Sifir Fiyati: 419.0, Outlet Fiyati: 251.4
2025-03-05 00:33:51 - __main__ - INFO - Islenen urun ID: 800203159
2025-03-05 00:33:51 - __main__ - INFO - Urun: Samsung Frame VG-SCFA55TKBRU Teak 55" Çerçeve ( OUTLET ), Indirim: %30.0, Sifir Fiyati: 799.0, Outlet Fiyati: 559.3
2025-03-05 00:33:51 - __main__ - INFO - Islenen urun ID: 800203163
2025-03-05 00:33:51 - __main__ - INFO - Urun: JBL GO ESSENTIAL, BLUETOOTH HOPARLÖR, IPX7, SIYAH ( OUTLET ), Indirim: %30.0, Sifir Fiyati: 1789.0, Outlet Fiyati: 1252.3
2025-03-05 00:33:51 - __main__ - INFO - Islenen urun ID: 800203171
2025-03-05 00:33:51 - __main__ - INFO - Urun: JBL WAVE FLEX, KABLOSUZ KULAKIÇI KULAKLIK, MAVI ( OUTLET ), Indirim: %30.0, Sifir Fiyati: 3189.0, Outlet Fiyati: 2232.3
2025-03-05 00:33:51 - __main__ - INFO - Islenen urun ID: 800203303
2025-03-05 00:33:51 - __main__ - INFO - Urun: APPLE MWYK2ZM/A iPhone 11 Pro Þeffaf kýlýf ( OUTLET ), Indirim: %40.0, Sifir Fiyati: 419.0, Outlet Fiyati: 251.4
2025-03-05 00:33:51 - __main__ - INFO - Islenen urun ID: 800203305
2025-03-05 00:33:51 - __main__ - INFO - Urun: APPLE MWYK2ZM/A iPhone 11 Pro Þeffaf kýlýf ( OUTLET ), Indirim: %40.0, Sifir Fiyati: 419.0, Outlet Fiyati: 251.4
2025-03-05 00:33:51 - __main__ - INFO - Islenen urun ID: 800203307
2025-03-05 00:33:51 - __main__ - INFO - Urun: APPLE MWYK2ZM/A iPhone 11 Pro Þeffaf kýlýf ( OUTLET ), Indirim: %40.0, Sifir Fiyati: 419.0, Outlet Fiyati: 251.4
2025-03-05 00:33:51 - __main__ - INFO - Islenen urun ID: 800203309
2025-03-05 00:33:51 - __main__ - INFO - Urun: APPLE MWYK2ZM/A iPhone 11 Pro Þeffaf kýlýf ( OUTLET ), Indirim: %40.0, Sifir Fiyati: 419.0, Outlet Fiyati: 251.4
2025-03-05 00:33:51 - __main__ - INFO - Islenen urun ID: 800203311
2025-03-05 00:33:51 - __main__ - INFO - Urun: APPLE MWYK2ZM/A iPhone 11 Pro Þeffaf kýlýf ( OUTLET ), Indirim: %40.0, Sifir Fiyati: 419.0, Outlet Fiyati: 251.4
2025-03-05 00:33:51 - __main__ - INFO - Islenen urun ID: 800203313
2025-03-05 00:33:51 - __main__ - INFO - Urun: APPLE MWYK2ZM/A iPhone 11 Pro Þeffaf kýlýf ( OUTLET ), Indirim: %40.0, Sifir Fiyati: 419.0, Outlet Fiyati: 251.4
2025-03-05 00:33:51 - __main__ - INFO - Islenen urun ID: 800203315
2025-03-05 00:33:52 - __main__ - INFO - Urun: APPLE MWYK2ZM/A iPhone 11 Pro Þeffaf kýlýf ( OUTLET ), Indirim: %40.0, Sifir Fiyati: 419.0, Outlet Fiyati: 251.4
2025-03-05 00:33:52 - __main__ - INFO - Islenen urun ID: 800203317
2025-03-05 00:33:52 - __main__ - INFO - Urun: APPLE MWYK2ZM/A iPhone 11 Pro Þeffaf kýlýf ( OUTLET ), Indirim: %40.0, Sifir Fiyati: 419.0, Outlet Fiyati: 251.4
2025-03-05 00:33:52 - __main__ - INFO - Islenen urun ID: 800203319
2025-03-05 00:33:52 - __main__ - INFO - Urun: APPLE MWYK2ZM/A iPhone 11 Pro Þeffaf kýlýf ( OUTLET ), Indirim: %40.0, Sifir Fiyati: 419.0, Outlet Fiyati: 251.4
2025-03-05 00:33:52 - __main__ - INFO - Islenen urun ID: 800203321
2025-03-05 00:33:52 - __main__ - INFO - Urun: APPLE MWYK2ZM/A iPhone 11 Pro Þeffaf kýlýf ( OUTLET ), Indirim: %40.0, Sifir Fiyati: 419.0, Outlet Fiyati: 251.4
2025-03-05 00:33:52 - __main__ - INFO - Islenen urun ID: 800203323
2025-03-05 00:33:52 - __main__ - INFO - Urun: APPLE MWYK2ZM/A iPhone 11 Pro Þeffaf kýlýf ( OUTLET ), Indirim: %40.0, Sifir Fiyati: 419.0, Outlet Fiyati: 251.4
2025-03-05 00:33:52 - __main__ - INFO - Toplam 20 urun islendi. 0 urun %25+ indirimli olarak bildirildi.
2025-03-05 00:38:23 - __main__ - INFO - Teknosa outlet taramasi baslatiliyor...
2025-03-05 00:38:23 - WDM - INFO - ====== WebDriver manager ======
2025-03-05 00:38:24 - WDM - INFO - Get LATEST chromedriver version for google-chrome
2025-03-05 00:38:24 - WDM - INFO - Get LATEST chromedriver version for google-chrome
2025-03-05 00:38:24 - WDM - INFO - Driver [C:\Users\ASUS\.wdm\drivers\chromedriver\win64\133.0.6943.141\chromedriver-win32/chromedriver.exe] found in cache
2025-03-05 00:38:34 - __main__ - INFO - Sayfa 1 taraniyor...
2025-03-05 00:38:34 - __main__ - INFO - Sayfa 1'de 20 adet ürün bulundu.
2025-03-05 00:38:34 - __main__ - INFO - Islenen urun ID: 800205161
2025-03-05 00:38:34 - __main__ - INFO - Urun: LG ULTRAGEAR 34WP75CP-B.APD 34 INCH 160 HZ 1MS MBR WQHD VA SIYAH GAMING MONITÖR ( TESHIR ), Indirim: %15.0, Sifir Fiyati: 17999.0, Outlet Fiyati: 15299.15
2025-03-05 00:38:34 - root - INFO - Yeni urun kaydedildi: LG ULTRAGEAR 34WP75CP-B.APD 34 INCH 160 HZ 1MS MBR WQHD VA SIYAH GAMING MONITÖR ( TESHIR )
2025-03-05 00:38:34 - __main__ - INFO - Islenen urun ID: 800205175
2025-03-05 00:38:34 - __main__ - INFO - Urun: PS5 DUALSENSE EDGE CONTROLLER/EAS ( OUTLET ), Indirim: %25.0, Sifir Fiyati: 12499.0, Outlet Fiyati: 9374.25
2025-03-05 00:38:34 - root - INFO - Yeni urun kaydedildi: PS5 DUALSENSE EDGE CONTROLLER/EAS ( OUTLET )
2025-03-05 00:38:34 - root - INFO - Telegram API URL: https://api.telegram.org/bot7695646239:AAGX5Tb3rabk6W0ZHahBrI1qO__k_g0S-vA/sendMessage
2025-03-05 00:38:34 - root - INFO - Chat ID: -1002277496773
2025-03-05 00:38:34 - root - INFO - Telegram bildirimi gonderildi: PS5 DUALSENSE EDGE CONTROLLER/EAS ( OUTLET )
2025-03-05 00:38:34 - __main__ - INFO - Urun 800205175 icin bildirim gonderildi ve bildirildi=1 olarak isaretlendi.
2025-03-05 00:38:34 - __main__ - INFO - Islenen urun ID: 800205197
2025-03-05 00:38:34 - __main__ - INFO - Urun: PREO MS37 PRO TWS KABLOSUZ BLUETOOTH KULAKLIK SÝYAH ( OUTLET ), Indirim: %35.0, Sifir Fiyati: 799.99, Outlet Fiyati: 519.99
2025-03-05 00:38:34 - root - INFO - Yeni urun kaydedildi: PREO MS37 PRO TWS KABLOSUZ BLUETOOTH KULAKLIK SÝYAH ( OUTLET )
2025-03-05 00:38:34 - root - INFO - Telegram API URL: https://api.telegram.org/bot7695646239:AAGX5Tb3rabk6W0ZHahBrI1qO__k_g0S-vA/sendMessage
2025-03-05 00:38:34 - root - INFO - Chat ID: -1002277496773
2025-03-05 00:38:35 - root - INFO - Telegram bildirimi gonderildi: PREO MS37 PRO TWS KABLOSUZ BLUETOOTH KULAKLIK SÝYAH ( OUTLET )
2025-03-05 00:38:35 - __main__ - INFO - Urun 800205197 icin bildirim gonderildi ve bildirildi=1 olarak isaretlendi.
2025-03-05 00:38:35 - __main__ - INFO - Islenen urun ID: 800205199
2025-03-05 00:38:35 - __main__ - INFO - Urun: LOGITECH K400+ KABLOSUZ TV KLAVYESI SIYAH ( OUTLET ), Indirim: %25.0, Sifir Fiyati: 1469.0, Outlet Fiyati: 1101.75
2025-03-05 00:38:35 - root - INFO - Yeni urun kaydedildi: LOGITECH K400+ KABLOSUZ TV KLAVYESI SIYAH ( OUTLET )
2025-03-05 00:38:35 - root - INFO - Telegram API URL: https://api.telegram.org/bot7695646239:AAGX5Tb3rabk6W0ZHahBrI1qO__k_g0S-vA/sendMessage
2025-03-05 00:38:35 - root - INFO - Chat ID: -1002277496773
2025-03-05 00:38:35 - root - INFO - Telegram bildirimi gonderildi: LOGITECH K400+ KABLOSUZ TV KLAVYESI SIYAH ( OUTLET )
2025-03-05 00:38:35 - __main__ - INFO - Urun 800205199 icin bildirim gonderildi ve bildirildi=1 olarak isaretlendi.
2025-03-05 00:38:35 - __main__ - INFO - Islenen urun ID: 800205205
2025-03-05 00:38:35 - __main__ - INFO - Urun: TP-LINK ARCHER T2U NANO AC600 NANO WIRELESS USB ADAPTÖR ( OUTLET ), Indirim: %35.0, Sifir Fiyati: 579.0, Outlet Fiyati: 376.35
2025-03-05 00:38:35 - root - INFO - Yeni urun kaydedildi: TP-LINK ARCHER T2U NANO AC600 NANO WIRELESS USB ADAPTÖR ( OUTLET )
2025-03-05 00:38:35 - root - INFO - Telegram API URL: https://api.telegram.org/bot7695646239:AAGX5Tb3rabk6W0ZHahBrI1qO__k_g0S-vA/sendMessage
2025-03-05 00:38:35 - root - INFO - Chat ID: -1002277496773
2025-03-05 00:38:36 - root - INFO - Telegram bildirimi gonderildi: TP-LINK ARCHER T2U NANO AC600 NANO WIRELESS USB ADAPTÖR ( OUTLET )
2025-03-05 00:38:36 - __main__ - INFO - Urun 800205205 icin bildirim gonderildi ve bildirildi=1 olarak isaretlendi.
2025-03-05 00:38:36 - __main__ - INFO - Islenen urun ID: 800205217
2025-03-05 00:38:36 - __main__ - INFO - Urun: TP-LINK RE605X AX1800 WI-FI MENZIL GENIÞLETICI ( OUTLET ), Indirim: %25.0, Sifir Fiyati: 2199.0, Outlet Fiyati: 1649.25
2025-03-05 00:38:36 - root - INFO - Yeni urun kaydedildi: TP-LINK RE605X AX1800 WI-FI MENZIL GENIÞLETICI ( OUTLET )
2025-03-05 00:38:36 - root - INFO - Telegram API URL: https://api.telegram.org/bot7695646239:AAGX5Tb3rabk6W0ZHahBrI1qO__k_g0S-vA/sendMessage
2025-03-05 00:38:36 - root - INFO - Chat ID: -1002277496773
2025-03-05 00:38:36 - root - INFO - Telegram bildirimi gonderildi: TP-LINK RE605X AX1800 WI-FI MENZIL GENIÞLETICI ( OUTLET )
2025-03-05 00:38:36 - __main__ - INFO - Urun 800205217 icin bildirim gonderildi ve bildirildi=1 olarak isaretlendi.
2025-03-05 00:38:36 - __main__ - INFO - Islenen urun ID: 800205219
2025-03-05 00:38:36 - __main__ - INFO - Urun: Logitech Combo Touch Dokunmatik Panelli Klavyeli Kýlýf - iPad Pro 12,9? 5. Generasyon ( OUTLET ), Indirim: %25.0, Sifir Fiyati: 12999.0, Outlet Fiyati: 9749.25
2025-03-05 00:38:36 - root - INFO - Yeni urun kaydedildi: Logitech Combo Touch Dokunmatik Panelli Klavyeli Kýlýf - iPad Pro 12,9? 5. Generasyon ( OUTLET )
2025-03-05 00:38:36 - root - INFO - Telegram API URL: https://api.telegram.org/bot7695646239:AAGX5Tb3rabk6W0ZHahBrI1qO__k_g0S-vA/sendMessage
2025-03-05 00:38:36 - root - INFO - Chat ID: -1002277496773
2025-03-05 00:38:40 - root - INFO - Telegram bildirimi gonderildi: Logitech Combo Touch Dokunmatik Panelli Klavyeli Kýlýf - iPad Pro 12,9? 5. Generasyon ( OUTLET )
2025-03-05 00:38:40 - __main__ - INFO - Urun 800205219 icin bildirim gonderildi ve bildirildi=1 olarak isaretlendi.
2025-03-05 00:38:40 - __main__ - INFO - Islenen urun ID: 800205221
2025-03-05 00:38:40 - __main__ - INFO - Urun: TP-Link Archer VR400 AC1200 Kablosuz VDSL/ADSL Modem Router ( OUTLET ), Indirim: %25.0, Sifir Fiyati: 1899.0, Outlet Fiyati: 1424.25
2025-03-05 00:38:40 - root - INFO - Yeni urun kaydedildi: TP-Link Archer VR400 AC1200 Kablosuz VDSL/ADSL Modem Router ( OUTLET )
2025-03-05 00:38:40 - root - INFO - Telegram API URL: https://api.telegram.org/bot7695646239:AAGX5Tb3rabk6W0ZHahBrI1qO__k_g0S-vA/sendMessage
2025-03-05 00:38:40 - root - INFO - Chat ID: -1002277496773
2025-03-05 00:38:40 - root - INFO - Telegram bildirimi gonderildi: TP-Link Archer VR400 AC1200 Kablosuz VDSL/ADSL Modem Router ( OUTLET )
2025-03-05 00:38:40 - __main__ - INFO - Urun 800205221 icin bildirim gonderildi ve bildirildi=1 olarak isaretlendi.
2025-03-05 00:38:40 - __main__ - INFO - Islenen urun ID: 800205233
2025-03-05 00:38:40 - __main__ - INFO - Urun: NINTENDO SWITCH JOY-CON ÞARJ KOLU ( OUTLET ), Indirim: %25.0, Sifir Fiyati: 1499.0, Outlet Fiyati: 1124.25
2025-03-05 00:38:40 - root - INFO - Yeni urun kaydedildi: NINTENDO SWITCH JOY-CON ÞARJ KOLU ( OUTLET )
2025-03-05 00:38:40 - root - INFO - Telegram API URL: https://api.telegram.org/bot7695646239:AAGX5Tb3rabk6W0ZHahBrI1qO__k_g0S-vA/sendMessage
2025-03-05 00:38:40 - root - INFO - Chat ID: -1002277496773
2025-03-05 00:38:40 - root - INFO - Telegram bildirimi gonderildi: NINTENDO SWITCH JOY-CON ÞARJ KOLU ( OUTLET )
2025-03-05 00:38:40 - __main__ - INFO - Urun 800205233 icin bildirim gonderildi ve bildirildi=1 olarak isaretlendi.
2025-03-05 00:38:40 - __main__ - INFO - Islenen urun ID: 800205235
2025-03-05 00:38:40 - __main__ - INFO - Urun: PREO MS40 ANC+ENC METAL KASA TWS KABLOSUZ KULAKLIK SÝYAH ( OUTLET ), Indirim: %30.0, Sifir Fiyati: 1299.0, Outlet Fiyati: 909.3
2025-03-05 00:38:40 - root - INFO - Yeni urun kaydedildi: PREO MS40 ANC+ENC METAL KASA TWS KABLOSUZ KULAKLIK SÝYAH ( OUTLET )
2025-03-05 00:38:40 - root - INFO - Telegram API URL: https://api.telegram.org/bot7695646239:AAGX5Tb3rabk6W0ZHahBrI1qO__k_g0S-vA/sendMessage
2025-03-05 00:38:40 - root - INFO - Chat ID: -1002277496773
2025-03-05 00:38:41 - root - INFO - Telegram bildirimi gonderildi: PREO MS40 ANC+ENC METAL KASA TWS KABLOSUZ KULAKLIK SÝYAH ( OUTLET )
2025-03-05 00:38:41 - __main__ - INFO - Urun 800205235 icin bildirim gonderildi ve bildirildi=1 olarak isaretlendi.
2025-03-05 00:38:41 - __main__ - INFO - Islenen urun ID: 800205247
2025-03-05 00:38:41 - __main__ - INFO - Urun: MERCUSYS MT110 4G LTE MOBIL WI-FI ( OUTLET ), Indirim: %25.0, Sifir Fiyati: 1789.0, Outlet Fiyati: 1341.75
2025-03-05 00:38:41 - root - INFO - Yeni urun kaydedildi: MERCUSYS MT110 4G LTE MOBIL WI-FI ( OUTLET )
2025-03-05 00:38:41 - root - INFO - Telegram API URL: https://api.telegram.org/bot7695646239:AAGX5Tb3rabk6W0ZHahBrI1qO__k_g0S-vA/sendMessage
2025-03-05 00:38:41 - root - INFO - Chat ID: -1002277496773
2025-03-05 00:38:41 - root - INFO - Telegram bildirimi gonderildi: MERCUSYS MT110 4G LTE MOBIL WI-FI ( OUTLET )
2025-03-05 00:38:41 - __main__ - INFO - Urun 800205247 icin bildirim gonderildi ve bildirildi=1 olarak isaretlendi.
2025-03-05 00:38:41 - __main__ - INFO - Islenen urun ID: 800205251
2025-03-05 00:38:41 - __main__ - INFO - Urun: BASEUS BOWÝE E16 TRUE WÝRELESS BLUETOOTH KULAKLIK-BEYAZ ( OUTLET ), Indirim: %40.0, Sifir Fiyati: 699.0, Outlet Fiyati: 419.4
2025-03-05 00:38:41 - root - INFO - Yeni urun kaydedildi: BASEUS BOWÝE E16 TRUE WÝRELESS BLUETOOTH KULAKLIK-BEYAZ ( OUTLET )
2025-03-05 00:38:41 - root - INFO - Telegram API URL: https://api.telegram.org/bot7695646239:AAGX5Tb3rabk6W0ZHahBrI1qO__k_g0S-vA/sendMessage
2025-03-05 00:38:41 - root - INFO - Chat ID: -1002277496773
2025-03-05 00:38:48 - root - INFO - Telegram bildirimi gonderildi: BASEUS BOWÝE E16 TRUE WÝRELESS BLUETOOTH KULAKLIK-BEYAZ ( OUTLET )
2025-03-05 00:38:48 - __main__ - INFO - Urun 800205251 icin bildirim gonderildi ve bildirildi=1 olarak isaretlendi.
2025-03-05 00:38:48 - __main__ - INFO - Islenen urun ID: 800205253
2025-03-05 00:38:48 - __main__ - INFO - Urun: IYO CILT DOLGUNLAÞTIRICI, GENÇLEÞTIRICI VE LEKE KARÞITI 3 BOYUT ELMAS SILINDIRLI VE IÞIK BAKIM CIHAZI ( OUTLET ), Indirim: %25.0, Sifir Fiyati: 13900.0, Outlet Fiyati: 10425.0
2025-03-05 00:38:48 - root - INFO - Yeni urun kaydedildi: IYO CILT DOLGUNLAÞTIRICI, GENÇLEÞTIRICI VE LEKE KARÞITI 3 BOYUT ELMAS SILINDIRLI VE IÞIK BAKIM CIHAZI ( OUTLET )
2025-03-05 00:38:48 - root - INFO - Telegram API URL: https://api.telegram.org/bot7695646239:AAGX5Tb3rabk6W0ZHahBrI1qO__k_g0S-vA/sendMessage
2025-03-05 00:38:48 - root - INFO - Chat ID: -1002277496773
2025-03-05 00:38:48 - root - INFO - Telegram bildirimi gonderildi: IYO CILT DOLGUNLAÞTIRICI, GENÇLEÞTIRICI VE LEKE KARÞITI 3 BOYUT ELMAS SILINDIRLI VE IÞIK BAKIM CIHAZI ( OUTLET )
2025-03-05 00:38:48 - __main__ - INFO - Urun 800205253 icin bildirim gonderildi ve bildirildi=1 olarak isaretlendi.
2025-03-05 00:38:48 - __main__ - INFO - Islenen urun ID: 800205259
2025-03-05 00:38:48 - __main__ - INFO - Urun: TP-LINK TL-WR840N N300 WI-FI ROUTER ( OUTLET ), Indirim: %35.0, Sifir Fiyati: 699.0, Outlet Fiyati: 454.35
2025-03-05 00:38:48 - root - INFO - Yeni urun kaydedildi: TP-LINK TL-WR840N N300 WI-FI ROUTER ( OUTLET )
2025-03-05 00:38:48 - root - INFO - Telegram API URL: https://api.telegram.org/bot7695646239:AAGX5Tb3rabk6W0ZHahBrI1qO__k_g0S-vA/sendMessage
2025-03-05 00:38:48 - root - INFO - Chat ID: -1002277496773
2025-03-05 00:38:48 - root - INFO - Telegram bildirimi gonderildi: TP-LINK TL-WR840N N300 WI-FI ROUTER ( OUTLET )
2025-03-05 00:38:48 - __main__ - INFO - Urun 800205259 icin bildirim gonderildi ve bildirildi=1 olarak isaretlendi.
2025-03-05 00:38:48 - __main__ - INFO - Islenen urun ID: 800205263
2025-03-05 00:38:48 - __main__ - INFO - Urun: TP-LINK M7350 4G/LTE2550 MAH DAHILI PIL MIFI ÇIFTBAND OLED EKRANLI DIREKT SIM KART SLOTLU KABLOSUZ MOBIL ROUTER ( OUTLET ), Indirim: %30.0, Sifir Fiyati: 2999.0, Outlet Fiyati: 2099.3
2025-03-05 00:38:48 - root - INFO - Yeni urun kaydedildi: TP-LINK M7350 4G/LTE2550 MAH DAHILI PIL MIFI ÇIFTBAND OLED EKRANLI DIREKT SIM KART SLOTLU KABLOSUZ MOBIL ROUTER ( OUTLET )
2025-03-05 00:38:48 - root - INFO - Telegram API URL: https://api.telegram.org/bot7695646239:AAGX5Tb3rabk6W0ZHahBrI1qO__k_g0S-vA/sendMessage
2025-03-05 00:38:48 - root - INFO - Chat ID: -1002277496773
2025-03-05 00:38:49 - root - INFO - Telegram bildirimi gonderildi: TP-LINK M7350 4G/LTE2550 MAH DAHILI PIL MIFI ÇIFTBAND OLED EKRANLI DIREKT SIM KART SLOTLU KABLOSUZ MOBIL ROUTER ( OUTLET )
2025-03-05 00:38:49 - __main__ - INFO - Urun 800205263 icin bildirim gonderildi ve bildirildi=1 olarak isaretlendi.
2025-03-05 00:38:49 - __main__ - INFO - Islenen urun ID: 800205265
2025-03-05 00:38:49 - __main__ - INFO - Urun: ANKER SOUNDCORE R50Ý NC TWS KULAKLIK - BEYAZ ( OUTLET ), Indirim: %25.0, Sifir Fiyati: 1499.0, Outlet Fiyati: 1124.25
2025-03-05 00:38:49 - root - INFO - Yeni urun kaydedildi: ANKER SOUNDCORE R50Ý NC TWS KULAKLIK - BEYAZ ( OUTLET )
2025-03-05 00:38:49 - root - INFO - Telegram API URL: https://api.telegram.org/bot7695646239:AAGX5Tb3rabk6W0ZHahBrI1qO__k_g0S-vA/sendMessage
2025-03-05 00:38:49 - root - INFO - Chat ID: -1002277496773
2025-03-05 00:38:49 - root - INFO - Telegram bildirimi gonderildi: ANKER SOUNDCORE R50Ý NC TWS KULAKLIK - BEYAZ ( OUTLET )
2025-03-05 00:38:49 - __main__ - INFO - Urun 800205265 icin bildirim gonderildi ve bildirildi=1 olarak isaretlendi.
2025-03-05 00:38:49 - __main__ - INFO - Islenen urun ID: 800205267
2025-03-05 00:38:49 - __main__ - INFO - Urun: TAT1207BK GERÇEK KABLOSUZ KULAKLIK (IPX4) 6+12SA BT 5.2 MONO MOD SIYAH ( OUTLET ), Indirim: %30.0, Sifir Fiyati: 999.0, Outlet Fiyati: 699.3
2025-03-05 00:38:49 - root - INFO - Yeni urun kaydedildi: TAT1207BK GERÇEK KABLOSUZ KULAKLIK (IPX4) 6+12SA BT 5.2 MONO MOD SIYAH ( OUTLET )
2025-03-05 00:38:49 - root - INFO - Telegram API URL: https://api.telegram.org/bot7695646239:AAGX5Tb3rabk6W0ZHahBrI1qO__k_g0S-vA/sendMessage
2025-03-05 00:38:49 - root - INFO - Chat ID: -1002277496773
2025-03-05 00:38:53 - root - INFO - Telegram bildirimi gonderildi: TAT1207BK GERÇEK KABLOSUZ KULAKLIK (IPX4) 6+12SA BT 5.2 MONO MOD SIYAH ( OUTLET )
2025-03-05 00:38:53 - __main__ - INFO - Urun 800205267 icin bildirim gonderildi ve bildirildi=1 olarak isaretlendi.
2025-03-05 00:38:53 - __main__ - INFO - Islenen urun ID: 800205273
2025-03-05 00:38:54 - __main__ - INFO - Urun: JBL GO ESSENTIAL, BLUETOOTH HOPARLÖR, IPX7, KIRMIZI ( OUTLET ), Indirim: %25.0, Sifir Fiyati: 1789.0, Outlet Fiyati: 1341.75
2025-03-05 00:38:54 - root - INFO - Yeni urun kaydedildi: JBL GO ESSENTIAL, BLUETOOTH HOPARLÖR, IPX7, KIRMIZI ( OUTLET )
2025-03-05 00:38:54 - root - INFO - Telegram API URL: https://api.telegram.org/bot7695646239:AAGX5Tb3rabk6W0ZHahBrI1qO__k_g0S-vA/sendMessage
2025-03-05 00:38:54 - root - INFO - Chat ID: -1002277496773
2025-03-05 00:38:54 - root - INFO - Telegram bildirimi gonderildi: JBL GO ESSENTIAL, BLUETOOTH HOPARLÖR, IPX7, KIRMIZI ( OUTLET )
2025-03-05 00:38:54 - __main__ - INFO - Urun 800205273 icin bildirim gonderildi ve bildirildi=1 olarak isaretlendi.
2025-03-05 00:38:54 - __main__ - INFO - Islenen urun ID: 800205277
2025-03-05 00:38:54 - __main__ - INFO - Urun: JBL GO ESSENTIAL, BLUETOOTH HOPARLÖR, IPX7, SIYAH ( OUTLET ), Indirim: %25.0, Sifir Fiyati: 1789.0, Outlet Fiyati: 1341.75
2025-03-05 00:38:54 - root - INFO - Yeni urun kaydedildi: JBL GO ESSENTIAL, BLUETOOTH HOPARLÖR, IPX7, SIYAH ( OUTLET )
2025-03-05 00:38:54 - root - INFO - Telegram API URL: https://api.telegram.org/bot7695646239:AAGX5Tb3rabk6W0ZHahBrI1qO__k_g0S-vA/sendMessage
2025-03-05 00:38:54 - root - INFO - Chat ID: -1002277496773
2025-03-05 00:38:54 - root - INFO - Telegram bildirimi gonderildi: JBL GO ESSENTIAL, BLUETOOTH HOPARLÖR, IPX7, SIYAH ( OUTLET )
2025-03-05 00:38:54 - __main__ - INFO - Urun 800205277 icin bildirim gonderildi ve bildirildi=1 olarak isaretlendi.
2025-03-05 00:38:54 - __main__ - INFO - Islenen urun ID: 800205281
2025-03-05 00:38:54 - __main__ - INFO - Urun: MERCUSYS MT110 4G LTE MOBIL WI-FI ( OUTLET ), Indirim: %25.0, Sifir Fiyati: 1789.0, Outlet Fiyati: 1341.75
2025-03-05 00:38:54 - root - INFO - Yeni urun kaydedildi: MERCUSYS MT110 4G LTE MOBIL WI-FI ( OUTLET )
2025-03-05 00:38:54 - root - INFO - Telegram API URL: https://api.telegram.org/bot7695646239:AAGX5Tb3rabk6W0ZHahBrI1qO__k_g0S-vA/sendMessage
2025-03-05 00:38:54 - root - INFO - Chat ID: -1002277496773
2025-03-05 00:38:55 - root - INFO - Telegram bildirimi gonderildi: MERCUSYS MT110 4G LTE MOBIL WI-FI ( OUTLET )
2025-03-05 00:38:55 - __main__ - INFO - Urun 800205281 icin bildirim gonderildi ve bildirildi=1 olarak isaretlendi.
2025-03-05 00:38:55 - __main__ - INFO - Bir sonraki sayfaya geçiliyor: https://www.teknosa.com/outlet?sort=newProduct-desc&s=%3AbestSellerPoint-desc&pg=2
2025-03-05 00:38:59 - __main__ - INFO - Sayfa 2 taraniyor...
2025-03-05 00:38:59 - __main__ - INFO - Sayfa 2'de 20 adet ürün bulundu.
2025-03-05 00:38:59 - __main__ - INFO - Islenen urun ID: 800203057
2025-03-05 00:39:00 - __main__ - INFO - Urun: HAVIT PJ205 PRO PRIME QUARTZ SMART PROJEKSIYON CIHAZI - HOPARLÖR - 1080P ANDROID TV 9.0 ( OUTLET ), Indirim: %25.0, Sifir Fiyati: 7999.0, Outlet Fiyati: 5999.25
2025-03-05 00:39:00 - __main__ - INFO - Islenen urun ID: 800203059
2025-03-05 00:39:00 - __main__ - INFO - Urun: PHILIPS TAB6405 Gümüþ Dolby Audio 2.1 Kanal 140W ( OUTLET ), Indirim: %30.0, Sifir Fiyati: 13999.0, Outlet Fiyati: 9799.3
2025-03-05 00:39:00 - __main__ - INFO - Islenen urun ID: 800203145
2025-03-05 00:39:00 - __main__ - INFO - Urun: APPLE MX0E2ZM/A iPhone 11 Pro Max Deri kýlýf - Siyah ( OUTLET ), Indirim: %40.0, Sifir Fiyati: 419.0, Outlet Fiyati: 251.4
2025-03-05 00:39:00 - __main__ - INFO - Islenen urun ID: 800203147
2025-03-05 00:39:00 - __main__ - INFO - Urun: APPLE MX0E2ZM/A iPhone 11 Pro Max Deri kýlýf - Siyah ( OUTLET ), Indirim: %40.0, Sifir Fiyati: 419.0, Outlet Fiyati: 251.4
2025-03-05 00:39:00 - __main__ - INFO - Islenen urun ID: 800203149
2025-03-05 00:39:00 - __main__ - INFO - Urun: APPLE MX0E2ZM/A iPhone 11 Pro Max Deri kýlýf - Siyah ( OUTLET ), Indirim: %40.0, Sifir Fiyati: 419.0, Outlet Fiyati: 251.4
2025-03-05 00:39:00 - __main__ - INFO - Islenen urun ID: 800203151
2025-03-05 00:39:00 - __main__ - INFO - Urun: APPLE MX0E2ZM/A iPhone 11 Pro Max Deri kýlýf - Siyah ( OUTLET ), Indirim: %40.0, Sifir Fiyati: 419.0, Outlet Fiyati: 251.4
2025-03-05 00:39:00 - __main__ - INFO - Islenen urun ID: 800203159
2025-03-05 00:39:00 - __main__ - INFO - Urun: Samsung Frame VG-SCFA55TKBRU Teak 55" Çerçeve ( OUTLET ), Indirim: %30.0, Sifir Fiyati: 799.0, Outlet Fiyati: 559.3
2025-03-05 00:39:00 - __main__ - INFO - Islenen urun ID: 800203163
2025-03-05 00:39:00 - __main__ - INFO - Urun: JBL GO ESSENTIAL, BLUETOOTH HOPARLÖR, IPX7, SIYAH ( OUTLET ), Indirim: %30.0, Sifir Fiyati: 1789.0, Outlet Fiyati: 1252.3
2025-03-05 00:39:00 - __main__ - INFO - Islenen urun ID: 800203171
2025-03-05 00:39:00 - __main__ - INFO - Urun: JBL WAVE FLEX, KABLOSUZ KULAKIÇI KULAKLIK, MAVI ( OUTLET ), Indirim: %30.0, Sifir Fiyati: 3189.0, Outlet Fiyati: 2232.3
2025-03-05 00:39:00 - __main__ - INFO - Islenen urun ID: 800203303
2025-03-05 00:39:00 - __main__ - INFO - Urun: APPLE MWYK2ZM/A iPhone 11 Pro Þeffaf kýlýf ( OUTLET ), Indirim: %40.0, Sifir Fiyati: 419.0, Outlet Fiyati: 251.4
2025-03-05 00:39:00 - __main__ - INFO - Islenen urun ID: 800203305
2025-03-05 00:39:00 - __main__ - INFO - Urun: APPLE MWYK2ZM/A iPhone 11 Pro Þeffaf kýlýf ( OUTLET ), Indirim: %40.0, Sifir Fiyati: 419.0, Outlet Fiyati: 251.4
2025-03-05 00:39:00 - __main__ - INFO - Islenen urun ID: 800203307
2025-03-05 00:39:01 - __main__ - INFO - Urun: APPLE MWYK2ZM/A iPhone 11 Pro Þeffaf kýlýf ( OUTLET ), Indirim: %40.0, Sifir Fiyati: 419.0, Outlet Fiyati: 251.4
2025-03-05 00:39:01 - __main__ - INFO - Islenen urun ID: 800203309
2025-03-05 00:39:01 - __main__ - INFO - Urun: APPLE MWYK2ZM/A iPhone 11 Pro Þeffaf kýlýf ( OUTLET ), Indirim: %40.0, Sifir Fiyati: 419.0, Outlet Fiyati: 251.4
2025-03-05 00:39:01 - __main__ - INFO - Islenen urun ID: 800203311
2025-03-05 00:39:01 - __main__ - INFO - Urun: APPLE MWYK2ZM/A iPhone 11 Pro Þeffaf kýlýf ( OUTLET ), Indirim: %40.0, Sifir Fiyati: 419.0, Outlet Fiyati: 251.4
2025-03-05 00:39:01 - __main__ - INFO - Islenen urun ID: 800203313
2025-03-05 00:39:01 - __main__ - INFO - Urun: APPLE MWYK2ZM/A iPhone 11 Pro Þeffaf kýlýf ( OUTLET ), Indirim: %40.0, Sifir Fiyati: 419.0, Outlet Fiyati: 251.4
2025-03-05 00:39:01 - __main__ - INFO - Islenen urun ID: 800203315
2025-03-05 00:39:01 - __main__ - INFO - Urun: APPLE MWYK2ZM/A iPhone 11 Pro Þeffaf kýlýf ( OUTLET ), Indirim: %40.0, Sifir Fiyati: 419.0, Outlet Fiyati: 251.4
2025-03-05 00:39:01 - __main__ - INFO - Islenen urun ID: 800203317
2025-03-05 00:39:01 - __main__ - INFO - Urun: APPLE MWYK2ZM/A iPhone 11 Pro Þeffaf kýlýf ( OUTLET ), Indirim: %40.0, Sifir Fiyati: 419.0, Outlet Fiyati: 251.4
2025-03-05 00:39:01 - __main__ - INFO - Islenen urun ID: 800203319
2025-03-05 00:39:01 - __main__ - INFO - Urun: APPLE MWYK2ZM/A iPhone 11 Pro Þeffaf kýlýf ( OUTLET ), Indirim: %40.0, Sifir Fiyati: 419.0, Outlet Fiyati: 251.4
2025-03-05 00:39:01 - __main__ - INFO - Islenen urun ID: 800203321
2025-03-05 00:39:01 - __main__ - INFO - Urun: APPLE MWYK2ZM/A iPhone 11 Pro Þeffaf kýlýf ( OUTLET ), Indirim: %40.0, Sifir Fiyati: 419.0, Outlet Fiyati: 251.4
2025-03-05 00:39:01 - __main__ - INFO - Islenen urun ID: 800203323
2025-03-05 00:39:01 - __main__ - INFO - Urun: APPLE MWYK2ZM/A iPhone 11 Pro Þeffaf kýlýf ( OUTLET ), Indirim: %40.0, Sifir Fiyati: 419.0, Outlet Fiyati: 251.4
2025-03-05 00:39:01 - __main__ - INFO - Bir sonraki sayfaya geçiliyor: https://www.teknosa.com/outlet?sort=newProduct-desc&s=%3AbestSellerPoint-desc&pg=3
2025-03-05 00:39:06 - __main__ - INFO - Sayfa 3 taraniyor...
2025-03-05 00:39:06 - __main__ - INFO - Sayfa 3'de 20 adet ürün bulundu.
2025-03-05 00:39:06 - __main__ - INFO - Islenen urun ID: 800203057
2025-03-05 00:39:06 - __main__ - INFO - Urun: HAVIT PJ205 PRO PRIME QUARTZ SMART PROJEKSIYON CIHAZI - HOPARLÖR - 1080P ANDROID TV 9.0 ( OUTLET ), Indirim: %25.0, Sifir Fiyati: 7999.0, Outlet Fiyati: 5999.25
2025-03-05 00:39:06 - __main__ - INFO - Islenen urun ID: 800203059
2025-03-05 00:39:06 - __main__ - INFO - Urun: PHILIPS TAB6405 Gümüþ Dolby Audio 2.1 Kanal 140W ( OUTLET ), Indirim: %30.0, Sifir Fiyati: 13999.0, Outlet Fiyati: 9799.3
2025-03-05 00:39:06 - __main__ - INFO - Islenen urun ID: 800203145
2025-03-05 00:39:06 - __main__ - INFO - Urun: APPLE MX0E2ZM/A iPhone 11 Pro Max Deri kýlýf - Siyah ( OUTLET ), Indirim: %40.0, Sifir Fiyati: 419.0, Outlet Fiyati: 251.4
2025-03-05 00:39:06 - __main__ - INFO - Islenen urun ID: 800203147
2025-03-05 00:39:06 - __main__ - INFO - Urun: APPLE MX0E2ZM/A iPhone 11 Pro Max Deri kýlýf - Siyah ( OUTLET ), Indirim: %40.0, Sifir Fiyati: 419.0, Outlet Fiyati: 251.4
2025-03-05 00:39:06 - __main__ - INFO - Islenen urun ID: 800203149
2025-03-05 00:39:06 - __main__ - INFO - Urun: APPLE MX0E2ZM/A iPhone 11 Pro Max Deri kýlýf - Siyah ( OUTLET ), Indirim: %40.0, Sifir Fiyati: 419.0, Outlet Fiyati: 251.4
2025-03-05 00:39:06 - __main__ - INFO - Islenen urun ID: 800203151
2025-03-05 00:39:06 - __main__ - INFO - Urun: APPLE MX0E2ZM/A iPhone 11 Pro Max Deri kýlýf - Siyah ( OUTLET ), Indirim: %40.0, Sifir Fiyati: 419.0, Outlet Fiyati: 251.4
2025-03-05 00:39:06 - __main__ - INFO - Islenen urun ID: 800203159
2025-03-05 00:39:06 - __main__ - INFO - Urun: Samsung Frame VG-SCFA55TKBRU Teak 55" Çerçeve ( OUTLET ), Indirim: %30.0, Sifir Fiyati: 799.0, Outlet Fiyati: 559.3
2025-03-05 00:39:07 - __main__ - INFO - Islenen urun ID: 800203163
2025-03-05 00:39:07 - __main__ - INFO - Urun: JBL GO ESSENTIAL, BLUETOOTH HOPARLÖR, IPX7, SIYAH ( OUTLET ), Indirim: %30.0, Sifir Fiyati: 1789.0, Outlet Fiyati: 1252.3
2025-03-05 00:39:07 - __main__ - INFO - Islenen urun ID: 800203171
2025-03-05 00:39:07 - __main__ - INFO - Urun: JBL WAVE FLEX, KABLOSUZ KULAKIÇI KULAKLIK, MAVI ( OUTLET ), Indirim: %30.0, Sifir Fiyati: 3189.0, Outlet Fiyati: 2232.3
2025-03-05 00:39:07 - __main__ - INFO - Islenen urun ID: 800203303
2025-03-05 00:39:07 - __main__ - INFO - Urun: APPLE MWYK2ZM/A iPhone 11 Pro Þeffaf kýlýf ( OUTLET ), Indirim: %40.0, Sifir Fiyati: 419.0, Outlet Fiyati: 251.4
2025-03-05 00:39:07 - __main__ - INFO - Islenen urun ID: 800203305
2025-03-05 00:39:07 - __main__ - INFO - Urun: APPLE MWYK2ZM/A iPhone 11 Pro Þeffaf kýlýf ( OUTLET ), Indirim: %40.0, Sifir Fiyati: 419.0, Outlet Fiyati: 251.4
2025-03-05 00:39:07 - __main__ - INFO - Islenen urun ID: 800203307
2025-03-05 00:39:07 - __main__ - INFO - Urun: APPLE MWYK2ZM/A iPhone 11 Pro Þeffaf kýlýf ( OUTLET ), Indirim: %40.0, Sifir Fiyati: 419.0, Outlet Fiyati: 251.4
2025-03-05 00:39:07 - __main__ - INFO - Islenen urun ID: 800203309
2025-03-05 00:39:07 - __main__ - INFO - Urun: APPLE MWYK2ZM/A iPhone 11 Pro Þeffaf kýlýf ( OUTLET ), Indirim: %40.0, Sifir Fiyati: 419.0, Outlet Fiyati: 251.4
2025-03-05 00:39:07 - __main__ - INFO - Islenen urun ID: 800203311
2025-03-05 00:39:07 - __main__ - INFO - Urun: APPLE MWYK2ZM/A iPhone 11 Pro Þeffaf kýlýf ( OUTLET ), Indirim: %40.0, Sifir Fiyati: 419.0, Outlet Fiyati: 251.4
2025-03-05 00:39:07 - __main__ - INFO - Islenen urun ID: 800203313
2025-03-05 00:39:07 - __main__ - INFO - Urun: APPLE MWYK2ZM/A iPhone 11 Pro Þeffaf kýlýf ( OUTLET ), Indirim: %40.0, Sifir Fiyati: 419.0, Outlet Fiyati: 251.4
2025-03-05 00:39:07 - __main__ - INFO - Islenen urun ID: 800203315
2025-03-05 00:39:07 - __main__ - INFO - Urun: APPLE MWYK2ZM/A iPhone 11 Pro Þeffaf kýlýf ( OUTLET ), Indirim: %40.0, Sifir Fiyati: 419.0, Outlet Fiyati: 251.4
2025-03-05 00:39:07 - __main__ - INFO - Islenen urun ID: 800203317
2025-03-05 00:39:07 - __main__ - INFO - Urun: APPLE MWYK2ZM/A iPhone 11 Pro Þeffaf kýlýf ( OUTLET ), Indirim: %40.0, Sifir Fiyati: 419.0, Outlet Fiyati: 251.4
2025-03-05 00:39:07 - __main__ - INFO - Islenen urun ID: 800203319
2025-03-05 00:39:07 - __main__ - INFO - Urun: APPLE MWYK2ZM/A iPhone 11 Pro Þeffaf kýlýf ( OUTLET ), Indirim: %40.0, Sifir Fiyati: 419.0, Outlet Fiyati: 251.4
2025-03-05 00:39:07 - __main__ - INFO - Islenen urun ID: 800203321
2025-03-05 00:39:07 - __main__ - INFO - Urun: APPLE MWYK2ZM/A iPhone 11 Pro Þeffaf kýlýf ( OUTLET ), Indirim: %40.0, Sifir Fiyati: 419.0, Outlet Fiyati: 251.4
2025-03-05 00:39:07 - __main__ - INFO - Islenen urun ID: 800203323
2025-03-05 00:39:08 - __main__ - INFO - Urun: APPLE MWYK2ZM/A iPhone 11 Pro Þeffaf kýlýf ( OUTLET ), Indirim: %40.0, Sifir Fiyati: 419.0, Outlet Fiyati: 251.4
2025-03-05 00:39:08 - __main__ - INFO - Bir sonraki sayfaya geçiliyor: https://www.teknosa.com/outlet?sort=newProduct-desc&s=%3AbestSellerPoint-desc&pg=4
2025-03-05 00:39:12 - __main__ - INFO - Sayfa 4 taraniyor...
2025-03-05 00:39:12 - __main__ - INFO - Sayfa 4'de 20 adet ürün bulundu.
2025-03-05 00:39:12 - __main__ - INFO - Islenen urun ID: 800205161
2025-03-05 00:39:12 - __main__ - INFO - Urun: LG ULTRAGEAR 34WP75CP-B.APD 34 INCH 160 HZ 1MS MBR WQHD VA SIYAH GAMING MONITÖR ( TESHIR ), Indirim: %15.0, Sifir Fiyati: 17999.0, Outlet Fiyati: 15299.15
2025-03-05 00:39:12 - __main__ - INFO - Islenen urun ID: 800205175
2025-03-05 00:39:12 - __main__ - INFO - Urun: PS5 DUALSENSE EDGE CONTROLLER/EAS ( OUTLET ), Indirim: %25.0, Sifir Fiyati: 12499.0, Outlet Fiyati: 9374.25
2025-03-05 00:39:12 - __main__ - INFO - Islenen urun ID: 800205197
2025-03-05 00:39:13 - __main__ - INFO - Urun: PREO MS37 PRO TWS KABLOSUZ BLUETOOTH KULAKLIK SÝYAH ( OUTLET ), Indirim: %35.0, Sifir Fiyati: 799.99, Outlet Fiyati: 519.99
2025-03-05 00:39:13 - __main__ - INFO - Islenen urun ID: 800205199
2025-03-05 00:39:13 - __main__ - INFO - Urun: LOGITECH K400+ KABLOSUZ TV KLAVYESI SIYAH ( OUTLET ), Indirim: %25.0, Sifir Fiyati: 1469.0, Outlet Fiyati: 1101.75
2025-03-05 00:39:13 - __main__ - INFO - Islenen urun ID: 800205205
2025-03-05 00:39:13 - __main__ - INFO - Urun: TP-LINK ARCHER T2U NANO AC600 NANO WIRELESS USB ADAPTÖR ( OUTLET ), Indirim: %35.0, Sifir Fiyati: 579.0, Outlet Fiyati: 376.35
2025-03-05 00:39:13 - __main__ - INFO - Islenen urun ID: 800205217
2025-03-05 00:39:13 - __main__ - INFO - Urun: TP-LINK RE605X AX1800 WI-FI MENZIL GENIÞLETICI ( OUTLET ), Indirim: %25.0, Sifir Fiyati: 2199.0, Outlet Fiyati: 1649.25
2025-03-05 00:39:13 - __main__ - INFO - Islenen urun ID: 800205219
2025-03-05 00:39:13 - __main__ - INFO - Urun: Logitech Combo Touch Dokunmatik Panelli Klavyeli Kýlýf - iPad Pro 12,9? 5. Generasyon ( OUTLET ), Indirim: %25.0, Sifir Fiyati: 12999.0, Outlet Fiyati: 9749.25
2025-03-05 00:39:13 - __main__ - INFO - Islenen urun ID: 800205221
2025-03-05 00:39:13 - __main__ - INFO - Urun: TP-Link Archer VR400 AC1200 Kablosuz VDSL/ADSL Modem Router ( OUTLET ), Indirim: %25.0, Sifir Fiyati: 1899.0, Outlet Fiyati: 1424.25
2025-03-05 00:39:13 - __main__ - INFO - Islenen urun ID: 800205233
2025-03-05 00:39:13 - __main__ - INFO - Urun: NINTENDO SWITCH JOY-CON ÞARJ KOLU ( OUTLET ), Indirim: %25.0, Sifir Fiyati: 1499.0, Outlet Fiyati: 1124.25
2025-03-05 00:39:13 - __main__ - INFO - Islenen urun ID: 800205235
2025-03-05 00:39:13 - __main__ - INFO - Urun: PREO MS40 ANC+ENC METAL KASA TWS KABLOSUZ KULAKLIK SÝYAH ( OUTLET ), Indirim: %30.0, Sifir Fiyati: 1299.0, Outlet Fiyati: 909.3
2025-03-05 00:39:13 - __main__ - INFO - Islenen urun ID: 800205247
2025-03-05 00:39:13 - __main__ - INFO - Urun: MERCUSYS MT110 4G LTE MOBIL WI-FI ( OUTLET ), Indirim: %25.0, Sifir Fiyati: 1789.0, Outlet Fiyati: 1341.75
2025-03-05 00:39:13 - __main__ - INFO - Islenen urun ID: 800205251
2025-03-05 00:39:13 - __main__ - INFO - Urun: BASEUS BOWÝE E16 TRUE WÝRELESS BLUETOOTH KULAKLIK-BEYAZ ( OUTLET ), Indirim: %40.0, Sifir Fiyati: 699.0, Outlet Fiyati: 419.4
2025-03-05 00:39:13 - __main__ - INFO - Islenen urun ID: 800205253
2025-03-05 00:39:13 - __main__ - INFO - Urun: IYO CILT DOLGUNLAÞTIRICI, GENÇLEÞTIRICI VE LEKE KARÞITI 3 BOYUT ELMAS SILINDIRLI VE IÞIK BAKIM CIHAZI ( OUTLET ), Indirim: %25.0, Sifir Fiyati: 13900.0, Outlet Fiyati: 10425.0
2025-03-05 00:39:13 - __main__ - INFO - Islenen urun ID: 800205259
2025-03-05 00:39:13 - __main__ - INFO - Urun: TP-LINK TL-WR840N N300 WI-FI ROUTER ( OUTLET ), Indirim: %35.0, Sifir Fiyati: 699.0, Outlet Fiyati: 454.35
2025-03-05 00:39:13 - __main__ - INFO - Islenen urun ID: 800205263
2025-03-05 00:39:13 - __main__ - INFO - Urun: TP-LINK M7350 4G/LTE2550 MAH DAHILI PIL MIFI ÇIFTBAND OLED EKRANLI DIREKT SIM KART SLOTLU KABLOSUZ MOBIL ROUTER ( OUTLET ), Indirim: %30.0, Sifir Fiyati: 2999.0, Outlet Fiyati: 2099.3
2025-03-05 00:39:13 - __main__ - INFO - Islenen urun ID: 800205265
2025-03-05 00:39:14 - __main__ - INFO - Urun: ANKER SOUNDCORE R50Ý NC TWS KULAKLIK - BEYAZ ( OUTLET ), Indirim: %25.0, Sifir Fiyati: 1499.0, Outlet Fiyati: 1124.25
2025-03-05 00:39:14 - __main__ - INFO - Islenen urun ID: 800205267
2025-03-05 00:39:14 - __main__ - INFO - Urun: TAT1207BK GERÇEK KABLOSUZ KULAKLIK (IPX4) 6+12SA BT 5.2 MONO MOD SIYAH ( OUTLET ), Indirim: %30.0, Sifir Fiyati: 999.0, Outlet Fiyati: 699.3
2025-03-05 00:39:14 - __main__ - INFO - Islenen urun ID: 800205273
2025-03-05 00:39:14 - __main__ - INFO - Urun: JBL GO ESSENTIAL, BLUETOOTH HOPARLÖR, IPX7, KIRMIZI ( OUTLET ), Indirim: %25.0, Sifir Fiyati: 1789.0, Outlet Fiyati: 1341.75
2025-03-05 00:39:14 - __main__ - INFO - Islenen urun ID: 800205277
2025-03-05 00:39:14 - __main__ - INFO - Urun: JBL GO ESSENTIAL, BLUETOOTH HOPARLÖR, IPX7, SIYAH ( OUTLET ), Indirim: %25.0, Sifir Fiyati: 1789.0, Outlet Fiyati: 1341.75
2025-03-05 00:39:14 - __main__ - INFO - Islenen urun ID: 800205281
2025-03-05 00:39:14 - __main__ - INFO - Urun: MERCUSYS MT110 4G LTE MOBIL WI-FI ( OUTLET ), Indirim: %25.0, Sifir Fiyati: 1789.0, Outlet Fiyati: 1341.75
2025-03-05 00:39:14 - __main__ - INFO - Bir sonraki sayfaya geçiliyor: https://www.teknosa.com/outlet?sort=newProduct-desc&s=%3AbestSellerPoint-desc&pg=5
2025-03-05 00:39:18 - __main__ - INFO - Sayfa 5 taraniyor...
2025-03-05 00:39:18 - __main__ - INFO - Sayfa 5'de 20 adet ürün bulundu.
2025-03-05 00:39:18 - __main__ - INFO - Islenen urun ID: 800203057
2025-03-05 00:39:18 - __main__ - INFO - Urun: HAVIT PJ205 PRO PRIME QUARTZ SMART PROJEKSIYON CIHAZI - HOPARLÖR - 1080P ANDROID TV 9.0 ( OUTLET ), Indirim: %25.0, Sifir Fiyati: 7999.0, Outlet Fiyati: 5999.25
2025-03-05 00:39:18 - __main__ - INFO - Islenen urun ID: 800203059
2025-03-05 00:39:18 - __main__ - INFO - Urun: PHILIPS TAB6405 Gümüþ Dolby Audio 2.1 Kanal 140W ( OUTLET ), Indirim: %30.0, Sifir Fiyati: 13999.0, Outlet Fiyati: 9799.3
2025-03-05 00:39:18 - __main__ - INFO - Islenen urun ID: 800203145
2025-03-05 00:39:19 - __main__ - INFO - Urun: APPLE MX0E2ZM/A iPhone 11 Pro Max Deri kýlýf - Siyah ( OUTLET ), Indirim: %40.0, Sifir Fiyati: 419.0, Outlet Fiyati: 251.4
2025-03-05 00:39:19 - __main__ - INFO - Islenen urun ID: 800203147
2025-03-05 00:39:19 - __main__ - INFO - Urun: APPLE MX0E2ZM/A iPhone 11 Pro Max Deri kýlýf - Siyah ( OUTLET ), Indirim: %40.0, Sifir Fiyati: 419.0, Outlet Fiyati: 251.4
2025-03-05 00:39:19 - __main__ - INFO - Islenen urun ID: 800203149
2025-03-05 00:39:19 - __main__ - INFO - Urun: APPLE MX0E2ZM/A iPhone 11 Pro Max Deri kýlýf - Siyah ( OUTLET ), Indirim: %40.0, Sifir Fiyati: 419.0, Outlet Fiyati: 251.4
2025-03-05 00:39:19 - __main__ - INFO - Islenen urun ID: 800203151
2025-03-05 00:39:19 - __main__ - INFO - Urun: APPLE MX0E2ZM/A iPhone 11 Pro Max Deri kýlýf - Siyah ( OUTLET ), Indirim: %40.0, Sifir Fiyati: 419.0, Outlet Fiyati: 251.4
2025-03-05 00:39:19 - __main__ - INFO - Islenen urun ID: 800203159
2025-03-05 00:39:19 - __main__ - INFO - Urun: Samsung Frame VG-SCFA55TKBRU Teak 55" Çerçeve ( OUTLET ), Indirim: %30.0, Sifir Fiyati: 799.0, Outlet Fiyati: 559.3
2025-03-05 00:39:19 - __main__ - INFO - Islenen urun ID: 800203163
2025-03-05 00:39:19 - __main__ - INFO - Urun: JBL GO ESSENTIAL, BLUETOOTH HOPARLÖR, IPX7, SIYAH ( OUTLET ), Indirim: %30.0, Sifir Fiyati: 1789.0, Outlet Fiyati: 1252.3
2025-03-05 00:39:19 - __main__ - INFO - Islenen urun ID: 800203171
2025-03-05 00:39:19 - __main__ - INFO - Urun: JBL WAVE FLEX, KABLOSUZ KULAKIÇI KULAKLIK, MAVI ( OUTLET ), Indirim: %30.0, Sifir Fiyati: 3189.0, Outlet Fiyati: 2232.3
2025-03-05 00:39:19 - __main__ - INFO - Islenen urun ID: 800203303
2025-03-05 00:39:19 - __main__ - INFO - Urun: APPLE MWYK2ZM/A iPhone 11 Pro Þeffaf kýlýf ( OUTLET ), Indirim: %40.0, Sifir Fiyati: 419.0, Outlet Fiyati: 251.4
2025-03-05 00:39:19 - __main__ - INFO - Islenen urun ID: 800203305
2025-03-05 00:39:19 - __main__ - INFO - Urun: APPLE MWYK2ZM/A iPhone 11 Pro Þeffaf kýlýf ( OUTLET ), Indirim: %40.0, Sifir Fiyati: 419.0, Outlet Fiyati: 251.4
2025-03-05 00:39:19 - __main__ - INFO - Islenen urun ID: 800203307
2025-03-05 00:39:19 - __main__ - INFO - Urun: APPLE MWYK2ZM/A iPhone 11 Pro Þeffaf kýlýf ( OUTLET ), Indirim: %40.0, Sifir Fiyati: 419.0, Outlet Fiyati: 251.4
2025-03-05 00:39:19 - __main__ - INFO - Islenen urun ID: 800203309
2025-03-05 00:39:19 - __main__ - INFO - Urun: APPLE MWYK2ZM/A iPhone 11 Pro Þeffaf kýlýf ( OUTLET ), Indirim: %40.0, Sifir Fiyati: 419.0, Outlet Fiyati: 251.4
2025-03-05 00:39:19 - __main__ - INFO - Islenen urun ID: 800203311
2025-03-05 00:39:19 - __main__ - INFO - Urun: APPLE MWYK2ZM/A iPhone 11 Pro Þeffaf kýlýf ( OUTLET ), Indirim: %40.0, Sifir Fiyati: 419.0, Outlet Fiyati: 251.4
2025-03-05 00:39:19 - __main__ - INFO - Islenen urun ID: 800203313
2025-03-05 00:39:19 - __main__ - INFO - Urun: APPLE MWYK2ZM/A iPhone 11 Pro Þeffaf kýlýf ( OUTLET ), Indirim: %40.0, Sifir Fiyati: 419.0, Outlet Fiyati: 251.4
2025-03-05 00:39:20 - __main__ - INFO - Islenen urun ID: 800203315
2025-03-05 00:39:20 - __main__ - INFO - Urun: APPLE MWYK2ZM/A iPhone 11 Pro Þeffaf kýlýf ( OUTLET ), Indirim: %40.0, Sifir Fiyati: 419.0, Outlet Fiyati: 251.4
2025-03-05 00:39:20 - __main__ - INFO - Islenen urun ID: 800203317
2025-03-05 00:39:20 - __main__ - INFO - Urun: APPLE MWYK2ZM/A iPhone 11 Pro Þeffaf kýlýf ( OUTLET ), Indirim: %40.0, Sifir Fiyati: 419.0, Outlet Fiyati: 251.4
2025-03-05 00:39:20 - __main__ - INFO - Islenen urun ID: 800203319
2025-03-05 00:39:20 - __main__ - INFO - Urun: APPLE MWYK2ZM/A iPhone 11 Pro Þeffaf kýlýf ( OUTLET ), Indirim: %40.0, Sifir Fiyati: 419.0, Outlet Fiyati: 251.4
2025-03-05 00:39:20 - __main__ - INFO - Islenen urun ID: 800203321
2025-03-05 00:39:20 - __main__ - INFO - Urun: APPLE MWYK2ZM/A iPhone 11 Pro Þeffaf kýlýf ( OUTLET ), Indirim: %40.0, Sifir Fiyati: 419.0, Outlet Fiyati: 251.4
2025-03-05 00:39:20 - __main__ - INFO - Islenen urun ID: 800203323
2025-03-05 00:39:20 - __main__ - INFO - Urun: APPLE MWYK2ZM/A iPhone 11 Pro Þeffaf kýlýf ( OUTLET ), Indirim: %40.0, Sifir Fiyati: 419.0, Outlet Fiyati: 251.4
2025-03-05 00:39:20 - __main__ - INFO - Bir sonraki sayfaya geçiliyor: https://www.teknosa.com/outlet?sort=newProduct-desc&s=%3AbestSellerPoint-desc&pg=6
2025-03-05 00:39:25 - __main__ - INFO - Sayfa 6 taraniyor...
2025-03-05 00:39:25 - __main__ - INFO - Sayfa 6'de 20 adet ürün bulundu.
2025-03-05 00:39:25 - __main__ - INFO - Islenen urun ID: 800205161
2025-03-05 00:39:25 - __main__ - INFO - Urun: LG ULTRAGEAR 34WP75CP-B.APD 34 INCH 160 HZ 1MS MBR WQHD VA SIYAH GAMING MONITÖR ( TESHIR ), Indirim: %15.0, Sifir Fiyati: 17999.0, Outlet Fiyati: 15299.15
2025-03-05 00:39:25 - __main__ - INFO - Islenen urun ID: 800205175
2025-03-05 00:39:25 - __main__ - INFO - Urun: PS5 DUALSENSE EDGE CONTROLLER/EAS ( OUTLET ), Indirim: %25.0, Sifir Fiyati: 12499.0, Outlet Fiyati: 9374.25
2025-03-05 00:39:25 - __main__ - INFO - Islenen urun ID: 800205197
2025-03-05 00:39:25 - __main__ - INFO - Urun: PREO MS37 PRO TWS KABLOSUZ BLUETOOTH KULAKLIK SÝYAH ( OUTLET ), Indirim: %35.0, Sifir Fiyati: 799.99, Outlet Fiyati: 519.99
2025-03-05 00:39:25 - __main__ - INFO - Islenen urun ID: 800205199
2025-03-05 00:39:25 - __main__ - INFO - Urun: LOGITECH K400+ KABLOSUZ TV KLAVYESI SIYAH ( OUTLET ), Indirim: %25.0, Sifir Fiyati: 1469.0, Outlet Fiyati: 1101.75
2025-03-05 00:39:25 - __main__ - INFO - Islenen urun ID: 800205205
2025-03-05 00:39:25 - __main__ - INFO - Urun: TP-LINK ARCHER T2U NANO AC600 NANO WIRELESS USB ADAPTÖR ( OUTLET ), Indirim: %35.0, Sifir Fiyati: 579.0, Outlet Fiyati: 376.35
2025-03-05 00:39:25 - __main__ - INFO - Islenen urun ID: 800205217
2025-03-05 00:39:25 - __main__ - INFO - Urun: TP-LINK RE605X AX1800 WI-FI MENZIL GENIÞLETICI ( OUTLET ), Indirim: %25.0, Sifir Fiyati: 2199.0, Outlet Fiyati: 1649.25
2025-03-05 00:39:25 - __main__ - INFO - Islenen urun ID: 800205219
2025-03-05 00:39:25 - __main__ - INFO - Urun: Logitech Combo Touch Dokunmatik Panelli Klavyeli Kýlýf - iPad Pro 12,9? 5. Generasyon ( OUTLET ), Indirim: %25.0, Sifir Fiyati: 12999.0, Outlet Fiyati: 9749.25
2025-03-05 00:39:25 - __main__ - INFO - Islenen urun ID: 800205221
2025-03-05 00:39:25 - __main__ - INFO - Urun: TP-Link Archer VR400 AC1200 Kablosuz VDSL/ADSL Modem Router ( OUTLET ), Indirim: %25.0, Sifir Fiyati: 1899.0, Outlet Fiyati: 1424.25
2025-03-05 00:39:25 - __main__ - INFO - Islenen urun ID: 800205233
2025-03-05 00:39:25 - __main__ - INFO - Urun: NINTENDO SWITCH JOY-CON ÞARJ KOLU ( OUTLET ), Indirim: %25.0, Sifir Fiyati: 1499.0, Outlet Fiyati: 1124.25
2025-03-05 00:39:25 - __main__ - INFO - Islenen urun ID: 800205235
2025-03-05 00:39:25 - __main__ - INFO - Urun: PREO MS40 ANC+ENC METAL KASA TWS KABLOSUZ KULAKLIK SÝYAH ( OUTLET ), Indirim: %30.0, Sifir Fiyati: 1299.0, Outlet Fiyati: 909.3
2025-03-05 00:39:25 - __main__ - INFO - Islenen urun ID: 800205247
2025-03-05 00:39:25 - __main__ - INFO - Urun: MERCUSYS MT110 4G LTE MOBIL WI-FI ( OUTLET ), Indirim: %25.0, Sifir Fiyati: 1789.0, Outlet Fiyati: 1341.75
2025-03-05 00:39:25 - __main__ - INFO - Islenen urun ID: 800205251
2025-03-05 00:39:26 - __main__ - INFO - Urun: BASEUS BOWÝE E16 TRUE WÝRELESS BLUETOOTH KULAKLIK-BEYAZ ( OUTLET ), Indirim: %40.0, Sifir Fiyati: 699.0, Outlet Fiyati: 419.4
2025-03-05 00:39:26 - __main__ - INFO - Islenen urun ID: 800205253
2025-03-05 00:39:26 - __main__ - INFO - Urun: IYO CILT DOLGUNLAÞTIRICI, GENÇLEÞTIRICI VE LEKE KARÞITI 3 BOYUT ELMAS SILINDIRLI VE IÞIK BAKIM CIHAZI ( OUTLET ), Indirim: %25.0, Sifir Fiyati: 13900.0, Outlet Fiyati: 10425.0
2025-03-05 00:39:26 - __main__ - INFO - Islenen urun ID: 800205259
2025-03-05 00:39:26 - __main__ - INFO - Urun: TP-LINK TL-WR840N N300 WI-FI ROUTER ( OUTLET ), Indirim: %35.0, Sifir Fiyati: 699.0, Outlet Fiyati: 454.35
2025-03-05 00:39:26 - __main__ - INFO - Islenen urun ID: 800205263
2025-03-05 00:39:26 - __main__ - INFO - Urun: TP-LINK M7350 4G/LTE2550 MAH DAHILI PIL MIFI ÇIFTBAND OLED EKRANLI DIREKT SIM KART SLOTLU KABLOSUZ MOBIL ROUTER ( OUTLET ), Indirim: %30.0, Sifir Fiyati: 2999.0, Outlet Fiyati: 2099.3
2025-03-05 00:39:26 - __main__ - INFO - Islenen urun ID: 800205265
2025-03-05 00:39:26 - __main__ - INFO - Urun: ANKER SOUNDCORE R50Ý NC TWS KULAKLIK - BEYAZ ( OUTLET ), Indirim: %25.0, Sifir Fiyati: 1499.0, Outlet Fiyati: 1124.25
2025-03-05 00:39:26 - __main__ - INFO - Islenen urun ID: 800205267
2025-03-05 00:39:26 - __main__ - INFO - Urun: TAT1207BK GERÇEK KABLOSUZ KULAKLIK (IPX4) 6+12SA BT 5.2 MONO MOD SIYAH ( OUTLET ), Indirim: %30.0, Sifir Fiyati: 999.0, Outlet Fiyati: 699.3
2025-03-05 00:39:26 - __main__ - INFO - Islenen urun ID: 800205273
2025-03-05 00:39:26 - __main__ - INFO - Urun: JBL GO ESSENTIAL, BLUETOOTH HOPARLÖR, IPX7, KIRMIZI ( OUTLET ), Indirim: %25.0, Sifir Fiyati: 1789.0, Outlet Fiyati: 1341.75
2025-03-05 00:39:26 - __main__ - INFO - Islenen urun ID: 800205277
2025-03-05 00:39:26 - __main__ - INFO - Urun: JBL GO ESSENTIAL, BLUETOOTH HOPARLÖR, IPX7, SIYAH ( OUTLET ), Indirim: %25.0, Sifir Fiyati: 1789.0, Outlet Fiyati: 1341.75
2025-03-05 00:39:26 - __main__ - INFO - Islenen urun ID: 800205281
2025-03-05 00:39:26 - __main__ - INFO - Urun: MERCUSYS MT110 4G LTE MOBIL WI-FI ( OUTLET ), Indirim: %25.0, Sifir Fiyati: 1789.0, Outlet Fiyati: 1341.75
2025-03-05 00:39:26 - __main__ - INFO - Bir sonraki sayfaya geçiliyor: https://www.teknosa.com/outlet?sort=newProduct-desc&s=%3AbestSellerPoint-desc&pg=7
2025-03-05 00:39:31 - __main__ - INFO - Sayfa 7 taraniyor...
2025-03-05 00:39:31 - __main__ - INFO - Sayfa 7'de 20 adet ürün bulundu.
2025-03-05 00:39:31 - __main__ - INFO - Islenen urun ID: 800205161
2025-03-05 00:39:31 - __main__ - INFO - Urun: LG ULTRAGEAR 34WP75CP-B.APD 34 INCH 160 HZ 1MS MBR WQHD VA SIYAH GAMING MONITÖR ( TESHIR ), Indirim: %15.0, Sifir Fiyati: 17999.0, Outlet Fiyati: 15299.15
2025-03-05 00:39:31 - __main__ - INFO - Islenen urun ID: 800205175
2025-03-05 00:39:31 - __main__ - INFO - Urun: PS5 DUALSENSE EDGE CONTROLLER/EAS ( OUTLET ), Indirim: %25.0, Sifir Fiyati: 12499.0, Outlet Fiyati: 9374.25
2025-03-05 00:39:31 - __main__ - INFO - Islenen urun ID: 800205197
2025-03-05 00:39:31 - __main__ - INFO - Urun: PREO MS37 PRO TWS KABLOSUZ BLUETOOTH KULAKLIK SÝYAH ( OUTLET ), Indirim: %35.0, Sifir Fiyati: 799.99, Outlet Fiyati: 519.99
2025-03-05 00:39:31 - __main__ - INFO - Islenen urun ID: 800205199
2025-03-05 00:39:31 - __main__ - INFO - Urun: LOGITECH K400+ KABLOSUZ TV KLAVYESI SIYAH ( OUTLET ), Indirim: %25.0, Sifir Fiyati: 1469.0, Outlet Fiyati: 1101.75
2025-03-05 00:39:31 - __main__ - INFO - Islenen urun ID: 800205205
2025-03-05 00:39:31 - __main__ - INFO - Urun: TP-LINK ARCHER T2U NANO AC600 NANO WIRELESS USB ADAPTÖR ( OUTLET ), Indirim: %35.0, Sifir Fiyati: 579.0, Outlet Fiyati: 376.35
2025-03-05 00:39:31 - __main__ - INFO - Islenen urun ID: 800205217
2025-03-05 00:39:31 - __main__ - INFO - Urun: TP-LINK RE605X AX1800 WI-FI MENZIL GENIÞLETICI ( OUTLET ), Indirim: %25.0, Sifir Fiyati: 2199.0, Outlet Fiyati: 1649.25
2025-03-05 00:39:31 - __main__ - INFO - Islenen urun ID: 800205219
2025-03-05 00:39:31 - __main__ - INFO - Urun: Logitech Combo Touch Dokunmatik Panelli Klavyeli Kýlýf - iPad Pro 12,9? 5. Generasyon ( OUTLET ), Indirim: %25.0, Sifir Fiyati: 12999.0, Outlet Fiyati: 9749.25
2025-03-05 00:39:31 - __main__ - INFO - Islenen urun ID: 800205221
2025-03-05 00:39:31 - __main__ - INFO - Urun: TP-Link Archer VR400 AC1200 Kablosuz VDSL/ADSL Modem Router ( OUTLET ), Indirim: %25.0, Sifir Fiyati: 1899.0, Outlet Fiyati: 1424.25
2025-03-05 00:39:31 - __main__ - INFO - Islenen urun ID: 800205233
2025-03-05 00:39:31 - __main__ - INFO - Urun: NINTENDO SWITCH JOY-CON ÞARJ KOLU ( OUTLET ), Indirim: %25.0, Sifir Fiyati: 1499.0, Outlet Fiyati: 1124.25
2025-03-05 00:39:31 - __main__ - INFO - Islenen urun ID: 800205235
2025-03-05 00:39:31 - __main__ - INFO - Urun: PREO MS40 ANC+ENC METAL KASA TWS KABLOSUZ KULAKLIK SÝYAH ( OUTLET ), Indirim: %30.0, Sifir Fiyati: 1299.0, Outlet Fiyati: 909.3
2025-03-05 00:39:32 - __main__ - INFO - Islenen urun ID: 800205247
2025-03-05 00:39:32 - __main__ - INFO - Urun: MERCUSYS MT110 4G LTE MOBIL WI-FI ( OUTLET ), Indirim: %25.0, Sifir Fiyati: 1789.0, Outlet Fiyati: 1341.75
2025-03-05 00:39:32 - __main__ - INFO - Islenen urun ID: 800205251
2025-03-05 00:39:32 - __main__ - INFO - Urun: BASEUS BOWÝE E16 TRUE WÝRELESS BLUETOOTH KULAKLIK-BEYAZ ( OUTLET ), Indirim: %40.0, Sifir Fiyati: 699.0, Outlet Fiyati: 419.4
2025-03-05 00:39:32 - __main__ - INFO - Islenen urun ID: 800205253
2025-03-05 00:39:32 - __main__ - INFO - Urun: IYO CILT DOLGUNLAÞTIRICI, GENÇLEÞTIRICI VE LEKE KARÞITI 3 BOYUT ELMAS SILINDIRLI VE IÞIK BAKIM CIHAZI ( OUTLET ), Indirim: %25.0, Sifir Fiyati: 13900.0, Outlet Fiyati: 10425.0
2025-03-05 00:39:32 - __main__ - INFO - Islenen urun ID: 800205259
2025-03-05 00:39:32 - __main__ - INFO - Urun: TP-LINK TL-WR840N N300 WI-FI ROUTER ( OUTLET ), Indirim: %35.0, Sifir Fiyati: 699.0, Outlet Fiyati: 454.35
2025-03-05 00:39:32 - __main__ - INFO - Islenen urun ID: 800205263
2025-03-05 00:39:32 - __main__ - INFO - Urun: TP-LINK M7350 4G/LTE2550 MAH DAHILI PIL MIFI ÇIFTBAND OLED EKRANLI DIREKT SIM KART SLOTLU KABLOSUZ MOBIL ROUTER ( OUTLET ), Indirim: %30.0, Sifir Fiyati: 2999.0, Outlet Fiyati: 2099.3
2025-03-05 00:39:32 - __main__ - INFO - Islenen urun ID: 800205265
2025-03-05 00:39:32 - __main__ - INFO - Urun: ANKER SOUNDCORE R50Ý NC TWS KULAKLIK - BEYAZ ( OUTLET ), Indirim: %25.0, Sifir Fiyati: 1499.0, Outlet Fiyati: 1124.25
2025-03-05 00:39:32 - __main__ - INFO - Islenen urun ID: 800205267
2025-03-05 00:39:32 - __main__ - INFO - Urun: TAT1207BK GERÇEK KABLOSUZ KULAKLIK (IPX4) 6+12SA BT 5.2 MONO MOD SIYAH ( OUTLET ), Indirim: %30.0, Sifir Fiyati: 999.0, Outlet Fiyati: 699.3
2025-03-05 00:39:32 - __main__ - INFO - Islenen urun ID: 800205273
2025-03-05 00:39:32 - __main__ - INFO - Urun: JBL GO ESSENTIAL, BLUETOOTH HOPARLÖR, IPX7, KIRMIZI ( OUTLET ), Indirim: %25.0, Sifir Fiyati: 1789.0, Outlet Fiyati: 1341.75
2025-03-05 00:39:32 - __main__ - INFO - Islenen urun ID: 800205277
2025-03-05 00:39:32 - __main__ - INFO - Urun: JBL GO ESSENTIAL, BLUETOOTH HOPARLÖR, IPX7, SIYAH ( OUTLET ), Indirim: %25.0, Sifir Fiyati: 1789.0, Outlet Fiyati: 1341.75
2025-03-05 00:39:32 - __main__ - INFO - Islenen urun ID: 800205281
2025-03-05 00:39:32 - __main__ - INFO - Urun: MERCUSYS MT110 4G LTE MOBIL WI-FI ( OUTLET ), Indirim: %25.0, Sifir Fiyati: 1789.0, Outlet Fiyati: 1341.75
2025-03-05 00:39:32 - __main__ - INFO - Bir sonraki sayfaya geçiliyor: https://www.teknosa.com/outlet?sort=newProduct-desc&s=%3AbestSellerPoint-desc&pg=8
2025-03-05 00:39:37 - __main__ - INFO - Sayfa 8 taraniyor...
2025-03-05 00:39:37 - __main__ - INFO - Sayfa 8'de 20 adet ürün bulundu.
2025-03-05 00:39:37 - __main__ - INFO - Islenen urun ID: 800205161
2025-03-05 00:39:37 - __main__ - INFO - Urun: LG ULTRAGEAR 34WP75CP-B.APD 34 INCH 160 HZ 1MS MBR WQHD VA SIYAH GAMING MONITÖR ( TESHIR ), Indirim: %15.0, Sifir Fiyati: 17999.0, Outlet Fiyati: 15299.15
2025-03-05 00:39:37 - __main__ - INFO - Islenen urun ID: 800205175
2025-03-05 00:39:37 - __main__ - INFO - Urun: PS5 DUALSENSE EDGE CONTROLLER/EAS ( OUTLET ), Indirim: %25.0, Sifir Fiyati: 12499.0, Outlet Fiyati: 9374.25
2025-03-05 00:39:37 - __main__ - INFO - Islenen urun ID: 800205197
2025-03-05 00:39:37 - __main__ - INFO - Urun: PREO MS37 PRO TWS KABLOSUZ BLUETOOTH KULAKLIK SÝYAH ( OUTLET ), Indirim: %35.0, Sifir Fiyati: 799.99, Outlet Fiyati: 519.99
2025-03-05 00:39:37 - __main__ - INFO - Islenen urun ID: 800205199
2025-03-05 00:39:37 - __main__ - INFO - Urun: LOGITECH K400+ KABLOSUZ TV KLAVYESI SIYAH ( OUTLET ), Indirim: %25.0, Sifir Fiyati: 1469.0, Outlet Fiyati: 1101.75
2025-03-05 00:39:37 - __main__ - INFO - Islenen urun ID: 800205205
2025-03-05 00:39:37 - __main__ - INFO - Urun: TP-LINK ARCHER T2U NANO AC600 NANO WIRELESS USB ADAPTÖR ( OUTLET ), Indirim: %35.0, Sifir Fiyati: 579.0, Outlet Fiyati: 376.35
2025-03-05 00:39:37 - __main__ - INFO - Islenen urun ID: 800205217
2025-03-05 00:39:37 - __main__ - INFO - Urun: TP-LINK RE605X AX1800 WI-FI MENZIL GENIÞLETICI ( OUTLET ), Indirim: %25.0, Sifir Fiyati: 2199.0, Outlet Fiyati: 1649.25
2025-03-05 00:39:37 - __main__ - INFO - Islenen urun ID: 800205219
2025-03-05 00:39:38 - __main__ - INFO - Urun: Logitech Combo Touch Dokunmatik Panelli Klavyeli Kýlýf - iPad Pro 12,9? 5. Generasyon ( OUTLET ), Indirim: %25.0, Sifir Fiyati: 12999.0, Outlet Fiyati: 9749.25
2025-03-05 00:39:38 - __main__ - INFO - Islenen urun ID: 800205221
2025-03-05 00:39:38 - __main__ - INFO - Urun: TP-Link Archer VR400 AC1200 Kablosuz VDSL/ADSL Modem Router ( OUTLET ), Indirim: %25.0, Sifir Fiyati: 1899.0, Outlet Fiyati: 1424.25
2025-03-05 00:39:38 - __main__ - INFO - Islenen urun ID: 800205233
2025-03-05 00:39:38 - __main__ - INFO - Urun: NINTENDO SWITCH JOY-CON ÞARJ KOLU ( OUTLET ), Indirim: %25.0, Sifir Fiyati: 1499.0, Outlet Fiyati: 1124.25
2025-03-05 00:39:38 - __main__ - INFO - Islenen urun ID: 800205235
2025-03-05 00:39:38 - __main__ - INFO - Urun: PREO MS40 ANC+ENC METAL KASA TWS KABLOSUZ KULAKLIK SÝYAH ( OUTLET ), Indirim: %30.0, Sifir Fiyati: 1299.0, Outlet Fiyati: 909.3
2025-03-05 00:39:38 - __main__ - INFO - Islenen urun ID: 800205247
2025-03-05 00:39:38 - __main__ - INFO - Urun: MERCUSYS MT110 4G LTE MOBIL WI-FI ( OUTLET ), Indirim: %25.0, Sifir Fiyati: 1789.0, Outlet Fiyati: 1341.75
2025-03-05 00:39:38 - __main__ - INFO - Islenen urun ID: 800205251
2025-03-05 00:39:38 - __main__ - INFO - Urun: BASEUS BOWÝE E16 TRUE WÝRELESS BLUETOOTH KULAKLIK-BEYAZ ( OUTLET ), Indirim: %40.0, Sifir Fiyati: 699.0, Outlet Fiyati: 419.4
2025-03-05 00:39:38 - __main__ - INFO - Islenen urun ID: 800205253
2025-03-05 00:39:38 - __main__ - INFO - Urun: IYO CILT DOLGUNLAÞTIRICI, GENÇLEÞTIRICI VE LEKE KARÞITI 3 BOYUT ELMAS SILINDIRLI VE IÞIK BAKIM CIHAZI ( OUTLET ), Indirim: %25.0, Sifir Fiyati: 13900.0, Outlet Fiyati: 10425.0
2025-03-05 00:39:38 - __main__ - INFO - Islenen urun ID: 800205259
2025-03-05 00:39:38 - __main__ - INFO - Urun: TP-LINK TL-WR840N N300 WI-FI ROUTER ( OUTLET ), Indirim: %35.0, Sifir Fiyati: 699.0, Outlet Fiyati: 454.35
2025-03-05 00:39:38 - __main__ - INFO - Islenen urun ID: 800205263
2025-03-05 00:39:38 - __main__ - INFO - Urun: TP-LINK M7350 4G/LTE2550 MAH DAHILI PIL MIFI ÇIFTBAND OLED EKRANLI DIREKT SIM KART SLOTLU KABLOSUZ MOBIL ROUTER ( OUTLET ), Indirim: %30.0, Sifir Fiyati: 2999.0, Outlet Fiyati: 2099.3
2025-03-05 00:39:38 - __main__ - INFO - Islenen urun ID: 800205265
2025-03-05 00:39:38 - __main__ - INFO - Urun: ANKER SOUNDCORE R50Ý NC TWS KULAKLIK - BEYAZ ( OUTLET ), Indirim: %25.0, Sifir Fiyati: 1499.0, Outlet Fiyati: 1124.25
2025-03-05 00:39:38 - __main__ - INFO - Islenen urun ID: 800205267
2025-03-05 00:39:38 - __main__ - INFO - Urun: TAT1207BK GERÇEK KABLOSUZ KULAKLIK (IPX4) 6+12SA BT 5.2 MONO MOD SIYAH ( OUTLET ), Indirim: %30.0, Sifir Fiyati: 999.0, Outlet Fiyati: 699.3
2025-03-05 00:39:38 - __main__ - INFO - Islenen urun ID: 800205273
2025-03-05 00:39:38 - __main__ - INFO - Urun: JBL GO ESSENTIAL, BLUETOOTH HOPARLÖR, IPX7, KIRMIZI ( OUTLET ), Indirim: %25.0, Sifir Fiyati: 1789.0, Outlet Fiyati: 1341.75
2025-03-05 00:39:38 - __main__ - INFO - Islenen urun ID: 800205277
2025-03-05 00:39:38 - __main__ - INFO - Urun: JBL GO ESSENTIAL, BLUETOOTH HOPARLÖR, IPX7, SIYAH ( OUTLET ), Indirim: %25.0, Sifir Fiyati: 1789.0, Outlet Fiyati: 1341.75
2025-03-05 00:39:38 - __main__ - INFO - Islenen urun ID: 800205281
2025-03-05 00:39:39 - __main__ - INFO - Urun: MERCUSYS MT110 4G LTE MOBIL WI-FI ( OUTLET ), Indirim: %25.0, Sifir Fiyati: 1789.0, Outlet Fiyati: 1341.75
2025-03-05 00:39:39 - __main__ - INFO - Bir sonraki sayfaya geçiliyor: https://www.teknosa.com/outlet?sort=newProduct-desc&s=%3AbestSellerPoint-desc&pg=9
2025-03-05 00:39:43 - __main__ - INFO - Sayfa 9 taraniyor...
2025-03-05 00:39:43 - __main__ - INFO - Sayfa 9'de 20 adet ürün bulundu.
2025-03-05 00:39:43 - __main__ - INFO - Islenen urun ID: 800203057
2025-03-05 00:39:43 - __main__ - INFO - Urun: HAVIT PJ205 PRO PRIME QUARTZ SMART PROJEKSIYON CIHAZI - HOPARLÖR - 1080P ANDROID TV 9.0 ( OUTLET ), Indirim: %25.0, Sifir Fiyati: 7999.0, Outlet Fiyati: 5999.25
2025-03-05 00:39:43 - __main__ - INFO - Islenen urun ID: 800203059
2025-03-05 00:39:43 - __main__ - INFO - Urun: PHILIPS TAB6405 Gümüþ Dolby Audio 2.1 Kanal 140W ( OUTLET ), Indirim: %30.0, Sifir Fiyati: 13999.0, Outlet Fiyati: 9799.3
2025-03-05 00:39:43 - __main__ - INFO - Islenen urun ID: 800203145
2025-03-05 00:39:43 - __main__ - INFO - Urun: APPLE MX0E2ZM/A iPhone 11 Pro Max Deri kýlýf - Siyah ( OUTLET ), Indirim: %40.0, Sifir Fiyati: 419.0, Outlet Fiyati: 251.4
2025-03-05 00:39:43 - __main__ - INFO - Islenen urun ID: 800203147
2025-03-05 00:39:43 - __main__ - INFO - Urun: APPLE MX0E2ZM/A iPhone 11 Pro Max Deri kýlýf - Siyah ( OUTLET ), Indirim: %40.0, Sifir Fiyati: 419.0, Outlet Fiyati: 251.4
2025-03-05 00:39:43 - __main__ - INFO - Islenen urun ID: 800203149
2025-03-05 00:39:43 - __main__ - INFO - Urun: APPLE MX0E2ZM/A iPhone 11 Pro Max Deri kýlýf - Siyah ( OUTLET ), Indirim: %40.0, Sifir Fiyati: 419.0, Outlet Fiyati: 251.4
2025-03-05 00:39:43 - __main__ - INFO - Islenen urun ID: 800203151
2025-03-05 00:39:43 - __main__ - INFO - Urun: APPLE MX0E2ZM/A iPhone 11 Pro Max Deri kýlýf - Siyah ( OUTLET ), Indirim: %40.0, Sifir Fiyati: 419.0, Outlet Fiyati: 251.4
2025-03-05 00:39:43 - __main__ - INFO - Islenen urun ID: 800203159
2025-03-05 00:39:44 - __main__ - INFO - Urun: Samsung Frame VG-SCFA55TKBRU Teak 55" Çerçeve ( OUTLET ), Indirim: %30.0, Sifir Fiyati: 799.0, Outlet Fiyati: 559.3
2025-03-05 00:39:44 - __main__ - INFO - Islenen urun ID: 800203163
2025-03-05 00:39:44 - __main__ - INFO - Urun: JBL GO ESSENTIAL, BLUETOOTH HOPARLÖR, IPX7, SIYAH ( OUTLET ), Indirim: %30.0, Sifir Fiyati: 1789.0, Outlet Fiyati: 1252.3
2025-03-05 00:39:44 - __main__ - INFO - Islenen urun ID: 800203171
2025-03-05 00:39:44 - __main__ - INFO - Urun: JBL WAVE FLEX, KABLOSUZ KULAKIÇI KULAKLIK, MAVI ( OUTLET ), Indirim: %30.0, Sifir Fiyati: 3189.0, Outlet Fiyati: 2232.3
2025-03-05 00:39:44 - __main__ - INFO - Islenen urun ID: 800203303
2025-03-05 00:39:44 - __main__ - INFO - Urun: APPLE MWYK2ZM/A iPhone 11 Pro Þeffaf kýlýf ( OUTLET ), Indirim: %40.0, Sifir Fiyati: 419.0, Outlet Fiyati: 251.4
2025-03-05 00:39:44 - __main__ - INFO - Islenen urun ID: 800203305
2025-03-05 00:39:44 - __main__ - INFO - Urun: APPLE MWYK2ZM/A iPhone 11 Pro Þeffaf kýlýf ( OUTLET ), Indirim: %40.0, Sifir Fiyati: 419.0, Outlet Fiyati: 251.4
2025-03-05 00:39:44 - __main__ - INFO - Islenen urun ID: 800203307
2025-03-05 00:39:44 - __main__ - INFO - Urun: APPLE MWYK2ZM/A iPhone 11 Pro Þeffaf kýlýf ( OUTLET ), Indirim: %40.0, Sifir Fiyati: 419.0, Outlet Fiyati: 251.4
2025-03-05 00:39:44 - __main__ - INFO - Islenen urun ID: 800203309
2025-03-05 00:39:44 - __main__ - INFO - Urun: APPLE MWYK2ZM/A iPhone 11 Pro Þeffaf kýlýf ( OUTLET ), Indirim: %40.0, Sifir Fiyati: 419.0, Outlet Fiyati: 251.4
2025-03-05 00:39:44 - __main__ - INFO - Islenen urun ID: 800203311
2025-03-05 00:39:44 - __main__ - INFO - Urun: APPLE MWYK2ZM/A iPhone 11 Pro Þeffaf kýlýf ( OUTLET ), Indirim: %40.0, Sifir Fiyati: 419.0, Outlet Fiyati: 251.4
2025-03-05 00:39:44 - __main__ - INFO - Islenen urun ID: 800203313
2025-03-05 00:39:44 - __main__ - INFO - Urun: APPLE MWYK2ZM/A iPhone 11 Pro Þeffaf kýlýf ( OUTLET ), Indirim: %40.0, Sifir Fiyati: 419.0, Outlet Fiyati: 251.4
2025-03-05 00:39:44 - __main__ - INFO - Islenen urun ID: 800203315
2025-03-05 00:39:44 - __main__ - INFO - Urun: APPLE MWYK2ZM/A iPhone 11 Pro Þeffaf kýlýf ( OUTLET ), Indirim: %40.0, Sifir Fiyati: 419.0, Outlet Fiyati: 251.4
2025-03-05 00:39:44 - __main__ - INFO - Islenen urun ID: 800203317
2025-03-05 00:39:44 - __main__ - INFO - Urun: APPLE MWYK2ZM/A iPhone 11 Pro Þeffaf kýlýf ( OUTLET ), Indirim: %40.0, Sifir Fiyati: 419.0, Outlet Fiyati: 251.4
2025-03-05 00:39:44 - __main__ - INFO - Islenen urun ID: 800203319
2025-03-05 00:39:44 - __main__ - INFO - Urun: APPLE MWYK2ZM/A iPhone 11 Pro Þeffaf kýlýf ( OUTLET ), Indirim: %40.0, Sifir Fiyati: 419.0, Outlet Fiyati: 251.4
2025-03-05 00:39:44 - __main__ - INFO - Islenen urun ID: 800203321
2025-03-05 00:39:45 - __main__ - INFO - Urun: APPLE MWYK2ZM/A iPhone 11 Pro Þeffaf kýlýf ( OUTLET ), Indirim: %40.0, Sifir Fiyati: 419.0, Outlet Fiyati: 251.4
2025-03-05 00:39:45 - __main__ - INFO - Islenen urun ID: 800203323
2025-03-05 00:39:45 - __main__ - INFO - Urun: APPLE MWYK2ZM/A iPhone 11 Pro Þeffaf kýlýf ( OUTLET ), Indirim: %40.0, Sifir Fiyati: 419.0, Outlet Fiyati: 251.4
2025-03-05 00:39:45 - __main__ - INFO - Bir sonraki sayfaya geçiliyor: https://www.teknosa.com/outlet?sort=newProduct-desc&s=%3AbestSellerPoint-desc&pg=10
2025-03-05 00:39:49 - __main__ - INFO - Sayfa 10 taraniyor...
2025-03-05 00:39:49 - __main__ - INFO - Sayfa 10'de 20 adet ürün bulundu.
2025-03-05 00:39:49 - __main__ - INFO - Islenen urun ID: 800203057
2025-03-05 00:39:49 - __main__ - INFO - Urun: HAVIT PJ205 PRO PRIME QUARTZ SMART PROJEKSIYON CIHAZI - HOPARLÖR - 1080P ANDROID TV 9.0 ( OUTLET ), Indirim: %25.0, Sifir Fiyati: 7999.0, Outlet Fiyati: 5999.25
2025-03-05 00:39:49 - __main__ - INFO - Islenen urun ID: 800203059
2025-03-05 00:39:49 - __main__ - INFO - Urun: PHILIPS TAB6405 Gümüþ Dolby Audio 2.1 Kanal 140W ( OUTLET ), Indirim: %30.0, Sifir Fiyati: 13999.0, Outlet Fiyati: 9799.3
2025-03-05 00:39:49 - __main__ - INFO - Islenen urun ID: 800203145
2025-03-05 00:39:49 - __main__ - INFO - Urun: APPLE MX0E2ZM/A iPhone 11 Pro Max Deri kýlýf - Siyah ( OUTLET ), Indirim: %40.0, Sifir Fiyati: 419.0, Outlet Fiyati: 251.4
2025-03-05 00:39:49 - __main__ - INFO - Islenen urun ID: 800203147
2025-03-05 00:39:49 - __main__ - INFO - Urun: APPLE MX0E2ZM/A iPhone 11 Pro Max Deri kýlýf - Siyah ( OUTLET ), Indirim: %40.0, Sifir Fiyati: 419.0, Outlet Fiyati: 251.4
2025-03-05 00:39:49 - __main__ - INFO - Islenen urun ID: 800203149
2025-03-05 00:39:49 - __main__ - INFO - Urun: APPLE MX0E2ZM/A iPhone 11 Pro Max Deri kýlýf - Siyah ( OUTLET ), Indirim: %40.0, Sifir Fiyati: 419.0, Outlet Fiyati: 251.4
2025-03-05 00:39:49 - __main__ - INFO - Islenen urun ID: 800203151
2025-03-05 00:39:49 - __main__ - INFO - Urun: APPLE MX0E2ZM/A iPhone 11 Pro Max Deri kýlýf - Siyah ( OUTLET ), Indirim: %40.0, Sifir Fiyati: 419.0, Outlet Fiyati: 251.4
2025-03-05 00:39:49 - __main__ - INFO - Islenen urun ID: 800203159
2025-03-05 00:39:49 - __main__ - INFO - Urun: Samsung Frame VG-SCFA55TKBRU Teak 55" Çerçeve ( OUTLET ), Indirim: %30.0, Sifir Fiyati: 799.0, Outlet Fiyati: 559.3
2025-03-05 00:39:50 - __main__ - INFO - Islenen urun ID: 800203163
2025-03-05 00:39:50 - __main__ - INFO - Urun: JBL GO ESSENTIAL, BLUETOOTH HOPARLÖR, IPX7, SIYAH ( OUTLET ), Indirim: %30.0, Sifir Fiyati: 1789.0, Outlet Fiyati: 1252.3
2025-03-05 00:39:50 - __main__ - INFO - Islenen urun ID: 800203171
2025-03-05 00:39:50 - __main__ - INFO - Urun: JBL WAVE FLEX, KABLOSUZ KULAKIÇI KULAKLIK, MAVI ( OUTLET ), Indirim: %30.0, Sifir Fiyati: 3189.0, Outlet Fiyati: 2232.3
2025-03-05 00:39:50 - __main__ - INFO - Islenen urun ID: 800203303
2025-03-05 00:39:50 - __main__ - INFO - Urun: APPLE MWYK2ZM/A iPhone 11 Pro Þeffaf kýlýf ( OUTLET ), Indirim: %40.0, Sifir Fiyati: 419.0, Outlet Fiyati: 251.4
2025-03-05 00:39:50 - __main__ - INFO - Islenen urun ID: 800203305
2025-03-05 00:39:50 - __main__ - INFO - Urun: APPLE MWYK2ZM/A iPhone 11 Pro Þeffaf kýlýf ( OUTLET ), Indirim: %40.0, Sifir Fiyati: 419.0, Outlet Fiyati: 251.4
2025-03-05 00:39:50 - __main__ - INFO - Islenen urun ID: 800203307
2025-03-05 00:39:50 - __main__ - INFO - Urun: APPLE MWYK2ZM/A iPhone 11 Pro Þeffaf kýlýf ( OUTLET ), Indirim: %40.0, Sifir Fiyati: 419.0, Outlet Fiyati: 251.4
2025-03-05 00:39:50 - __main__ - INFO - Islenen urun ID: 800203309
2025-03-05 00:39:50 - __main__ - INFO - Urun: APPLE MWYK2ZM/A iPhone 11 Pro Þeffaf kýlýf ( OUTLET ), Indirim: %40.0, Sifir Fiyati: 419.0, Outlet Fiyati: 251.4
2025-03-05 00:39:50 - __main__ - INFO - Islenen urun ID: 800203311
2025-03-05 00:39:50 - __main__ - INFO - Urun: APPLE MWYK2ZM/A iPhone 11 Pro Þeffaf kýlýf ( OUTLET ), Indirim: %40.0, Sifir Fiyati: 419.0, Outlet Fiyati: 251.4
2025-03-05 00:39:50 - __main__ - INFO - Islenen urun ID: 800203313
2025-03-05 00:39:50 - __main__ - INFO - Urun: APPLE MWYK2ZM/A iPhone 11 Pro Þeffaf kýlýf ( OUTLET ), Indirim: %40.0, Sifir Fiyati: 419.0, Outlet Fiyati: 251.4
2025-03-05 00:39:50 - __main__ - INFO - Islenen urun ID: 800203315
2025-03-05 00:39:50 - __main__ - INFO - Urun: APPLE MWYK2ZM/A iPhone 11 Pro Þeffaf kýlýf ( OUTLET ), Indirim: %40.0, Sifir Fiyati: 419.0, Outlet Fiyati: 251.4
2025-03-05 00:39:50 - __main__ - INFO - Islenen urun ID: 800203317
2025-03-05 00:39:50 - __main__ - INFO - Urun: APPLE MWYK2ZM/A iPhone 11 Pro Þeffaf kýlýf ( OUTLET ), Indirim: %40.0, Sifir Fiyati: 419.0, Outlet Fiyati: 251.4
2025-03-05 00:39:50 - __main__ - INFO - Islenen urun ID: 800203319
2025-03-05 00:39:50 - __main__ - INFO - Urun: APPLE MWYK2ZM/A iPhone 11 Pro Þeffaf kýlýf ( OUTLET ), Indirim: %40.0, Sifir Fiyati: 419.0, Outlet Fiyati: 251.4
2025-03-05 00:39:50 - __main__ - INFO - Islenen urun ID: 800203321
2025-03-05 00:39:50 - __main__ - INFO - Urun: APPLE MWYK2ZM/A iPhone 11 Pro Þeffaf kýlýf ( OUTLET ), Indirim: %40.0, Sifir Fiyati: 419.0, Outlet Fiyati: 251.4
2025-03-05 00:39:50 - __main__ - INFO - Islenen urun ID: 800203323
2025-03-05 00:39:51 - __main__ - INFO - Urun: APPLE MWYK2ZM/A iPhone 11 Pro Þeffaf kýlýf ( OUTLET ), Indirim: %40.0, Sifir Fiyati: 419.0, Outlet Fiyati: 251.4
2025-03-05 00:39:51 - __main__ - INFO - Bir sonraki sayfaya geçiliyor: https://www.teknosa.com/outlet?sort=newProduct-desc&s=%3AbestSellerPoint-desc&pg=11
2025-03-05 00:39:55 - __main__ - INFO - Toplam 200 urun islendi. 19 urun %25+ indirimli olarak bildirildi.
