2025-04-09 09:23:18,998 - httpx - INFO - HTTP Request: POST https://api.telegram.org/bot7695646239:AAGX5Tb3rabk6W0ZHahBrI1qO__k_g0S-vA/getMe "HTTP/1.1 200 OK"
2025-04-09 09:23:19,059 - httpx - INFO - HTTP Request: POST https://api.telegram.org/bot7695646239:AAGX5Tb3rabk6W0ZHahBrI1qO__k_g0S-vA/deleteWebhook "HTTP/1.1 200 OK"
2025-04-09 09:23:19,060 - telegram.ext.Application - INFO - Application started
2025-04-14 23:45:19,813 - httpx - INFO - HTTP Request: POST https://api.telegram.org/bot7695646239:AAGX5Tb3rabk6W0ZHahBrI1qO__k_g0S-vA/getMe "HTTP/1.1 200 OK"
2025-04-14 23:45:19,865 - httpx - INFO - HTTP Request: POST https://api.telegram.org/bot7695646239:AAGX5Tb3rabk6W0ZHahBrI1qO__k_g0S-vA/deleteWebhook "HTTP/1.1 200 OK"
2025-04-14 23:45:19,865 - telegram.ext.Application - INFO - Application started
2025-04-14 23:45:30,072 - httpx - INFO - HTTP Request: POST https://api.telegram.org/bot7695646239:AAGX5Tb3rabk6W0ZHahBrI1qO__k_g0S-vA/getUpdates "HTTP/1.1 200 OK"
2025-04-14 23:45:40,134 - httpx - INFO - HTTP Request: POST https://api.telegram.org/bot7695646239:AAGX5Tb3rabk6W0ZHahBrI1qO__k_g0S-vA/getUpdates "HTTP/1.1 200 OK"
2025-04-14 23:45:50,198 - httpx - INFO - HTTP Request: POST https://api.telegram.org/bot7695646239:AAGX5Tb3rabk6W0ZHahBrI1qO__k_g0S-vA/getUpdates "HTTP/1.1 200 OK"
2025-04-14 23:46:00,264 - httpx - INFO - HTTP Request: POST https://api.telegram.org/bot7695646239:AAGX5Tb3rabk6W0ZHahBrI1qO__k_g0S-vA/getUpdates "HTTP/1.1 200 OK"
2025-04-14 23:46:10,329 - httpx - INFO - HTTP Request: POST https://api.telegram.org/bot7695646239:AAGX5Tb3rabk6W0ZHahBrI1qO__k_g0S-vA/getUpdates "HTTP/1.1 200 OK"
2025-04-14 23:46:20,394 - httpx - INFO - HTTP Request: POST https://api.telegram.org/bot7695646239:AAGX5Tb3rabk6W0ZHahBrI1qO__k_g0S-vA/getUpdates "HTTP/1.1 200 OK"
2025-04-14 23:46:30,461 - httpx - INFO - HTTP Request: POST https://api.telegram.org/bot7695646239:AAGX5Tb3rabk6W0ZHahBrI1qO__k_g0S-vA/getUpdates "HTTP/1.1 200 OK"
2025-04-14 23:46:40,554 - httpx - INFO - HTTP Request: POST https://api.telegram.org/bot7695646239:AAGX5Tb3rabk6W0ZHahBrI1qO__k_g0S-vA/getUpdates "HTTP/1.1 200 OK"
2025-04-14 23:46:50,619 - httpx - INFO - HTTP Request: POST https://api.telegram.org/bot7695646239:AAGX5Tb3rabk6W0ZHahBrI1qO__k_g0S-vA/getUpdates "HTTP/1.1 200 OK"
2025-04-14 23:47:00,684 - httpx - INFO - HTTP Request: POST https://api.telegram.org/bot7695646239:AAGX5Tb3rabk6W0ZHahBrI1qO__k_g0S-vA/getUpdates "HTTP/1.1 200 OK"
2025-04-14 23:47:10,750 - httpx - INFO - HTTP Request: POST https://api.telegram.org/bot7695646239:AAGX5Tb3rabk6W0ZHahBrI1qO__k_g0S-vA/getUpdates "HTTP/1.1 200 OK"
2025-04-14 23:47:20,815 - httpx - INFO - HTTP Request: POST https://api.telegram.org/bot7695646239:AAGX5Tb3rabk6W0ZHahBrI1qO__k_g0S-vA/getUpdates "HTTP/1.1 200 OK"
2025-04-14 23:47:30,879 - httpx - INFO - HTTP Request: POST https://api.telegram.org/bot7695646239:AAGX5Tb3rabk6W0ZHahBrI1qO__k_g0S-vA/getUpdates "HTTP/1.1 200 OK"
2025-04-14 23:47:40,945 - httpx - INFO - HTTP Request: POST https://api.telegram.org/bot7695646239:AAGX5Tb3rabk6W0ZHahBrI1qO__k_g0S-vA/getUpdates "HTTP/1.1 200 OK"
2025-04-14 23:47:51,010 - httpx - INFO - HTTP Request: POST https://api.telegram.org/bot7695646239:AAGX5Tb3rabk6W0ZHahBrI1qO__k_g0S-vA/getUpdates "HTTP/1.1 200 OK"
2025-04-14 23:48:01,079 - httpx - INFO - HTTP Request: POST https://api.telegram.org/bot7695646239:AAGX5Tb3rabk6W0ZHahBrI1qO__k_g0S-vA/getUpdates "HTTP/1.1 200 OK"
2025-04-14 23:48:11,144 - httpx - INFO - HTTP Request: POST https://api.telegram.org/bot7695646239:AAGX5Tb3rabk6W0ZHahBrI1qO__k_g0S-vA/getUpdates "HTTP/1.1 200 OK"
2025-04-14 23:48:21,214 - httpx - INFO - HTTP Request: POST https://api.telegram.org/bot7695646239:AAGX5Tb3rabk6W0ZHahBrI1qO__k_g0S-vA/getUpdates "HTTP/1.1 200 OK"
2025-04-14 23:48:31,286 - httpx - INFO - HTTP Request: POST https://api.telegram.org/bot7695646239:AAGX5Tb3rabk6W0ZHahBrI1qO__k_g0S-vA/getUpdates "HTTP/1.1 200 OK"
2025-04-14 23:48:41,354 - httpx - INFO - HTTP Request: POST https://api.telegram.org/bot7695646239:AAGX5Tb3rabk6W0ZHahBrI1qO__k_g0S-vA/getUpdates "HTTP/1.1 200 OK"
2025-04-14 23:48:51,421 - httpx - INFO - HTTP Request: POST https://api.telegram.org/bot7695646239:AAGX5Tb3rabk6W0ZHahBrI1qO__k_g0S-vA/getUpdates "HTTP/1.1 200 OK"
2025-04-14 23:49:11,419 - httpx - INFO - HTTP Request: POST https://api.telegram.org/bot7695646239:AAGX5Tb3rabk6W0ZHahBrI1qO__k_g0S-vA/getMe "HTTP/1.1 200 OK"
2025-04-14 23:49:11,492 - httpx - INFO - HTTP Request: POST https://api.telegram.org/bot7695646239:AAGX5Tb3rabk6W0ZHahBrI1qO__k_g0S-vA/deleteWebhook "HTTP/1.1 200 OK"
2025-04-14 23:49:11,493 - telegram.ext.Application - INFO - Application started
2025-04-14 23:49:21,686 - httpx - INFO - HTTP Request: POST https://api.telegram.org/bot7695646239:AAGX5Tb3rabk6W0ZHahBrI1qO__k_g0S-vA/getUpdates "HTTP/1.1 200 OK"
2025-04-14 23:49:31,757 - httpx - INFO - HTTP Request: POST https://api.telegram.org/bot7695646239:AAGX5Tb3rabk6W0ZHahBrI1qO__k_g0S-vA/getUpdates "HTTP/1.1 200 OK"
2025-04-14 23:49:41,821 - httpx - INFO - HTTP Request: POST https://api.telegram.org/bot7695646239:AAGX5Tb3rabk6W0ZHahBrI1qO__k_g0S-vA/getUpdates "HTTP/1.1 200 OK"
2025-04-14 23:49:51,893 - httpx - INFO - HTTP Request: POST https://api.telegram.org/bot7695646239:AAGX5Tb3rabk6W0ZHahBrI1qO__k_g0S-vA/getUpdates "HTTP/1.1 200 OK"
2025-04-14 23:50:01,956 - httpx - INFO - HTTP Request: POST https://api.telegram.org/bot7695646239:AAGX5Tb3rabk6W0ZHahBrI1qO__k_g0S-vA/getUpdates "HTTP/1.1 200 OK"
2025-04-14 23:50:12,022 - httpx - INFO - HTTP Request: POST https://api.telegram.org/bot7695646239:AAGX5Tb3rabk6W0ZHahBrI1qO__k_g0S-vA/getUpdates "HTTP/1.1 200 OK"
2025-04-14 23:50:22,090 - httpx - INFO - HTTP Request: POST https://api.telegram.org/bot7695646239:AAGX5Tb3rabk6W0ZHahBrI1qO__k_g0S-vA/getUpdates "HTTP/1.1 200 OK"
2025-04-14 23:50:32,155 - httpx - INFO - HTTP Request: POST https://api.telegram.org/bot7695646239:AAGX5Tb3rabk6W0ZHahBrI1qO__k_g0S-vA/getUpdates "HTTP/1.1 200 OK"
2025-04-14 23:50:42,221 - httpx - INFO - HTTP Request: POST https://api.telegram.org/bot7695646239:AAGX5Tb3rabk6W0ZHahBrI1qO__k_g0S-vA/getUpdates "HTTP/1.1 200 OK"
2025-04-14 23:50:52,290 - httpx - INFO - HTTP Request: POST https://api.telegram.org/bot7695646239:AAGX5Tb3rabk6W0ZHahBrI1qO__k_g0S-vA/getUpdates "HTTP/1.1 200 OK"
2025-04-14 23:51:02,355 - httpx - INFO - HTTP Request: POST https://api.telegram.org/bot7695646239:AAGX5Tb3rabk6W0ZHahBrI1qO__k_g0S-vA/getUpdates "HTTP/1.1 200 OK"
2025-04-14 23:51:12,419 - httpx - INFO - HTTP Request: POST https://api.telegram.org/bot7695646239:AAGX5Tb3rabk6W0ZHahBrI1qO__k_g0S-vA/getUpdates "HTTP/1.1 200 OK"
2025-04-14 23:51:22,485 - httpx - INFO - HTTP Request: POST https://api.telegram.org/bot7695646239:AAGX5Tb3rabk6W0ZHahBrI1qO__k_g0S-vA/getUpdates "HTTP/1.1 200 OK"
2025-04-14 23:51:32,550 - httpx - INFO - HTTP Request: POST https://api.telegram.org/bot7695646239:AAGX5Tb3rabk6W0ZHahBrI1qO__k_g0S-vA/getUpdates "HTTP/1.1 200 OK"
2025-04-14 23:51:42,613 - httpx - INFO - HTTP Request: POST https://api.telegram.org/bot7695646239:AAGX5Tb3rabk6W0ZHahBrI1qO__k_g0S-vA/getUpdates "HTTP/1.1 200 OK"
2025-04-14 23:51:52,692 - httpx - INFO - HTTP Request: POST https://api.telegram.org/bot7695646239:AAGX5Tb3rabk6W0ZHahBrI1qO__k_g0S-vA/getUpdates "HTTP/1.1 200 OK"
2025-04-14 23:52:02,758 - httpx - INFO - HTTP Request: POST https://api.telegram.org/bot7695646239:AAGX5Tb3rabk6W0ZHahBrI1qO__k_g0S-vA/getUpdates "HTTP/1.1 200 OK"
2025-04-14 23:52:12,821 - httpx - INFO - HTTP Request: POST https://api.telegram.org/bot7695646239:AAGX5Tb3rabk6W0ZHahBrI1qO__k_g0S-vA/getUpdates "HTTP/1.1 200 OK"
2025-04-14 23:52:22,888 - httpx - INFO - HTTP Request: POST https://api.telegram.org/bot7695646239:AAGX5Tb3rabk6W0ZHahBrI1qO__k_g0S-vA/getUpdates "HTTP/1.1 200 OK"
2025-04-14 23:52:32,953 - httpx - INFO - HTTP Request: POST https://api.telegram.org/bot7695646239:AAGX5Tb3rabk6W0ZHahBrI1qO__k_g0S-vA/getUpdates "HTTP/1.1 200 OK"
2025-04-14 23:52:43,024 - httpx - INFO - HTTP Request: POST https://api.telegram.org/bot7695646239:AAGX5Tb3rabk6W0ZHahBrI1qO__k_g0S-vA/getUpdates "HTTP/1.1 200 OK"
2025-04-14 23:52:53,099 - httpx - INFO - HTTP Request: POST https://api.telegram.org/bot7695646239:AAGX5Tb3rabk6W0ZHahBrI1qO__k_g0S-vA/getUpdates "HTTP/1.1 200 OK"
2025-04-14 23:53:03,154 - httpx - INFO - HTTP Request: POST https://api.telegram.org/bot7695646239:AAGX5Tb3rabk6W0ZHahBrI1qO__k_g0S-vA/getUpdates "HTTP/1.1 200 OK"
2025-04-14 23:53:13,251 - httpx - INFO - HTTP Request: POST https://api.telegram.org/bot7695646239:AAGX5Tb3rabk6W0ZHahBrI1qO__k_g0S-vA/getUpdates "HTTP/1.1 200 OK"
2025-04-14 23:53:23,313 - httpx - INFO - HTTP Request: POST https://api.telegram.org/bot7695646239:AAGX5Tb3rabk6W0ZHahBrI1qO__k_g0S-vA/getUpdates "HTTP/1.1 200 OK"
2025-04-14 23:53:33,384 - httpx - INFO - HTTP Request: POST https://api.telegram.org/bot7695646239:AAGX5Tb3rabk6W0ZHahBrI1qO__k_g0S-vA/getUpdates "HTTP/1.1 200 OK"
2025-04-14 23:53:43,446 - httpx - INFO - HTTP Request: POST https://api.telegram.org/bot7695646239:AAGX5Tb3rabk6W0ZHahBrI1qO__k_g0S-vA/getUpdates "HTTP/1.1 200 OK"
2025-04-14 23:53:53,517 - httpx - INFO - HTTP Request: POST https://api.telegram.org/bot7695646239:AAGX5Tb3rabk6W0ZHahBrI1qO__k_g0S-vA/getUpdates "HTTP/1.1 200 OK"
2025-04-14 23:54:03,587 - httpx - INFO - HTTP Request: POST https://api.telegram.org/bot7695646239:AAGX5Tb3rabk6W0ZHahBrI1qO__k_g0S-vA/getUpdates "HTTP/1.1 200 OK"
2025-04-14 23:54:13,645 - httpx - INFO - HTTP Request: POST https://api.telegram.org/bot7695646239:AAGX5Tb3rabk6W0ZHahBrI1qO__k_g0S-vA/getUpdates "HTTP/1.1 200 OK"
2025-04-14 23:54:23,710 - httpx - INFO - HTTP Request: POST https://api.telegram.org/bot7695646239:AAGX5Tb3rabk6W0ZHahBrI1qO__k_g0S-vA/getUpdates "HTTP/1.1 200 OK"
2025-04-14 23:54:33,808 - httpx - INFO - HTTP Request: POST https://api.telegram.org/bot7695646239:AAGX5Tb3rabk6W0ZHahBrI1qO__k_g0S-vA/getUpdates "HTTP/1.1 200 OK"
2025-04-14 23:54:43,886 - httpx - INFO - HTTP Request: POST https://api.telegram.org/bot7695646239:AAGX5Tb3rabk6W0ZHahBrI1qO__k_g0S-vA/getUpdates "HTTP/1.1 200 OK"
2025-04-14 23:54:53,960 - httpx - INFO - HTTP Request: POST https://api.telegram.org/bot7695646239:AAGX5Tb3rabk6W0ZHahBrI1qO__k_g0S-vA/getUpdates "HTTP/1.1 200 OK"
2025-04-14 23:55:04,026 - httpx - INFO - HTTP Request: POST https://api.telegram.org/bot7695646239:AAGX5Tb3rabk6W0ZHahBrI1qO__k_g0S-vA/getUpdates "HTTP/1.1 200 OK"
2025-04-14 23:55:14,093 - httpx - INFO - HTTP Request: POST https://api.telegram.org/bot7695646239:AAGX5Tb3rabk6W0ZHahBrI1qO__k_g0S-vA/getUpdates "HTTP/1.1 200 OK"
2025-04-14 23:55:24,175 - httpx - INFO - HTTP Request: POST https://api.telegram.org/bot7695646239:AAGX5Tb3rabk6W0ZHahBrI1qO__k_g0S-vA/getUpdates "HTTP/1.1 200 OK"
2025-04-14 23:55:34,241 - httpx - INFO - HTTP Request: POST https://api.telegram.org/bot7695646239:AAGX5Tb3rabk6W0ZHahBrI1qO__k_g0S-vA/getUpdates "HTTP/1.1 200 OK"
2025-04-14 23:55:44,298 - httpx - INFO - HTTP Request: POST https://api.telegram.org/bot7695646239:AAGX5Tb3rabk6W0ZHahBrI1qO__k_g0S-vA/getUpdates "HTTP/1.1 200 OK"
2025-04-14 23:55:54,360 - httpx - INFO - HTTP Request: POST https://api.telegram.org/bot7695646239:AAGX5Tb3rabk6W0ZHahBrI1qO__k_g0S-vA/getUpdates "HTTP/1.1 200 OK"
2025-04-14 23:56:04,435 - httpx - INFO - HTTP Request: POST https://api.telegram.org/bot7695646239:AAGX5Tb3rabk6W0ZHahBrI1qO__k_g0S-vA/getUpdates "HTTP/1.1 200 OK"
2025-04-14 23:56:14,504 - httpx - INFO - HTTP Request: POST https://api.telegram.org/bot7695646239:AAGX5Tb3rabk6W0ZHahBrI1qO__k_g0S-vA/getUpdates "HTTP/1.1 200 OK"
2025-04-14 23:56:24,575 - httpx - INFO - HTTP Request: POST https://api.telegram.org/bot7695646239:AAGX5Tb3rabk6W0ZHahBrI1qO__k_g0S-vA/getUpdates "HTTP/1.1 200 OK"
2025-04-14 23:56:34,641 - httpx - INFO - HTTP Request: POST https://api.telegram.org/bot7695646239:AAGX5Tb3rabk6W0ZHahBrI1qO__k_g0S-vA/getUpdates "HTTP/1.1 200 OK"
2025-04-14 23:56:44,708 - httpx - INFO - HTTP Request: POST https://api.telegram.org/bot7695646239:AAGX5Tb3rabk6W0ZHahBrI1qO__k_g0S-vA/getUpdates "HTTP/1.1 200 OK"
2025-04-14 23:56:54,758 - httpx - INFO - HTTP Request: POST https://api.telegram.org/bot7695646239:AAGX5Tb3rabk6W0ZHahBrI1qO__k_g0S-vA/getUpdates "HTTP/1.1 200 OK"
2025-04-14 23:57:04,828 - httpx - INFO - HTTP Request: POST https://api.telegram.org/bot7695646239:AAGX5Tb3rabk6W0ZHahBrI1qO__k_g0S-vA/getUpdates "HTTP/1.1 200 OK"
2025-04-14 23:57:14,897 - httpx - INFO - HTTP Request: POST https://api.telegram.org/bot7695646239:AAGX5Tb3rabk6W0ZHahBrI1qO__k_g0S-vA/getUpdates "HTTP/1.1 200 OK"
2025-04-14 23:57:24,953 - httpx - INFO - HTTP Request: POST https://api.telegram.org/bot7695646239:AAGX5Tb3rabk6W0ZHahBrI1qO__k_g0S-vA/getUpdates "HTTP/1.1 200 OK"
2025-04-14 23:57:35,022 - httpx - INFO - HTTP Request: POST https://api.telegram.org/bot7695646239:AAGX5Tb3rabk6W0ZHahBrI1qO__k_g0S-vA/getUpdates "HTTP/1.1 200 OK"
2025-04-14 23:57:45,073 - httpx - INFO - HTTP Request: POST https://api.telegram.org/bot7695646239:AAGX5Tb3rabk6W0ZHahBrI1qO__k_g0S-vA/getUpdates "HTTP/1.1 200 OK"
2025-04-14 23:57:55,143 - httpx - INFO - HTTP Request: POST https://api.telegram.org/bot7695646239:AAGX5Tb3rabk6W0ZHahBrI1qO__k_g0S-vA/getUpdates "HTTP/1.1 200 OK"
2025-04-14 23:58:05,216 - httpx - INFO - HTTP Request: POST https://api.telegram.org/bot7695646239:AAGX5Tb3rabk6W0ZHahBrI1qO__k_g0S-vA/getUpdates "HTTP/1.1 200 OK"
2025-04-15 00:02:01,248 - httpx - INFO - HTTP Request: POST https://api.telegram.org/bot7695646239:AAGX5Tb3rabk6W0ZHahBrI1qO__k_g0S-vA/getMe "HTTP/1.1 200 OK"
2025-04-15 00:02:01,312 - httpx - INFO - HTTP Request: POST https://api.telegram.org/bot7695646239:AAGX5Tb3rabk6W0ZHahBrI1qO__k_g0S-vA/deleteWebhook "HTTP/1.1 200 OK"
2025-04-15 00:02:01,312 - telegram.ext.Application - INFO - Application started
2025-04-15 00:02:11,521 - httpx - INFO - HTTP Request: POST https://api.telegram.org/bot7695646239:AAGX5Tb3rabk6W0ZHahBrI1qO__k_g0S-vA/getUpdates "HTTP/1.1 200 OK"
2025-04-15 00:02:21,588 - httpx - INFO - HTTP Request: POST https://api.telegram.org/bot7695646239:AAGX5Tb3rabk6W0ZHahBrI1qO__k_g0S-vA/getUpdates "HTTP/1.1 200 OK"
2025-04-15 00:02:31,652 - httpx - INFO - HTTP Request: POST https://api.telegram.org/bot7695646239:AAGX5Tb3rabk6W0ZHahBrI1qO__k_g0S-vA/getUpdates "HTTP/1.1 200 OK"
2025-04-15 00:02:41,715 - httpx - INFO - HTTP Request: POST https://api.telegram.org/bot7695646239:AAGX5Tb3rabk6W0ZHahBrI1qO__k_g0S-vA/getUpdates "HTTP/1.1 200 OK"
2025-04-15 00:02:51,778 - httpx - INFO - HTTP Request: POST https://api.telegram.org/bot7695646239:AAGX5Tb3rabk6W0ZHahBrI1qO__k_g0S-vA/getUpdates "HTTP/1.1 200 OK"
2025-04-15 00:03:01,845 - httpx - INFO - HTTP Request: POST https://api.telegram.org/bot7695646239:AAGX5Tb3rabk6W0ZHahBrI1qO__k_g0S-vA/getUpdates "HTTP/1.1 200 OK"
2025-04-15 00:03:11,910 - httpx - INFO - HTTP Request: POST https://api.telegram.org/bot7695646239:AAGX5Tb3rabk6W0ZHahBrI1qO__k_g0S-vA/getUpdates "HTTP/1.1 200 OK"
2025-04-15 00:03:21,976 - httpx - INFO - HTTP Request: POST https://api.telegram.org/bot7695646239:AAGX5Tb3rabk6W0ZHahBrI1qO__k_g0S-vA/getUpdates "HTTP/1.1 200 OK"
2025-04-15 00:03:32,041 - httpx - INFO - HTTP Request: POST https://api.telegram.org/bot7695646239:AAGX5Tb3rabk6W0ZHahBrI1qO__k_g0S-vA/getUpdates "HTTP/1.1 200 OK"
2025-04-15 00:03:42,107 - httpx - INFO - HTTP Request: POST https://api.telegram.org/bot7695646239:AAGX5Tb3rabk6W0ZHahBrI1qO__k_g0S-vA/getUpdates "HTTP/1.1 200 OK"
2025-04-15 00:03:52,172 - httpx - INFO - HTTP Request: POST https://api.telegram.org/bot7695646239:AAGX5Tb3rabk6W0ZHahBrI1qO__k_g0S-vA/getUpdates "HTTP/1.1 200 OK"
2025-04-15 00:04:02,227 - httpx - INFO - HTTP Request: POST https://api.telegram.org/bot7695646239:AAGX5Tb3rabk6W0ZHahBrI1qO__k_g0S-vA/getUpdates "HTTP/1.1 200 OK"
2025-04-15 00:04:12,295 - httpx - INFO - HTTP Request: POST https://api.telegram.org/bot7695646239:AAGX5Tb3rabk6W0ZHahBrI1qO__k_g0S-vA/getUpdates "HTTP/1.1 200 OK"
2025-04-15 00:04:22,362 - httpx - INFO - HTTP Request: POST https://api.telegram.org/bot7695646239:AAGX5Tb3rabk6W0ZHahBrI1qO__k_g0S-vA/getUpdates "HTTP/1.1 200 OK"
2025-04-15 00:04:32,435 - httpx - INFO - HTTP Request: POST https://api.telegram.org/bot7695646239:AAGX5Tb3rabk6W0ZHahBrI1qO__k_g0S-vA/getUpdates "HTTP/1.1 200 OK"
2025-04-15 00:04:42,494 - httpx - INFO - HTTP Request: POST https://api.telegram.org/bot7695646239:AAGX5Tb3rabk6W0ZHahBrI1qO__k_g0S-vA/getUpdates "HTTP/1.1 200 OK"
2025-04-15 00:04:52,564 - httpx - INFO - HTTP Request: POST https://api.telegram.org/bot7695646239:AAGX5Tb3rabk6W0ZHahBrI1qO__k_g0S-vA/getUpdates "HTTP/1.1 200 OK"
2025-04-15 00:05:02,629 - httpx - INFO - HTTP Request: POST https://api.telegram.org/bot7695646239:AAGX5Tb3rabk6W0ZHahBrI1qO__k_g0S-vA/getUpdates "HTTP/1.1 200 OK"
2025-04-15 00:05:13,014 - httpx - INFO - HTTP Request: POST https://api.telegram.org/bot7695646239:AAGX5Tb3rabk6W0ZHahBrI1qO__k_g0S-vA/getMe "HTTP/1.1 200 OK"
2025-04-15 00:05:13,078 - httpx - INFO - HTTP Request: POST https://api.telegram.org/bot7695646239:AAGX5Tb3rabk6W0ZHahBrI1qO__k_g0S-vA/deleteWebhook "HTTP/1.1 200 OK"
2025-04-15 00:05:13,078 - telegram.ext.Application - INFO - Application started
2025-04-15 00:05:23,259 - httpx - INFO - HTTP Request: POST https://api.telegram.org/bot7695646239:AAGX5Tb3rabk6W0ZHahBrI1qO__k_g0S-vA/getUpdates "HTTP/1.1 200 OK"
2025-04-15 00:05:33,333 - httpx - INFO - HTTP Request: POST https://api.telegram.org/bot7695646239:AAGX5Tb3rabk6W0ZHahBrI1qO__k_g0S-vA/getUpdates "HTTP/1.1 200 OK"
2025-04-15 00:05:43,404 - httpx - INFO - HTTP Request: POST https://api.telegram.org/bot7695646239:AAGX5Tb3rabk6W0ZHahBrI1qO__k_g0S-vA/getUpdates "HTTP/1.1 200 OK"
2025-04-15 00:05:53,488 - httpx - INFO - HTTP Request: POST https://api.telegram.org/bot7695646239:AAGX5Tb3rabk6W0ZHahBrI1qO__k_g0S-vA/getUpdates "HTTP/1.1 200 OK"
2025-04-15 00:06:03,567 - httpx - INFO - HTTP Request: POST https://api.telegram.org/bot7695646239:AAGX5Tb3rabk6W0ZHahBrI1qO__k_g0S-vA/getUpdates "HTTP/1.1 200 OK"
2025-04-15 00:06:13,635 - httpx - INFO - HTTP Request: POST https://api.telegram.org/bot7695646239:AAGX5Tb3rabk6W0ZHahBrI1qO__k_g0S-vA/getUpdates "HTTP/1.1 200 OK"
2025-04-15 00:06:23,697 - httpx - INFO - HTTP Request: POST https://api.telegram.org/bot7695646239:AAGX5Tb3rabk6W0ZHahBrI1qO__k_g0S-vA/getUpdates "HTTP/1.1 200 OK"
2025-04-15 00:06:33,758 - httpx - INFO - HTTP Request: POST https://api.telegram.org/bot7695646239:AAGX5Tb3rabk6W0ZHahBrI1qO__k_g0S-vA/getUpdates "HTTP/1.1 200 OK"
2025-04-15 00:06:43,812 - httpx - INFO - HTTP Request: POST https://api.telegram.org/bot7695646239:AAGX5Tb3rabk6W0ZHahBrI1qO__k_g0S-vA/getUpdates "HTTP/1.1 200 OK"
2025-04-15 00:06:53,883 - httpx - INFO - HTTP Request: POST https://api.telegram.org/bot7695646239:AAGX5Tb3rabk6W0ZHahBrI1qO__k_g0S-vA/getUpdates "HTTP/1.1 200 OK"
2025-04-15 00:07:03,943 - httpx - INFO - HTTP Request: POST https://api.telegram.org/bot7695646239:AAGX5Tb3rabk6W0ZHahBrI1qO__k_g0S-vA/getUpdates "HTTP/1.1 200 OK"
2025-04-15 00:07:14,001 - httpx - INFO - HTTP Request: POST https://api.telegram.org/bot7695646239:AAGX5Tb3rabk6W0ZHahBrI1qO__k_g0S-vA/getUpdates "HTTP/1.1 200 OK"
2025-04-15 00:07:24,078 - httpx - INFO - HTTP Request: POST https://api.telegram.org/bot7695646239:AAGX5Tb3rabk6W0ZHahBrI1qO__k_g0S-vA/getUpdates "HTTP/1.1 200 OK"
2025-04-15 00:07:34,169 - httpx - INFO - HTTP Request: POST https://api.telegram.org/bot7695646239:AAGX5Tb3rabk6W0ZHahBrI1qO__k_g0S-vA/getUpdates "HTTP/1.1 200 OK"
2025-04-15 00:07:44,276 - httpx - INFO - HTTP Request: POST https://api.telegram.org/bot7695646239:AAGX5Tb3rabk6W0ZHahBrI1qO__k_g0S-vA/getUpdates "HTTP/1.1 200 OK"
2025-04-15 00:07:54,336 - httpx - INFO - HTTP Request: POST https://api.telegram.org/bot7695646239:AAGX5Tb3rabk6W0ZHahBrI1qO__k_g0S-vA/getUpdates "HTTP/1.1 200 OK"
2025-04-15 00:08:04,397 - httpx - INFO - HTTP Request: POST https://api.telegram.org/bot7695646239:AAGX5Tb3rabk6W0ZHahBrI1qO__k_g0S-vA/getUpdates "HTTP/1.1 200 OK"
2025-04-15 00:08:14,458 - httpx - INFO - HTTP Request: POST https://api.telegram.org/bot7695646239:AAGX5Tb3rabk6W0ZHahBrI1qO__k_g0S-vA/getUpdates "HTTP/1.1 200 OK"
2025-04-15 00:08:24,534 - httpx - INFO - HTTP Request: POST https://api.telegram.org/bot7695646239:AAGX5Tb3rabk6W0ZHahBrI1qO__k_g0S-vA/getUpdates "HTTP/1.1 200 OK"
2025-04-15 00:08:34,595 - httpx - INFO - HTTP Request: POST https://api.telegram.org/bot7695646239:AAGX5Tb3rabk6W0ZHahBrI1qO__k_g0S-vA/getUpdates "HTTP/1.1 200 OK"
2025-04-15 00:08:44,661 - httpx - INFO - HTTP Request: POST https://api.telegram.org/bot7695646239:AAGX5Tb3rabk6W0ZHahBrI1qO__k_g0S-vA/getUpdates "HTTP/1.1 200 OK"
2025-04-15 00:08:54,748 - httpx - INFO - HTTP Request: POST https://api.telegram.org/bot7695646239:AAGX5Tb3rabk6W0ZHahBrI1qO__k_g0S-vA/getUpdates "HTTP/1.1 200 OK"
2025-04-15 00:09:04,806 - httpx - INFO - HTTP Request: POST https://api.telegram.org/bot7695646239:AAGX5Tb3rabk6W0ZHahBrI1qO__k_g0S-vA/getUpdates "HTTP/1.1 200 OK"
2025-04-15 00:09:14,873 - httpx - INFO - HTTP Request: POST https://api.telegram.org/bot7695646239:AAGX5Tb3rabk6W0ZHahBrI1qO__k_g0S-vA/getUpdates "HTTP/1.1 200 OK"
2025-04-15 00:09:24,963 - httpx - INFO - HTTP Request: POST https://api.telegram.org/bot7695646239:AAGX5Tb3rabk6W0ZHahBrI1qO__k_g0S-vA/getUpdates "HTTP/1.1 200 OK"
2025-04-15 00:09:35,031 - httpx - INFO - HTTP Request: POST https://api.telegram.org/bot7695646239:AAGX5Tb3rabk6W0ZHahBrI1qO__k_g0S-vA/getUpdates "HTTP/1.1 200 OK"
2025-04-15 00:09:45,097 - httpx - INFO - HTTP Request: POST https://api.telegram.org/bot7695646239:AAGX5Tb3rabk6W0ZHahBrI1qO__k_g0S-vA/getUpdates "HTTP/1.1 200 OK"
2025-04-15 00:09:55,149 - httpx - INFO - HTTP Request: POST https://api.telegram.org/bot7695646239:AAGX5Tb3rabk6W0ZHahBrI1qO__k_g0S-vA/getUpdates "HTTP/1.1 200 OK"
2025-04-15 00:10:05,216 - httpx - INFO - HTTP Request: POST https://api.telegram.org/bot7695646239:AAGX5Tb3rabk6W0ZHahBrI1qO__k_g0S-vA/getUpdates "HTTP/1.1 200 OK"
2025-04-15 00:10:15,271 - httpx - INFO - HTTP Request: POST https://api.telegram.org/bot7695646239:AAGX5Tb3rabk6W0ZHahBrI1qO__k_g0S-vA/getUpdates "HTTP/1.1 200 OK"
2025-04-15 00:10:25,334 - httpx - INFO - HTTP Request: POST https://api.telegram.org/bot7695646239:AAGX5Tb3rabk6W0ZHahBrI1qO__k_g0S-vA/getUpdates "HTTP/1.1 200 OK"
2025-04-15 00:10:35,386 - httpx - INFO - HTTP Request: POST https://api.telegram.org/bot7695646239:AAGX5Tb3rabk6W0ZHahBrI1qO__k_g0S-vA/getUpdates "HTTP/1.1 200 OK"
2025-04-15 00:10:45,455 - httpx - INFO - HTTP Request: POST https://api.telegram.org/bot7695646239:AAGX5Tb3rabk6W0ZHahBrI1qO__k_g0S-vA/getUpdates "HTTP/1.1 200 OK"
2025-04-15 00:10:55,525 - httpx - INFO - HTTP Request: POST https://api.telegram.org/bot7695646239:AAGX5Tb3rabk6W0ZHahBrI1qO__k_g0S-vA/getUpdates "HTTP/1.1 200 OK"
2025-04-15 00:11:05,660 - httpx - INFO - HTTP Request: POST https://api.telegram.org/bot7695646239:AAGX5Tb3rabk6W0ZHahBrI1qO__k_g0S-vA/getUpdates "HTTP/1.1 200 OK"
2025-04-15 00:11:15,728 - httpx - INFO - HTTP Request: POST https://api.telegram.org/bot7695646239:AAGX5Tb3rabk6W0ZHahBrI1qO__k_g0S-vA/getUpdates "HTTP/1.1 200 OK"
2025-04-15 00:11:25,791 - httpx - INFO - HTTP Request: POST https://api.telegram.org/bot7695646239:AAGX5Tb3rabk6W0ZHahBrI1qO__k_g0S-vA/getUpdates "HTTP/1.1 200 OK"
2025-04-15 00:11:35,852 - httpx - INFO - HTTP Request: POST https://api.telegram.org/bot7695646239:AAGX5Tb3rabk6W0ZHahBrI1qO__k_g0S-vA/getUpdates "HTTP/1.1 200 OK"
2025-04-15 00:11:45,909 - httpx - INFO - HTTP Request: POST https://api.telegram.org/bot7695646239:AAGX5Tb3rabk6W0ZHahBrI1qO__k_g0S-vA/getUpdates "HTTP/1.1 200 OK"
2025-04-15 00:11:55,982 - httpx - INFO - HTTP Request: POST https://api.telegram.org/bot7695646239:AAGX5Tb3rabk6W0ZHahBrI1qO__k_g0S-vA/getUpdates "HTTP/1.1 200 OK"
2025-04-15 00:12:06,045 - httpx - INFO - HTTP Request: POST https://api.telegram.org/bot7695646239:AAGX5Tb3rabk6W0ZHahBrI1qO__k_g0S-vA/getUpdates "HTTP/1.1 200 OK"
2025-04-15 00:12:16,110 - httpx - INFO - HTTP Request: POST https://api.telegram.org/bot7695646239:AAGX5Tb3rabk6W0ZHahBrI1qO__k_g0S-vA/getUpdates "HTTP/1.1 200 OK"
2025-04-15 00:12:26,173 - httpx - INFO - HTTP Request: POST https://api.telegram.org/bot7695646239:AAGX5Tb3rabk6W0ZHahBrI1qO__k_g0S-vA/getUpdates "HTTP/1.1 200 OK"
2025-04-15 00:12:36,230 - httpx - INFO - HTTP Request: POST https://api.telegram.org/bot7695646239:AAGX5Tb3rabk6W0ZHahBrI1qO__k_g0S-vA/getUpdates "HTTP/1.1 200 OK"
2025-04-15 00:12:46,342 - httpx - INFO - HTTP Request: POST https://api.telegram.org/bot7695646239:AAGX5Tb3rabk6W0ZHahBrI1qO__k_g0S-vA/getUpdates "HTTP/1.1 200 OK"
2025-04-15 00:12:56,421 - httpx - INFO - HTTP Request: POST https://api.telegram.org/bot7695646239:AAGX5Tb3rabk6W0ZHahBrI1qO__k_g0S-vA/getUpdates "HTTP/1.1 200 OK"
2025-04-15 00:13:06,477 - httpx - INFO - HTTP Request: POST https://api.telegram.org/bot7695646239:AAGX5Tb3rabk6W0ZHahBrI1qO__k_g0S-vA/getUpdates "HTTP/1.1 200 OK"
2025-04-15 00:13:16,540 - httpx - INFO - HTTP Request: POST https://api.telegram.org/bot7695646239:AAGX5Tb3rabk6W0ZHahBrI1qO__k_g0S-vA/getUpdates "HTTP/1.1 200 OK"
2025-04-15 00:13:26,603 - httpx - INFO - HTTP Request: POST https://api.telegram.org/bot7695646239:AAGX5Tb3rabk6W0ZHahBrI1qO__k_g0S-vA/getUpdates "HTTP/1.1 200 OK"
2025-04-15 00:13:36,683 - httpx - INFO - HTTP Request: POST https://api.telegram.org/bot7695646239:AAGX5Tb3rabk6W0ZHahBrI1qO__k_g0S-vA/getUpdates "HTTP/1.1 200 OK"
2025-04-15 00:13:46,744 - httpx - INFO - HTTP Request: POST https://api.telegram.org/bot7695646239:AAGX5Tb3rabk6W0ZHahBrI1qO__k_g0S-vA/getUpdates "HTTP/1.1 200 OK"
2025-04-15 00:13:56,800 - httpx - INFO - HTTP Request: POST https://api.telegram.org/bot7695646239:AAGX5Tb3rabk6W0ZHahBrI1qO__k_g0S-vA/getUpdates "HTTP/1.1 200 OK"
2025-04-15 00:14:06,872 - httpx - INFO - HTTP Request: POST https://api.telegram.org/bot7695646239:AAGX5Tb3rabk6W0ZHahBrI1qO__k_g0S-vA/getUpdates "HTTP/1.1 200 OK"
2025-04-15 00:14:16,933 - httpx - INFO - HTTP Request: POST https://api.telegram.org/bot7695646239:AAGX5Tb3rabk6W0ZHahBrI1qO__k_g0S-vA/getUpdates "HTTP/1.1 200 OK"
2025-04-15 00:16:00,739 - httpx - INFO - HTTP Request: POST https://api.telegram.org/bot7695646239:AAGX5Tb3rabk6W0ZHahBrI1qO__k_g0S-vA/getUpdates "HTTP/1.1 200 OK"
2025-04-15 00:16:10,818 - httpx - INFO - HTTP Request: POST https://api.telegram.org/bot7695646239:AAGX5Tb3rabk6W0ZHahBrI1qO__k_g0S-vA/getUpdates "HTTP/1.1 200 OK"
2025-04-15 00:16:20,870 - httpx - INFO - HTTP Request: POST https://api.telegram.org/bot7695646239:AAGX5Tb3rabk6W0ZHahBrI1qO__k_g0S-vA/getUpdates "HTTP/1.1 200 OK"
2025-04-15 00:16:30,932 - httpx - INFO - HTTP Request: POST https://api.telegram.org/bot7695646239:AAGX5Tb3rabk6W0ZHahBrI1qO__k_g0S-vA/getUpdates "HTTP/1.1 200 OK"
2025-04-15 00:16:41,011 - httpx - INFO - HTTP Request: POST https://api.telegram.org/bot7695646239:AAGX5Tb3rabk6W0ZHahBrI1qO__k_g0S-vA/getUpdates "HTTP/1.1 200 OK"
2025-04-15 00:16:51,064 - httpx - INFO - HTTP Request: POST https://api.telegram.org/bot7695646239:AAGX5Tb3rabk6W0ZHahBrI1qO__k_g0S-vA/getUpdates "HTTP/1.1 200 OK"
2025-04-15 00:17:01,128 - httpx - INFO - HTTP Request: POST https://api.telegram.org/bot7695646239:AAGX5Tb3rabk6W0ZHahBrI1qO__k_g0S-vA/getUpdates "HTTP/1.1 200 OK"
2025-04-15 00:17:11,195 - httpx - INFO - HTTP Request: POST https://api.telegram.org/bot7695646239:AAGX5Tb3rabk6W0ZHahBrI1qO__k_g0S-vA/getUpdates "HTTP/1.1 200 OK"
2025-04-15 00:17:21,264 - httpx - INFO - HTTP Request: POST https://api.telegram.org/bot7695646239:AAGX5Tb3rabk6W0ZHahBrI1qO__k_g0S-vA/getUpdates "HTTP/1.1 200 OK"
2025-04-15 00:17:31,334 - httpx - INFO - HTTP Request: POST https://api.telegram.org/bot7695646239:AAGX5Tb3rabk6W0ZHahBrI1qO__k_g0S-vA/getUpdates "HTTP/1.1 200 OK"
2025-04-15 00:17:41,406 - httpx - INFO - HTTP Request: POST https://api.telegram.org/bot7695646239:AAGX5Tb3rabk6W0ZHahBrI1qO__k_g0S-vA/getUpdates "HTTP/1.1 200 OK"
2025-04-15 00:17:51,474 - httpx - INFO - HTTP Request: POST https://api.telegram.org/bot7695646239:AAGX5Tb3rabk6W0ZHahBrI1qO__k_g0S-vA/getUpdates "HTTP/1.1 200 OK"
2025-04-15 00:18:01,532 - httpx - INFO - HTTP Request: POST https://api.telegram.org/bot7695646239:AAGX5Tb3rabk6W0ZHahBrI1qO__k_g0S-vA/getUpdates "HTTP/1.1 200 OK"
2025-04-15 00:18:11,596 - httpx - INFO - HTTP Request: POST https://api.telegram.org/bot7695646239:AAGX5Tb3rabk6W0ZHahBrI1qO__k_g0S-vA/getUpdates "HTTP/1.1 200 OK"
2025-04-15 00:18:21,667 - httpx - INFO - HTTP Request: POST https://api.telegram.org/bot7695646239:AAGX5Tb3rabk6W0ZHahBrI1qO__k_g0S-vA/getUpdates "HTTP/1.1 200 OK"
2025-04-15 00:18:31,736 - httpx - INFO - HTTP Request: POST https://api.telegram.org/bot7695646239:AAGX5Tb3rabk6W0ZHahBrI1qO__k_g0S-vA/getUpdates "HTTP/1.1 200 OK"
2025-04-15 00:18:41,790 - httpx - INFO - HTTP Request: POST https://api.telegram.org/bot7695646239:AAGX5Tb3rabk6W0ZHahBrI1qO__k_g0S-vA/getUpdates "HTTP/1.1 200 OK"
2025-04-15 00:18:51,855 - httpx - INFO - HTTP Request: POST https://api.telegram.org/bot7695646239:AAGX5Tb3rabk6W0ZHahBrI1qO__k_g0S-vA/getUpdates "HTTP/1.1 200 OK"
2025-04-15 00:19:01,923 - httpx - INFO - HTTP Request: POST https://api.telegram.org/bot7695646239:AAGX5Tb3rabk6W0ZHahBrI1qO__k_g0S-vA/getUpdates "HTTP/1.1 200 OK"
2025-04-15 00:19:12,005 - httpx - INFO - HTTP Request: POST https://api.telegram.org/bot7695646239:AAGX5Tb3rabk6W0ZHahBrI1qO__k_g0S-vA/getUpdates "HTTP/1.1 200 OK"
2025-04-15 00:19:22,066 - httpx - INFO - HTTP Request: POST https://api.telegram.org/bot7695646239:AAGX5Tb3rabk6W0ZHahBrI1qO__k_g0S-vA/getUpdates "HTTP/1.1 200 OK"
2025-04-15 00:19:32,150 - httpx - INFO - HTTP Request: POST https://api.telegram.org/bot7695646239:AAGX5Tb3rabk6W0ZHahBrI1qO__k_g0S-vA/getUpdates "HTTP/1.1 200 OK"
2025-04-15 00:19:42,211 - httpx - INFO - HTTP Request: POST https://api.telegram.org/bot7695646239:AAGX5Tb3rabk6W0ZHahBrI1qO__k_g0S-vA/getUpdates "HTTP/1.1 200 OK"
2025-04-15 00:19:52,265 - httpx - INFO - HTTP Request: POST https://api.telegram.org/bot7695646239:AAGX5Tb3rabk6W0ZHahBrI1qO__k_g0S-vA/getUpdates "HTTP/1.1 200 OK"
2025-04-15 00:20:02,341 - httpx - INFO - HTTP Request: POST https://api.telegram.org/bot7695646239:AAGX5Tb3rabk6W0ZHahBrI1qO__k_g0S-vA/getUpdates "HTTP/1.1 200 OK"
2025-04-15 00:20:12,400 - httpx - INFO - HTTP Request: POST https://api.telegram.org/bot7695646239:AAGX5Tb3rabk6W0ZHahBrI1qO__k_g0S-vA/getUpdates "HTTP/1.1 200 OK"
2025-04-15 00:20:22,473 - httpx - INFO - HTTP Request: POST https://api.telegram.org/bot7695646239:AAGX5Tb3rabk6W0ZHahBrI1qO__k_g0S-vA/getUpdates "HTTP/1.1 200 OK"
2025-04-15 00:20:32,530 - httpx - INFO - HTTP Request: POST https://api.telegram.org/bot7695646239:AAGX5Tb3rabk6W0ZHahBrI1qO__k_g0S-vA/getUpdates "HTTP/1.1 200 OK"
2025-04-15 00:20:42,590 - httpx - INFO - HTTP Request: POST https://api.telegram.org/bot7695646239:AAGX5Tb3rabk6W0ZHahBrI1qO__k_g0S-vA/getUpdates "HTTP/1.1 200 OK"
2025-04-15 00:20:52,669 - httpx - INFO - HTTP Request: POST https://api.telegram.org/bot7695646239:AAGX5Tb3rabk6W0ZHahBrI1qO__k_g0S-vA/getUpdates "HTTP/1.1 200 OK"
2025-04-15 00:21:02,745 - httpx - INFO - HTTP Request: POST https://api.telegram.org/bot7695646239:AAGX5Tb3rabk6W0ZHahBrI1qO__k_g0S-vA/getUpdates "HTTP/1.1 200 OK"
2025-04-15 00:21:12,808 - httpx - INFO - HTTP Request: POST https://api.telegram.org/bot7695646239:AAGX5Tb3rabk6W0ZHahBrI1qO__k_g0S-vA/getUpdates "HTTP/1.1 200 OK"
2025-04-15 00:21:22,890 - httpx - INFO - HTTP Request: POST https://api.telegram.org/bot7695646239:AAGX5Tb3rabk6W0ZHahBrI1qO__k_g0S-vA/getUpdates "HTTP/1.1 200 OK"
2025-04-15 00:21:32,967 - httpx - INFO - HTTP Request: POST https://api.telegram.org/bot7695646239:AAGX5Tb3rabk6W0ZHahBrI1qO__k_g0S-vA/getUpdates "HTTP/1.1 200 OK"
2025-04-15 00:21:43,030 - httpx - INFO - HTTP Request: POST https://api.telegram.org/bot7695646239:AAGX5Tb3rabk6W0ZHahBrI1qO__k_g0S-vA/getUpdates "HTTP/1.1 200 OK"
2025-04-15 00:21:53,091 - httpx - INFO - HTTP Request: POST https://api.telegram.org/bot7695646239:AAGX5Tb3rabk6W0ZHahBrI1qO__k_g0S-vA/getUpdates "HTTP/1.1 200 OK"
2025-04-15 00:22:03,157 - httpx - INFO - HTTP Request: POST https://api.telegram.org/bot7695646239:AAGX5Tb3rabk6W0ZHahBrI1qO__k_g0S-vA/getUpdates "HTTP/1.1 200 OK"
2025-04-15 00:22:13,222 - httpx - INFO - HTTP Request: POST https://api.telegram.org/bot7695646239:AAGX5Tb3rabk6W0ZHahBrI1qO__k_g0S-vA/getUpdates "HTTP/1.1 200 OK"
2025-04-15 00:22:23,289 - httpx - INFO - HTTP Request: POST https://api.telegram.org/bot7695646239:AAGX5Tb3rabk6W0ZHahBrI1qO__k_g0S-vA/getUpdates "HTTP/1.1 200 OK"
2025-04-15 00:22:33,353 - httpx - INFO - HTTP Request: POST https://api.telegram.org/bot7695646239:AAGX5Tb3rabk6W0ZHahBrI1qO__k_g0S-vA/getUpdates "HTTP/1.1 200 OK"
2025-04-15 00:22:43,417 - httpx - INFO - HTTP Request: POST https://api.telegram.org/bot7695646239:AAGX5Tb3rabk6W0ZHahBrI1qO__k_g0S-vA/getUpdates "HTTP/1.1 200 OK"
2025-04-15 00:22:53,488 - httpx - INFO - HTTP Request: POST https://api.telegram.org/bot7695646239:AAGX5Tb3rabk6W0ZHahBrI1qO__k_g0S-vA/getUpdates "HTTP/1.1 200 OK"
2025-04-15 00:23:03,551 - httpx - INFO - HTTP Request: POST https://api.telegram.org/bot7695646239:AAGX5Tb3rabk6W0ZHahBrI1qO__k_g0S-vA/getUpdates "HTTP/1.1 200 OK"
2025-04-15 00:23:13,613 - httpx - INFO - HTTP Request: POST https://api.telegram.org/bot7695646239:AAGX5Tb3rabk6W0ZHahBrI1qO__k_g0S-vA/getUpdates "HTTP/1.1 200 OK"
2025-04-15 00:23:23,678 - httpx - INFO - HTTP Request: POST https://api.telegram.org/bot7695646239:AAGX5Tb3rabk6W0ZHahBrI1qO__k_g0S-vA/getUpdates "HTTP/1.1 200 OK"
2025-04-15 00:23:33,744 - httpx - INFO - HTTP Request: POST https://api.telegram.org/bot7695646239:AAGX5Tb3rabk6W0ZHahBrI1qO__k_g0S-vA/getUpdates "HTTP/1.1 200 OK"
2025-04-15 00:23:43,820 - httpx - INFO - HTTP Request: POST https://api.telegram.org/bot7695646239:AAGX5Tb3rabk6W0ZHahBrI1qO__k_g0S-vA/getUpdates "HTTP/1.1 200 OK"
2025-04-15 00:23:53,885 - httpx - INFO - HTTP Request: POST https://api.telegram.org/bot7695646239:AAGX5Tb3rabk6W0ZHahBrI1qO__k_g0S-vA/getUpdates "HTTP/1.1 200 OK"
2025-04-15 00:24:03,952 - httpx - INFO - HTTP Request: POST https://api.telegram.org/bot7695646239:AAGX5Tb3rabk6W0ZHahBrI1qO__k_g0S-vA/getUpdates "HTTP/1.1 200 OK"
2025-04-15 00:24:14,017 - httpx - INFO - HTTP Request: POST https://api.telegram.org/bot7695646239:AAGX5Tb3rabk6W0ZHahBrI1qO__k_g0S-vA/getUpdates "HTTP/1.1 200 OK"
2025-04-15 00:24:24,082 - httpx - INFO - HTTP Request: POST https://api.telegram.org/bot7695646239:AAGX5Tb3rabk6W0ZHahBrI1qO__k_g0S-vA/getUpdates "HTTP/1.1 200 OK"
2025-04-15 00:24:34,146 - httpx - INFO - HTTP Request: POST https://api.telegram.org/bot7695646239:AAGX5Tb3rabk6W0ZHahBrI1qO__k_g0S-vA/getUpdates "HTTP/1.1 200 OK"
2025-04-15 00:24:44,208 - httpx - INFO - HTTP Request: POST https://api.telegram.org/bot7695646239:AAGX5Tb3rabk6W0ZHahBrI1qO__k_g0S-vA/getUpdates "HTTP/1.1 200 OK"
2025-04-15 00:24:54,273 - httpx - INFO - HTTP Request: POST https://api.telegram.org/bot7695646239:AAGX5Tb3rabk6W0ZHahBrI1qO__k_g0S-vA/getUpdates "HTTP/1.1 200 OK"
2025-04-15 00:25:04,334 - httpx - INFO - HTTP Request: POST https://api.telegram.org/bot7695646239:AAGX5Tb3rabk6W0ZHahBrI1qO__k_g0S-vA/getUpdates "HTTP/1.1 200 OK"
2025-04-15 00:25:14,404 - httpx - INFO - HTTP Request: POST https://api.telegram.org/bot7695646239:AAGX5Tb3rabk6W0ZHahBrI1qO__k_g0S-vA/getUpdates "HTTP/1.1 200 OK"
2025-04-15 00:25:24,474 - httpx - INFO - HTTP Request: POST https://api.telegram.org/bot7695646239:AAGX5Tb3rabk6W0ZHahBrI1qO__k_g0S-vA/getUpdates "HTTP/1.1 200 OK"
2025-04-15 00:25:34,540 - httpx - INFO - HTTP Request: POST https://api.telegram.org/bot7695646239:AAGX5Tb3rabk6W0ZHahBrI1qO__k_g0S-vA/getUpdates "HTTP/1.1 200 OK"
2025-04-15 00:25:44,605 - httpx - INFO - HTTP Request: POST https://api.telegram.org/bot7695646239:AAGX5Tb3rabk6W0ZHahBrI1qO__k_g0S-vA/getUpdates "HTTP/1.1 200 OK"
2025-04-15 00:25:54,667 - httpx - INFO - HTTP Request: POST https://api.telegram.org/bot7695646239:AAGX5Tb3rabk6W0ZHahBrI1qO__k_g0S-vA/getUpdates "HTTP/1.1 200 OK"
2025-04-15 00:26:04,729 - httpx - INFO - HTTP Request: POST https://api.telegram.org/bot7695646239:AAGX5Tb3rabk6W0ZHahBrI1qO__k_g0S-vA/getUpdates "HTTP/1.1 200 OK"
2025-04-15 00:26:14,793 - httpx - INFO - HTTP Request: POST https://api.telegram.org/bot7695646239:AAGX5Tb3rabk6W0ZHahBrI1qO__k_g0S-vA/getUpdates "HTTP/1.1 200 OK"
2025-04-15 00:26:24,873 - httpx - INFO - HTTP Request: POST https://api.telegram.org/bot7695646239:AAGX5Tb3rabk6W0ZHahBrI1qO__k_g0S-vA/getUpdates "HTTP/1.1 200 OK"
2025-04-15 00:26:34,943 - httpx - INFO - HTTP Request: POST https://api.telegram.org/bot7695646239:AAGX5Tb3rabk6W0ZHahBrI1qO__k_g0S-vA/getUpdates "HTTP/1.1 200 OK"
2025-04-15 00:26:45,013 - httpx - INFO - HTTP Request: POST https://api.telegram.org/bot7695646239:AAGX5Tb3rabk6W0ZHahBrI1qO__k_g0S-vA/getUpdates "HTTP/1.1 200 OK"
2025-04-15 00:26:55,081 - httpx - INFO - HTTP Request: POST https://api.telegram.org/bot7695646239:AAGX5Tb3rabk6W0ZHahBrI1qO__k_g0S-vA/getUpdates "HTTP/1.1 200 OK"
2025-04-15 00:27:05,147 - httpx - INFO - HTTP Request: POST https://api.telegram.org/bot7695646239:AAGX5Tb3rabk6W0ZHahBrI1qO__k_g0S-vA/getUpdates "HTTP/1.1 200 OK"
2025-04-15 00:27:15,222 - httpx - INFO - HTTP Request: POST https://api.telegram.org/bot7695646239:AAGX5Tb3rabk6W0ZHahBrI1qO__k_g0S-vA/getUpdates "HTTP/1.1 200 OK"
2025-04-15 00:27:25,289 - httpx - INFO - HTTP Request: POST https://api.telegram.org/bot7695646239:AAGX5Tb3rabk6W0ZHahBrI1qO__k_g0S-vA/getUpdates "HTTP/1.1 200 OK"
2025-04-15 00:27:35,355 - httpx - INFO - HTTP Request: POST https://api.telegram.org/bot7695646239:AAGX5Tb3rabk6W0ZHahBrI1qO__k_g0S-vA/getUpdates "HTTP/1.1 200 OK"
2025-04-15 00:27:45,427 - httpx - INFO - HTTP Request: POST https://api.telegram.org/bot7695646239:AAGX5Tb3rabk6W0ZHahBrI1qO__k_g0S-vA/getUpdates "HTTP/1.1 200 OK"
2025-04-15 00:27:55,491 - httpx - INFO - HTTP Request: POST https://api.telegram.org/bot7695646239:AAGX5Tb3rabk6W0ZHahBrI1qO__k_g0S-vA/getUpdates "HTTP/1.1 200 OK"
2025-04-15 00:28:05,591 - httpx - INFO - HTTP Request: POST https://api.telegram.org/bot7695646239:AAGX5Tb3rabk6W0ZHahBrI1qO__k_g0S-vA/getUpdates "HTTP/1.1 200 OK"
2025-04-15 00:28:15,659 - httpx - INFO - HTTP Request: POST https://api.telegram.org/bot7695646239:AAGX5Tb3rabk6W0ZHahBrI1qO__k_g0S-vA/getUpdates "HTTP/1.1 200 OK"
2025-04-15 00:32:26,499 - httpx - INFO - HTTP Request: POST https://api.telegram.org/bot7695646239:AAGX5Tb3rabk6W0ZHahBrI1qO__k_g0S-vA/getUpdates "HTTP/1.1 200 OK"
2025-04-15 00:32:36,736 - httpx - INFO - HTTP Request: POST https://api.telegram.org/bot7695646239:AAGX5Tb3rabk6W0ZHahBrI1qO__k_g0S-vA/getUpdates "HTTP/1.1 200 OK"
2025-04-15 00:35:21,857 - httpx - INFO - HTTP Request: POST https://api.telegram.org/bot7695646239:AAGX5Tb3rabk6W0ZHahBrI1qO__k_g0S-vA/getMe "HTTP/1.1 200 OK"
2025-04-15 00:35:21,928 - httpx - INFO - HTTP Request: POST https://api.telegram.org/bot7695646239:AAGX5Tb3rabk6W0ZHahBrI1qO__k_g0S-vA/deleteWebhook "HTTP/1.1 200 OK"
2025-04-15 00:35:21,928 - telegram.ext.Application - INFO - Application started
2025-04-15 00:35:32,121 - httpx - INFO - HTTP Request: POST https://api.telegram.org/bot7695646239:AAGX5Tb3rabk6W0ZHahBrI1qO__k_g0S-vA/getUpdates "HTTP/1.1 200 OK"
2025-04-15 00:35:42,183 - httpx - INFO - HTTP Request: POST https://api.telegram.org/bot7695646239:AAGX5Tb3rabk6W0ZHahBrI1qO__k_g0S-vA/getUpdates "HTTP/1.1 200 OK"
2025-04-15 00:35:52,245 - httpx - INFO - HTTP Request: POST https://api.telegram.org/bot7695646239:AAGX5Tb3rabk6W0ZHahBrI1qO__k_g0S-vA/getUpdates "HTTP/1.1 200 OK"
2025-04-15 00:35:58,051 - httpx - INFO - HTTP Request: POST https://api.telegram.org/bot7695646239:AAGX5Tb3rabk6W0ZHahBrI1qO__k_g0S-vA/getUpdates "HTTP/1.1 200 OK"
2025-04-15 00:35:58,256 - httpx - INFO - HTTP Request: POST https://api.telegram.org/bot7695646239:AAGX5Tb3rabk6W0ZHahBrI1qO__k_g0S-vA/sendMessage "HTTP/1.1 200 OK"
2025-04-15 00:36:08,134 - httpx - INFO - HTTP Request: POST https://api.telegram.org/bot7695646239:AAGX5Tb3rabk6W0ZHahBrI1qO__k_g0S-vA/getUpdates "HTTP/1.1 200 OK"
2025-04-15 00:36:12,206 - httpx - INFO - HTTP Request: POST https://api.telegram.org/bot7695646239:AAGX5Tb3rabk6W0ZHahBrI1qO__k_g0S-vA/getUpdates "HTTP/1.1 200 OK"
2025-04-15 00:36:12,398 - httpx - INFO - HTTP Request: POST https://api.telegram.org/bot7695646239:AAGX5Tb3rabk6W0ZHahBrI1qO__k_g0S-vA/sendMessage "HTTP/1.1 400 Bad Request"
2025-04-15 00:36:12,398 - telegram.ext.Application - ERROR - No error handlers are registered, logging exception.
Traceback (most recent call last):
  File "C:\Users\ASUS\AppData\Local\Programs\Python\Python312\Lib\site-packages\telegram\ext\_application.py", line 1298, in process_update
    await coroutine
  File "C:\Users\ASUS\AppData\Local\Programs\Python\Python312\Lib\site-packages\telegram\ext\_handlers\basehandler.py", line 158, in handle_update
    return await self.callback(update, context)
           ^^^^^^^^^^^^^^^^^^^^^^^^^^^^^^^^^^^^
  File "C:\Users\ASUS\Documents\GitHub\discountMe\telegram_bot.py", line 127, in help_command
    await update.message.reply_text(help_text, parse_mode='Markdown')
  File "C:\Users\ASUS\AppData\Local\Programs\Python\Python312\Lib\site-packages\telegram\_message.py", line 1775, in reply_text
    return await self.get_bot().send_message(
           ^^^^^^^^^^^^^^^^^^^^^^^^^^^^^^^^^^
  File "C:\Users\ASUS\AppData\Local\Programs\Python\Python312\Lib\site-packages\telegram\ext\_extbot.py", line 2977, in send_message
    return await super().send_message(
           ^^^^^^^^^^^^^^^^^^^^^^^^^^^
  File "C:\Users\ASUS\AppData\Local\Programs\Python\Python312\Lib\site-packages\telegram\_bot.py", line 1091, in send_message
    return await self._send_message(
           ^^^^^^^^^^^^^^^^^^^^^^^^^
  File "C:\Users\ASUS\AppData\Local\Programs\Python\Python312\Lib\site-packages\telegram\ext\_extbot.py", line 618, in _send_message
    result = await super()._send_message(
             ^^^^^^^^^^^^^^^^^^^^^^^^^^^^
  File "C:\Users\ASUS\AppData\Local\Programs\Python\Python312\Lib\site-packages\telegram\_bot.py", line 803, in _send_message
    result = await self._post(
             ^^^^^^^^^^^^^^^^^
  File "C:\Users\ASUS\AppData\Local\Programs\Python\Python312\Lib\site-packages\telegram\_bot.py", line 691, in _post
    return await self._do_post(
           ^^^^^^^^^^^^^^^^^^^^
  File "C:\Users\ASUS\AppData\Local\Programs\Python\Python312\Lib\site-packages\telegram\ext\_extbot.py", line 362, in _do_post
    return await super()._do_post(
           ^^^^^^^^^^^^^^^^^^^^^^^
  File "C:\Users\ASUS\AppData\Local\Programs\Python\Python312\Lib\site-packages\telegram\_bot.py", line 720, in _do_post
    result = await request.post(
             ^^^^^^^^^^^^^^^^^^^
  File "C:\Users\ASUS\AppData\Local\Programs\Python\Python312\Lib\site-packages\telegram\request\_baserequest.py", line 197, in post
    result = await self._request_wrapper(
             ^^^^^^^^^^^^^^^^^^^^^^^^^^^^
  File "C:\Users\ASUS\AppData\Local\Programs\Python\Python312\Lib\site-packages\telegram\request\_baserequest.py", line 353, in _request_wrapper
    raise BadRequest(message)
telegram.error.BadRequest: Can't parse entities: can't find end of the entity starting at byte offset 429
2025-04-15 00:36:22,273 - httpx - INFO - HTTP Request: POST https://api.telegram.org/bot7695646239:AAGX5Tb3rabk6W0ZHahBrI1qO__k_g0S-vA/getUpdates "HTTP/1.1 200 OK"
2025-04-15 00:36:26,150 - httpx - INFO - HTTP Request: POST https://api.telegram.org/bot7695646239:AAGX5Tb3rabk6W0ZHahBrI1qO__k_g0S-vA/getUpdates "HTTP/1.1 200 OK"
2025-04-15 00:36:26,359 - httpx - INFO - HTTP Request: POST https://api.telegram.org/bot7695646239:AAGX5Tb3rabk6W0ZHahBrI1qO__k_g0S-vA/sendMessage "HTTP/1.1 200 OK"
2025-04-15 00:36:28,307 - httpx - INFO - HTTP Request: POST https://api.telegram.org/bot7695646239:AAGX5Tb3rabk6W0ZHahBrI1qO__k_g0S-vA/getUpdates "HTTP/1.1 200 OK"
2025-04-15 00:36:28,395 - httpx - INFO - HTTP Request: POST https://api.telegram.org/bot7695646239:AAGX5Tb3rabk6W0ZHahBrI1qO__k_g0S-vA/sendMessage "HTTP/1.1 200 OK"
2025-04-15 00:36:32,501 - httpx - INFO - HTTP Request: POST https://api.telegram.org/bot7695646239:AAGX5Tb3rabk6W0ZHahBrI1qO__k_g0S-vA/getUpdates "HTTP/1.1 200 OK"
2025-04-15 00:36:32,598 - httpx - INFO - HTTP Request: POST https://api.telegram.org/bot7695646239:AAGX5Tb3rabk6W0ZHahBrI1qO__k_g0S-vA/sendMessage "HTTP/1.1 200 OK"
2025-04-15 00:36:36,387 - httpx - INFO - HTTP Request: POST https://api.telegram.org/bot7695646239:AAGX5Tb3rabk6W0ZHahBrI1qO__k_g0S-vA/getUpdates "HTTP/1.1 200 OK"
2025-04-15 00:36:36,503 - httpx - INFO - HTTP Request: POST https://api.telegram.org/bot7695646239:AAGX5Tb3rabk6W0ZHahBrI1qO__k_g0S-vA/answerCallbackQuery "HTTP/1.1 200 OK"
2025-04-15 00:36:36,612 - httpx - INFO - HTTP Request: POST https://api.telegram.org/bot7695646239:AAGX5Tb3rabk6W0ZHahBrI1qO__k_g0S-vA/editMessageText "HTTP/1.1 200 OK"
2025-04-15 00:36:40,991 - httpx - INFO - HTTP Request: POST https://api.telegram.org/bot7695646239:AAGX5Tb3rabk6W0ZHahBrI1qO__k_g0S-vA/getUpdates "HTTP/1.1 200 OK"
2025-04-15 00:36:41,060 - httpx - INFO - HTTP Request: POST https://api.telegram.org/bot7695646239:AAGX5Tb3rabk6W0ZHahBrI1qO__k_g0S-vA/answerCallbackQuery "HTTP/1.1 200 OK"
2025-04-15 00:36:41,168 - httpx - INFO - HTTP Request: POST https://api.telegram.org/bot7695646239:AAGX5Tb3rabk6W0ZHahBrI1qO__k_g0S-vA/editMessageText "HTTP/1.1 200 OK"
2025-04-15 00:36:43,039 - httpx - INFO - HTTP Request: POST https://api.telegram.org/bot7695646239:AAGX5Tb3rabk6W0ZHahBrI1qO__k_g0S-vA/getUpdates "HTTP/1.1 200 OK"
2025-04-15 00:36:43,118 - httpx - INFO - HTTP Request: POST https://api.telegram.org/bot7695646239:AAGX5Tb3rabk6W0ZHahBrI1qO__k_g0S-vA/answerCallbackQuery "HTTP/1.1 200 OK"
2025-04-15 00:36:43,197 - httpx - INFO - HTTP Request: POST https://api.telegram.org/bot7695646239:AAGX5Tb3rabk6W0ZHahBrI1qO__k_g0S-vA/editMessageText "HTTP/1.1 200 OK"
2025-04-15 00:36:46,332 - httpx - INFO - HTTP Request: POST https://api.telegram.org/bot7695646239:AAGX5Tb3rabk6W0ZHahBrI1qO__k_g0S-vA/getUpdates "HTTP/1.1 200 OK"
2025-04-15 00:36:46,439 - httpx - INFO - HTTP Request: POST https://api.telegram.org/bot7695646239:AAGX5Tb3rabk6W0ZHahBrI1qO__k_g0S-vA/sendMessage "HTTP/1.1 200 OK"
2025-04-15 00:36:49,646 - httpx - INFO - HTTP Request: POST https://api.telegram.org/bot7695646239:AAGX5Tb3rabk6W0ZHahBrI1qO__k_g0S-vA/getUpdates "HTTP/1.1 200 OK"
2025-04-15 00:36:49,793 - httpx - INFO - HTTP Request: POST https://api.telegram.org/bot7695646239:AAGX5Tb3rabk6W0ZHahBrI1qO__k_g0S-vA/sendMessage "HTTP/1.1 200 OK"
2025-04-15 00:36:50,930 - httpx - INFO - HTTP Request: POST https://api.telegram.org/bot7695646239:AAGX5Tb3rabk6W0ZHahBrI1qO__k_g0S-vA/getUpdates "HTTP/1.1 200 OK"
2025-04-15 00:36:51,065 - httpx - INFO - HTTP Request: POST https://api.telegram.org/bot7695646239:AAGX5Tb3rabk6W0ZHahBrI1qO__k_g0S-vA/answerCallbackQuery "HTTP/1.1 200 OK"
2025-04-15 00:36:51,196 - httpx - INFO - HTTP Request: POST https://api.telegram.org/bot7695646239:AAGX5Tb3rabk6W0ZHahBrI1qO__k_g0S-vA/editMessageText "HTTP/1.1 200 OK"
2025-04-15 00:36:51,863 - httpx - INFO - HTTP Request: POST https://api.telegram.org/bot7695646239:AAGX5Tb3rabk6W0ZHahBrI1qO__k_g0S-vA/getUpdates "HTTP/1.1 200 OK"
2025-04-15 00:36:51,927 - httpx - INFO - HTTP Request: POST https://api.telegram.org/bot7695646239:AAGX5Tb3rabk6W0ZHahBrI1qO__k_g0S-vA/answerCallbackQuery "HTTP/1.1 200 OK"
2025-04-15 00:36:52,014 - httpx - INFO - HTTP Request: POST https://api.telegram.org/bot7695646239:AAGX5Tb3rabk6W0ZHahBrI1qO__k_g0S-vA/editMessageText "HTTP/1.1 200 OK"
2025-04-15 00:37:01,926 - httpx - INFO - HTTP Request: POST https://api.telegram.org/bot7695646239:AAGX5Tb3rabk6W0ZHahBrI1qO__k_g0S-vA/getUpdates "HTTP/1.1 200 OK"
2025-04-15 00:37:12,003 - httpx - INFO - HTTP Request: POST https://api.telegram.org/bot7695646239:AAGX5Tb3rabk6W0ZHahBrI1qO__k_g0S-vA/getUpdates "HTTP/1.1 200 OK"
2025-04-15 00:37:22,068 - httpx - INFO - HTTP Request: POST https://api.telegram.org/bot7695646239:AAGX5Tb3rabk6W0ZHahBrI1qO__k_g0S-vA/getUpdates "HTTP/1.1 200 OK"
2025-04-15 00:37:32,131 - httpx - INFO - HTTP Request: POST https://api.telegram.org/bot7695646239:AAGX5Tb3rabk6W0ZHahBrI1qO__k_g0S-vA/getUpdates "HTTP/1.1 200 OK"
2025-04-15 00:37:42,196 - httpx - INFO - HTTP Request: POST https://api.telegram.org/bot7695646239:AAGX5Tb3rabk6W0ZHahBrI1qO__k_g0S-vA/getUpdates "HTTP/1.1 200 OK"
2025-04-15 00:37:52,264 - httpx - INFO - HTTP Request: POST https://api.telegram.org/bot7695646239:AAGX5Tb3rabk6W0ZHahBrI1qO__k_g0S-vA/getUpdates "HTTP/1.1 200 OK"
2025-04-15 00:38:02,323 - httpx - INFO - HTTP Request: POST https://api.telegram.org/bot7695646239:AAGX5Tb3rabk6W0ZHahBrI1qO__k_g0S-vA/getUpdates "HTTP/1.1 200 OK"
2025-04-15 00:38:12,386 - httpx - INFO - HTTP Request: POST https://api.telegram.org/bot7695646239:AAGX5Tb3rabk6W0ZHahBrI1qO__k_g0S-vA/getUpdates "HTTP/1.1 200 OK"
2025-04-15 00:38:22,456 - httpx - INFO - HTTP Request: POST https://api.telegram.org/bot7695646239:AAGX5Tb3rabk6W0ZHahBrI1qO__k_g0S-vA/getUpdates "HTTP/1.1 200 OK"
2025-04-15 00:38:32,509 - httpx - INFO - HTTP Request: POST https://api.telegram.org/bot7695646239:AAGX5Tb3rabk6W0ZHahBrI1qO__k_g0S-vA/getUpdates "HTTP/1.1 200 OK"
2025-04-15 00:38:42,583 - httpx - INFO - HTTP Request: POST https://api.telegram.org/bot7695646239:AAGX5Tb3rabk6W0ZHahBrI1qO__k_g0S-vA/getUpdates "HTTP/1.1 200 OK"
2025-04-15 00:38:52,641 - httpx - INFO - HTTP Request: POST https://api.telegram.org/bot7695646239:AAGX5Tb3rabk6W0ZHahBrI1qO__k_g0S-vA/getUpdates "HTTP/1.1 200 OK"
2025-04-15 00:39:02,699 - httpx - INFO - HTTP Request: POST https://api.telegram.org/bot7695646239:AAGX5Tb3rabk6W0ZHahBrI1qO__k_g0S-vA/getUpdates "HTTP/1.1 200 OK"
2025-04-15 00:39:27,889 - httpx - INFO - HTTP Request: POST https://api.telegram.org/bot7695646239:AAGX5Tb3rabk6W0ZHahBrI1qO__k_g0S-vA/getUpdates "HTTP/1.1 200 OK"
2025-04-15 00:39:37,957 - httpx - INFO - HTTP Request: POST https://api.telegram.org/bot7695646239:AAGX5Tb3rabk6W0ZHahBrI1qO__k_g0S-vA/getUpdates "HTTP/1.1 200 OK"
2025-04-15 00:39:48,012 - httpx - INFO - HTTP Request: POST https://api.telegram.org/bot7695646239:AAGX5Tb3rabk6W0ZHahBrI1qO__k_g0S-vA/getUpdates "HTTP/1.1 200 OK"
2025-04-15 00:39:58,075 - httpx - INFO - HTTP Request: POST https://api.telegram.org/bot7695646239:AAGX5Tb3rabk6W0ZHahBrI1qO__k_g0S-vA/getUpdates "HTTP/1.1 200 OK"
2025-04-15 00:40:08,134 - httpx - INFO - HTTP Request: POST https://api.telegram.org/bot7695646239:AAGX5Tb3rabk6W0ZHahBrI1qO__k_g0S-vA/getUpdates "HTTP/1.1 200 OK"
2025-04-15 00:40:18,202 - httpx - INFO - HTTP Request: POST https://api.telegram.org/bot7695646239:AAGX5Tb3rabk6W0ZHahBrI1qO__k_g0S-vA/getUpdates "HTTP/1.1 200 OK"
2025-04-15 00:40:28,265 - httpx - INFO - HTTP Request: POST https://api.telegram.org/bot7695646239:AAGX5Tb3rabk6W0ZHahBrI1qO__k_g0S-vA/getUpdates "HTTP/1.1 200 OK"
2025-04-15 00:40:38,332 - httpx - INFO - HTTP Request: POST https://api.telegram.org/bot7695646239:AAGX5Tb3rabk6W0ZHahBrI1qO__k_g0S-vA/getUpdates "HTTP/1.1 200 OK"
2025-04-15 00:40:48,392 - httpx - INFO - HTTP Request: POST https://api.telegram.org/bot7695646239:AAGX5Tb3rabk6W0ZHahBrI1qO__k_g0S-vA/getUpdates "HTTP/1.1 200 OK"
